9896
sjol 0
sqol 1
sool 2
slol 3
s6ol 4
s2ol 5
shol 6
scol 7
smol 8
saol 9
sfol 10
siol 11
seol 12
s7ol 13
srol 14
skol 15
sbol 16
suol 17
svol 18
s0ol 19
s5ol 20
spol 21
s8ol 22
s4ol 23
snol 24
s9ol 25
sgol 26
szol 27
ssol 28
syol 29
sdol 0
s3ol 1
s1ol 2
swll 3
stll 4
sxll 5
sjll 6
sqll 7
soll 8
slll 9
s6ll 10
s2ll 11
shll 12
scll 13
smll 14
sall 15
sfll 16
sill 17
sell 18
s7ll 19
srll 20
skll 21
sbll 22
sull 23
svll 24
s0ll 25
s5ll 26
spll 27
s8ll 28
s4ll 29
snll 0
s9ll 1
sgll 2
szll 3
ssll 4
syll 5
sdll 6
s3ll 7
s1ll 8
sw6l 9
st6l 10
sx6l 11
sj6l 12
sq6l 13
so6l 14
sl6l 15
s66l 16
s26l 17
sh6l 18
sc6l 19
sm6l 20
sa6l 21
sf6l 22
si6l 23
se6l 24
s76l 25
sr6l 26
sk6l 27
sb6l 28
su6l 29
sv6l 0
s06l 1
s56l 2
sp6l 3
s86l 4
s46l 5
sn6l 6
s96l 7
sg6l 8
sz6l 9
cs6l 10
snmo 11
s9mo 12
sgmo 13
szmo 14
ssmo 15
symo 16
sdmo 17
s3mo 18
s1mo 19
swao 20
stao 21
sxao 22
sjao 23
sqao 24
soao 25
slao 26
s6ao 27
s2ao 28
shao 29
scao 0
smao 1
saao 2
sfao 3
siao 4
seao 5
s7ao 6
srao 7
skao 8
sbao 9
suao 10
svao 11
s0ao 12
s5ao 13
spao 14
s8ao 15
s4ao 16
snao 17
s9ao 18
sgao 19
szao 20
ssao 21
syao 22
sdao 23
s3ao 24
s1ao 25
swfo 26
stfo 27
sxfo 28
sjfo 29
sqfo 0
sofo 1
slfo 2
s6fo 3
s2fo 4
shfo 5
scfo 6
smfo 7
safo 8
sffo 9
sifo 10
sefo 11
s7fo 12
srfo 13
skfo 14
sbfo 15
sufo 16
svfo 17
s0fo 18
s5fo 19
spfo 20
s8fo 21
s4fo 22
snfo 23
s9fo 24
sgfo 25
szfo 26
ssfo 27
syfo 28
sdfo 29
s3fo 0
s1fo 1
swio 2
stio 3
sxio 4
sjio 5
sqio 6
soio 7
slio 8
s6io 9
s2io 10
shio 11
scio 12
smio 13
saio 14
sfio 15
siio 16
seio 17
s7io 18
srio 19
skio 20
cbio 21
soro 22
slro 23
s6ro 24
s2ro 25
shro 26
scro 27
smro 28
saro 29
sfro 0
siro 1
sero 2
s7ro 3
srro 4
skro 5
sbro 6
suro 7
svro 8
s0ro 9
s5ro 10
spro 11
s8ro 12
s4ro 13
snro 14
s9ro 15
sgro 16
szro 17
ssro 18
syro 19
sdro 20
s3ro 21
s1ro 22
swko 23
stko 24
sxko 25
sjko 26
sqko 27
soko 28
slko 29
s6ko 0
s2ko 1
shko 2
scko 3
smko 4
sako 5
sfko 6
siko 7
seko 8
s7ko 9
srko 10
skko 11
sbko 12
suko 13
svko 14
s0ko 15
s5ko 16
spko 17
s8ko 18
s4ko 19
snko 20
s9ko 21
sgko 22
szko 23
ssko 24
syko 25
sdko 26
s3ko 27
s1ko 28
swbo 29
stbo 0
sxbo 1
sjbo 2
sqbo 3
sobo 4
slbo 5
s6bo 6
s2bo 7
shbo 8
scbo 9
smbo 10
sabo 11
sfbo 12
sibo 13
sebo 14
s7bo 15
srbo 16
skbo 17
sbbo 18
subo 19
svbo 20
s0bo 21
s5bo 22
spbo 23
s8bo 24
s4bo 25
snbo 26
s9bo 27
sgbo 28
szbo 29
ssbo 0
sybo 1
cdbo 2
swc6 3
stc6 4
sxc6 5
sjc6 6
sqc6 7
soc6 8
slc6 9
s6c6 10
s2c6 11
shc6 12
scc6 13
smc6 14
sac6 15
sfc6 16
sic6 17
sec6 18
s7c6 19
src6 20
skc6 21
sbc6 22
suc6 23
svc6 24
s0c6 25
s5c6 26
spc6 27
s8c6 28
s4c6 29
snc6 0
s9c6 1
sgc6 2
szc6 3
ssc6 4
syc6 5
sdc6 6
s3c6 7
s1c6 8
swm6 9
stm6 10
sxm6 11
sjm6 12
sqm6 13
som6 14
slm6 15
s6m6 16
s2m6 17
shm6 18
scm6 19
smm6 20
sam6 21
sfm6 22
sim6 23
sem6 24
s7m6 25
srm6 26
skm6 27
sbm6 28
sum6 29
svm6 0
s0m6 1
s5m6 2
spm6 3
s8m6 4
s4m6 5
snm6 6
s9m6 7
sgm6 8
szm6 9
ssm6 10
sym6 11
sdm6 12
s3m6 13
s1m6 14
swa6 15
sta6 16
sxa6 17
sja6 18
sqa6 19
soa6 20
sla6 21
s6a6 22
s2a6 23
sha6 24
sca6 25
sma6 26
saa6 27
sfa6 28
sia6 29
sea6 0
s7a6 1
sra6 2
ska6 3
sba6 4
sua6 5
sva6 6
s0a6 7
s5a6 8
spa6 9
s8a6 10
s4a6 11
sna6 12
c9a6 13
sl5o 14
s65o 15
s25o 16
sh5o 17
sc5o 18
sm5o 19
sa5o 20
sf5o 21
si5o 22
se5o 23
s75o 24
sr5o 25
sk5o 26
sb5o 27
su5o 28
sv5o 29
s05o 0
s55o 1
sp5o 2
s85o 3
s45o 4
sn5o 5
s95o 6
sg5o 7
sz5o 8
ss5o 9
sy5o 10
sd5o 11
s35o 12
s15o 13
swpo 14
stpo 15
sxpo 16
sjpo 17
sqpo 18
sopo 19
slpo 20
s6po 21
s2po 22
shpo 23
scpo 24
smpo 25
sapo 26
sfpo 27
sipo 28
sepo 29
s7po 0
srpo 1
skpo 2
sbpo 3
supo 4
svpo 5
s0po 6
s5po 7
sppo 8
s8po 9
s4po 10
snpo 11
s9po 12
sgpo 13
szpo 14
sspo 15
sypo 16
sdpo 17
s3po 18
s1po 19
sw8o 20
st8o 21
sx8o 22
sj8o 23
sq8o 24
so8o 25
sl8o 26
s68o 27
s28o 28
sh8o 29
sc8o 0
sm8o 1
sa8o 2
sf8o 3
si8o 4
se8o 5
s78o 6
sr8o 7
sk8o 8
sb8o 9
su8o 10
sv8o 11
s08o 12
s58o 13
sp8o 14
s88o 15
s48o 16
sn8o 17
s98o 18
sg8o 19
sz8o 20
ss8o 21
sy8o 22
sd8o 23
c38o 24
syfq 25
sdfq 26
s3fq 27
s1fq 28
swiq 29
stiq 0
sxiq 1
sjiq 2
sqiq 3
soiq 4
sliq 5
s6iq 6
s2iq 7
shiq 8
sciq 9
smiq 10
saiq 11
sfiq 12
siiq 13
seiq 14
s7iq 15
sriq 16
skiq 17
sbiq 18
suiq 19
sviq 20
s0iq 21
s5iq 22
spiq 23
s8iq 24
s4iq 25
sniq 26
s9iq 27
sgiq 28
sziq 29
ssiq 0
syiq 1
sdiq 2
s3iq 3
s1iq 4
sweq 5
steq 6
sxeq 7
sjeq 8
sqeq 9
soeq 10
sleq 11
s6eq 12
s2eq 13
sheq 14
sceq 15
smeq 16
saeq 17
sfeq 18
sieq 19
seeq 20
s7eq 21
sreq 22
skeq 23
sbeq 24
sueq 25
sveq 26
s0eq 27
s5eq 28
speq 29
s8eq 0
s4eq 1
sneq 2
s9eq 3
sgeq 4
szeq 5
sseq 6
syeq 7
sdeq 8
s3eq 9
s1eq 10
sw7q 11
st7q 12
sx7q 13
sj7q 14
sq7q 15
so7q 16
sl7q 17
s67q 18
s27q 19
sh7q 20
sc7q 21
sm7q 22
sa7q 23
sf7q 24
si7q 25
se7q 26
s77q 27
sr7q 28
sk7q 29
sb7q 0
su7q 1
sv7q 2
s07q 3
s57q 4
cp7q 5
saf 6
sff 7
sif 8
sef 9
s7f 10
srf 11
skf 12
sbf 13
suf 14
svf 15
s0f 16
s5f 17
spf 18
s8f 19
s4f 20
snf 21
s9f 22
sgf 23
szf 24
ssf 25
syf 26
sdf 27
s3f 28
s1f 29
swi 0
sti 1
sxi 2
sji 3
sqi 4
soi 5
sli 6
s6i 7
s2i 8
shi 9
sci 10
smi 11
sai 12
sfi 13
sii 14
sei 15
s7i 16
sri 17
ski 18
sbi 19
sui 20
svi 21
s0i 22
s5i 23
spi 24
s8i 25
s4i 26
sni 27
s9i 28
sgi 29
szi 0
ssi 1
syi 2
sdi 3
s3i 4
s1i 5
swe 6
ste 7
sxe 8
sje 9
sqe 10
soe 11
sle 12
s6e 13
s2e 14
she 15
sce 16
sme 17
sae 18
sfe 19
sie 20
see 21
s7e 22
sre 23
ske 24
sbe 25
sue 26
sve 27
s0e 28
s5e 29
spe 0
s8e 1
s4e 2
sne 3
s9e 4
sge 5
sze 6
sse 7
sye 8
sde 9
s3e 10
s1e 11
sw7 12
st7 13
sx7 14
sj7 15
cq7 16
so7 17
sl7 18
s67 19
s27 20
sh7 21
sc7 22
sm7 23
sa7 24
sf7 25
si7 26
se7 27
s77 28
sr7 29
sk7 0
sb7 1
su7 2
sv7 3
s07 4
s57 5
sp7 6
s87 7
s47 8
sn7 9
s97 10
sg7 11
sz7 12
ss7 13
sy7 14
sd7 15
s37 16
s17 17
swr 18
str 19
sxr 20
sjr 21
sqr 22
sor 23
slr 24
s6r 25
s2r 26
shr 27
scr 28
smr 29
sar 0
sfr 1
sir 2
ser 3
s7r 4
srr 5
skr 6
sbr 7
sur 8
svr 9
s0r 10
s5r 11
spr 12
s8r 13
s4r 14
snr 15
s9r 16
sgr 17
szr 18
ssr 19
syr 20
sdr 21
s3r 22
s1r 23
swk 24
stk 25
sxk 26
sjk 27
sqk 28
sok 29
slk 0
s6k 1
s2k 2
shk 3
sck 4
smk 5
sak 6
sfk 7
sik 8
sek 9
s7k 10
srk 11
skk 12
sbk 13
suk 14
svk 15
s0k 16
s5k 17
spk 18
s8k 19
s4k 20
snk 21
s9k 22
sgk 23
szk 24
ssk 25
syk 26
cdk 27
s2cq 28
shcq 29
sccq 0
smcq 1
sacq 2
sfcq 3
sicq 4
secq 5
s7cq 6
srcq 7
skcq 8
sbcq 9
sucq 10
svcq 11
s0cq 12
s5cq 13
spcq 14
s8cq 15
s4cq 16
sncq 17
s9cq 18
sgcq 19
szcq 20
sscq 21
sycq 22
sdcq 23
s3cq 24
s1cq 25
swmq 26
stmq 27
sxmq 28
sjmq 29
sqmq 0
somq 1
slmq 2
s6mq 3
s2mq 4
shmq 5
scmq 6
smmq 7
samq 8
sfmq 9
simq 10
semq 11
s7mq 12
srmq 13
skmq 14
sbmq 15
sumq 16
svmq 17
s0mq 18
s5mq 19
spmq 20
s8mq 21
s4mq 22
snmq 23
s9mq 24
sgmq 25
szmq 26
ssmq 27
symq 28
sdmq 29
s3mq 0
s1mq 1
swaq 2
staq 3
sxaq 4
sjaq 5
sqaq 6
soaq 7
slaq 8
s6aq 9
s2aq 10
shaq 11
scaq 12
smaq 13
saaq 14
sfaq 15
siaq 16
seaq 17
s7aq 18
sraq 19
skaq 20
sbaq 21
suaq 22
svaq 23
s0aq 24
s5aq 25
spaq 26
s8aq 27
s4aq 28
snaq 29
s9aq 0
sgaq 1
szaq 2
ssaq 3
syaq 4
sdaq 5
s3aq 6
s1aq 7
cwfq 8
sxl6 9
sjl6 10
sql6 11
sol6 12
sll6 13
s6l6 14
s2l6 15
shl6 16
scl6 17
sml6 18
sal6 19
sfl6 20
sil6 21
sel6 22
s7l6 23
srl6 24
skl6 25
sbl6 26
sul6 27
svl6 28
s0l6 29
s5l6 0
spl6 1
s8l6 2
s4l6 3
snl6 4
s9l6 5
sgl6 6
szl6 7
ssl6 8
syl6 9
sdl6 10
s3l6 11
s1l6 12
sw66 13
st66 14
sx66 15
sj66 16
sq66 17
so66 18
sl66 19
s666 20
s266 21
sh66 22
sc66 23
sm66 24
sa66 25
sf66 26
si66 27
se66 28
s766 29
sr66 0
sk66 1
sb66 2
su66 3
sv66 4
s066 5
s566 6
sp66 7
s866 8
s466 9
sn66 10
s966 11
sg66 12
sz66 13
ss66 14
sy66 15
sd66 16
s366 17
s166 18
sw26 19
st26 20
sx26 21
sj26 22
sq26 23
so26 24
sl26 25
s626 26
s226 27
sh26 28
sc26 29
sm26 0
sa26 1
sf26 2
si26 3
se26 4
s726 5
sr26 6
sk26 7
sb26 8
su26 9
sv26 10
s026 11
s526 12
sp26 13
s826 14
s426 15
sn26 16
s926 17
sg26 18
cz26 19
se6q 20
s76q 21
sr6q 22
sk6q 23
sb6q 24
su6q 25
sv6q 26
s06q 27
s56q 28
sp6q 29
s86q 0
s46q 1
sn6q 2
s96q 3
sg6q 4
sz6q 5
ss6q 6
sy6q 7
sd6q 8
s36q 9
s16q 10
sw2q 11
st2q 12
sx2q 13
sj2q 14
sq2q 15
so2q 16
sl2q 17
s62q 18
s22q 19
sh2q 20
sc2q 21
sm2q 22
sa2q 23
sf2q 24
si2q 25
se2q 26
s72q 27
sr2q 28
sk2q 29
sb2q 0
su2q 1
sv2q 2
s02q 3
s52q 4
sp2q 5
s82q 6
s42q 7
sn2q 8
s92q 9
sg2q 10
sz2q 11
ss2q 12
sy2q 13
sd2q 14
s32q 15
s12q 16
swhq 17
sthq 18
sxhq 19
sjhq 20
sqhq 21
sohq 22
slhq 23
s6hq 24
s2hq 25
shhq 26
schq 27
smhq 28
sahq 29
sfhq 0
sihq 1
sehq 2
s7hq 3
srhq 4
skhq 5
sbhq 6
suhq 7
svhq 8
s0hq 9
s5hq 10
sphq 11
s8hq 12
s4hq 13
snhq 14
s9hq 15
sghq 16
szhq 17
sshq 18
syhq 19
sdhq 20
s3hq 21
s1hq 22
swcq 23
stcq 24
sxcq 25
sjcq 26
sqcq 27
socq 28
slcq 29
c6cq 0
so5 1
sl5 2
s65 3
s25 4
sh5 5
sc5 6
sm5 7
sa5 8
sf5 9
si5 10
se5 11
s75 12
sr5 13
sk5 14
sb5 15
su5 16
sv5 17
s05 18
s55 19
sp5 20
s85 21
s45 22
sn5 23
s95 24
sg5 25
sz5 26
ss5 27
sy5 28
sd5 29
s35 0
s15 1
swp 2
stp 3
sxp 4
sjp 5
sqp 6
sop 7
slp 8
s6p 9
s2p 10
shp 11
scp 12
smp 13
sap 14
sfp 15
sip 16
sep 17
s7p 18
srp 19
skp 20
sbp 21
sup 22
svp 23
s0p 24
s5p 25
spp 26
s8p 27
s4p 28
snp 29
s9p 0
sgp 1
szp 2
ssp 3
syp 4
sdp 5
s3p 6
s1p 7
sw8 8
st8 9
sx8 10
sj8 11
sq8 12
so8 13
sl8 14
s68 15
s28 16
sh8 17
sc8 18
sm8 19
sa8 20
sf8 21
si8 22
se8 23
s78 24
sr8 25
sk8 26
sb8 27
su8 28
sv8 29
s08 0
s58 1
sp8 2
s88 3
s48 4
sn8 5
s98 6
sg8 7
sz8 8
ss8 9
sy8 10
cd8 11
s0qq 12
s5qq 13
spqq 14
s8qq 15
s4qq 16
snqq 17
s9qq 18
sgqq 19
szqq 20
ssqq 21
syqq 22
sdqq 23
s3qq 24
s1qq 25
swoq 26
stoq 27
sxoq 28
sjoq 29
sqoq 0
sooq 1
sloq 2
s6oq 3
s2oq 4
shoq 5
scoq 6
smoq 7
saoq 8
sfoq 9
sioq 10
seoq 11
s7oq 12
sroq 13
skoq 14
sboq 15
suoq 16
svoq 17
s0oq 18
s5oq 19
spoq 20
s8oq 21
s4oq 22
snoq 23
s9oq 24
sgoq 25
szoq 26
ssoq 27
syoq 28
sdoq 29
s3oq 0
s1oq 1
swlq 2
stlq 3
sxlq 4
sjlq 5
sqlq 6
solq 7
sllq 8
s6lq 9
s2lq 10
shlq 11
sclq 12
smlq 13
salq 14
sflq 15
silq 16
selq 17
s7lq 18
srlq 19
sklq 20
sblq 21
sulq 22
svlq 23
s0lq 24
s5lq 25
splq 26
s8lq 27
s4lq 28
snlq 29
s9lq 0
sglq 1
szlq 2
sslq 3
sylq 4
sdlq 5
s3lq 6
s1lq 7
sw6q 8
st6q 9
sx6q 10
sj6q 11
sq6q 12
so6q 13
sl6q 14
s66q 15
s26q 16
sh6q 17
sc6q 18
sm6q 19
sa6q 20
sf6q 21
ci6q 22
son 23
sln 24
s6n 25
s2n 26
shn 27
scn 28
smn 29
san 0
sfn 1
sin 2
sen 3
s7n 4
srn 5
skn 6
sbn 7
sun 8
svn 9
s0n 10
s5n 11
spn 12
s8n 13
s4n 14
snn 15
s9n 16
sgn 17
szn 18
ssn 19
syn 20
sdn 21
s3n 22
s1n 23
sw9 24
st9 25
sx9 26
sj9 27
sq9 28
so9 29
sl9 0
s69 1
s29 2
sh9 3
sc9 4
sm9 5
sa9 6
sf9 7
si9 8
se9 9
s79 10
sr9 11
sk9 12
sb9 13
su9 14
sv9 15
s09 16
s59 17
sp9 18
s89 19
s49 20
sn9 21
s99 22
sg9 23
sz9 24
ss9 25
sy9 26
sd9 27
s39 28
s19 29
swg 0
stg 1
sxg 2
sjg 3
sqg 4
sog 5
slg 6
s6g 7
s2g 8
shg 9
scg 10
smg 11
sag 12
sfg 13
sig 14
seg 15
s7g 16
srg 17
skg 18
sbg 19
sug 20
svg 21
s0g 22
s5g 23
spg 24
s8g 25
s4g 26
sng 27
s9g 28
sgg 29
szg 0
ssg 1
syg 2
cdg 3
sr3j 4
sk3j 5
sb3j 6
su3j 7
sv3j 8
s03j 9
s53j 10
sp3j 11
s83j 12
s43j 13
sn3j 14
s93j 15
sg3j 16
sz3j 17
ss3j 18
sy3j 19
sd3j 20
s33j 21
s13j 22
sw1j 23
st1j 24
sx1j 25
sj1j 26
sq1j 27
so1j 28
sl1j 29
s61j 0
s21j 1
sh1j 2
sc1j 3
sm1j 4
sa1j 5
sf1j 6
si1j 7
se1j 8
s71j 9
sr1j 10
sk1j 11
sb1j 12
su1j 13
sv1j 14
s01j 15
s51j 16
sp1j 17
s81j 18
s41j 19
sn1j 20
s91j 21
sg1j 22
sz1j 23
ss1j 24
sy1j 25
sd1j 26
s31j 27
s11j 28
swwq 29
stwq 0
sxwq 1
sjwq 2
sqwq 3
sowq 4
slwq 5
s6wq 6
s2wq 7
shwq 8
scwq 9
smwq 10
sawq 11
sfwq 12
siwq 13
sewq 14
s7wq 15
srwq 16
skwq 17
sbwq 18
suwq 19
svwq 20
s0wq 21
s5wq 22
spwq 23
s8wq 24
s4wq 25
snwq 26
s9wq 27
sgwq 28
szwq 29
sswq 0
sywq 1
sdwq 2
s3wq 3
s1wq 4
swtq 5
sttq 6
sxtq 7
sjtq 8
sqtq 9
sotq 10
sltq 11
s6tq 12
s2tq 13
chtq 14
s4d 15
snd 16
s9d 17
sgd 18
szd 19
ssd 20
syd 21
sdd 22
s3d 23
s1d 24
sw3 25
st3 26
sx3 27
sj3 28
sq3 29
so3 0
sl3 1
s63 2
s23 3
sh3 4
sc3 5
sm3 6
sa3 7
sf3 8
si3 9
se3 10
s73 11
sr3 12
sk3 13
sb3 14
su3 15
sv3 16
s03 17
s53 18
sp3 19
s83 20
s43 21
sn3 22
s93 23
sg3 24
sz3 25
ss3 26
sy3 27
sd3 28
s33 29
s13 0
sw1 1
st1 2
sx1 3
sj1 4
sq1 5
so1 6
sl1 7
s61 8
s21 9
sh1 10
sc1 11
sm1 12
sa1 13
sf1 14
si1 15
se1 16
s71 17
sr1 18
sk1 19
sb1 20
su1 21
sv1 22
s01 23
s51 24
sp1 25
s81 26
s41 27
sn1 28
s91 29
sg1 0
sz1 1
ss1 2
sy1 3
sd1 4
s31 5
s11 6
swwt 7
stwt 8
sxwt 9
sjwt 10
sqwt 11
sowt 12
slwt 13
s6wt 14
s2wt 15
shwt 16
scwt 17
smwt 18
sawt 19
sfwt 20
siwt 21
sewt 22
s7wt 23
srwt 24
ckwt 25
spsj 26
s8sj 27
s4sj 28
snsj 29
s9sj 0
sgsj 1
szsj 2
sssj 3
sysj 4
sdsj 5
s3sj 6
s1sj 7
swyj 8
styj 9
sxyj 10
sjyj 11
sqyj 12
soyj 13
slyj 14
s6yj 15
s2yj 16
shyj 17
scyj 18
smyj 19
sayj 20
sfyj 21
siyj 22
seyj 23
s7yj 24
sryj 25
skyj 26
sbyj 27
suyj 28
svyj 29
s0yj 0
s5yj 1
spyj 2
s8yj 3
s4yj 4
snyj 5
s9yj 6
sgyj 7
szyj 8
ssyj 9
syyj 10
sdyj 11
s3yj 12
s1yj 13
swdj 14
stdj 15
sxdj 16
sjdj 17
sqdj 18
sodj 19
sldj 20
s6dj 21
s2dj 22
shdj 23
scdj 24
smdj 25
sadj 26
sfdj 27
sidj 28
sedj 29
s7dj 0
srdj 1
skdj 2
sbdj 3
sudj 4
svdj 5
s0dj 6
s5dj 7
spdj 8
s8dj 9
s4dj 10
sndj 11
s9dj 12
sgdj 13
szdj 14
ssdj 15
sydj 16
sddj 17
s3dj 18
s1dj 19
sw3j 20
st3j 21
sx3j 22
sj3j 23
sq3j 24
so3j 25
sl3j 26
s63j 27
s23j 28
sh3j 29
sc3j 0
sm3j 1
sa3j 2
sf3j 3
si3j 4
se3j 5
c73j 6
sqx6 7
sox6 8
slx6 9
s6x6 10
s2x6 11
shx6 12
scx6 13
smx6 14
sax6 15
sfx6 16
six6 17
sex6 18
s7x6 19
srx6 20
skx6 21
sbx6 22
sux6 23
svx6 24
s0x6 25
s5x6 26
spx6 27
s8x6 28
s4x6 29
snx6 0
s9x6 1
sgx6 2
szx6 3
ssx6 4
syx6 5
sdx6 6
s3x6 7
s1x6 8
swj6 9
stj6 10
sxj6 11
sjj6 12
sqj6 13
soj6 14
slj6 15
s6j6 16
s2j6 17
shj6 18
scj6 19
smj6 20
saj6 21
sfj6 22
sij6 23
sej6 24
s7j6 25
srj6 26
skj6 27
sbj6 28
suj6 29
svj6 0
s0j6 1
s5j6 2
spj6 3
s8j6 4
s4j6 5
snj6 6
s9j6 7
sgj6 8
szj6 9
ssj6 10
syj6 11
sdj6 12
s3j6 13
s1j6 14
swq6 15
stq6 16
sxq6 17
sjq6 18
sqq6 19
soq6 20
slq6 21
s6q6 22
s2q6 23
shq6 24
scq6 25
smq6 26
saq6 27
sfq6 28
siq6 29
seq6 0
s7q6 1
srq6 2
skq6 3
sbq6 4
suq6 5
svq6 6
s0q6 7
s5q6 8
spq6 9
s8q6 10
s4q6 11
snq6 12
s9q6 13
sgq6 14
szq6 15
ssq6 16
cyq6 17
ss9j 18
sy9j 19
sd9j 20
s39j 21
s19j 22
swgj 23
stgj 24
sxgj 25
sjgj 26
sqgj 27
sogj 28
slgj 29
s6gj 0
s2gj 1
shgj 2
scgj 3
smgj 4
sagj 5
sfgj 6
sigj 7
segj 8
s7gj 9
srgj 10
skgj 11
sbgj 12
sugj 13
svgj 14
s0gj 15
s5gj 16
spgj 17
s8gj 18
s4gj 19
sngj 20
s9gj 21
sggj 22
szgj 23
ssgj 24
sygj 25
sdgj 26
s3gj 27
s1gj 28
swzj 29
stzj 0
sxzj 1
sjzj 2
sqzj 3
sozj 4
slzj 5
s6zj 6
s2zj 7
shzj 8
sczj 9
smzj 10
sazj 11
sfzj 12
sizj 13
sezj 14
s7zj 15
srzj 16
skzj 17
sbzj 18
suzj 19
svzj 20
s0zj 21
s5zj 22
spzj 23
s8zj 24
s4zj 25
snzj 26
s9zj 27
sgzj 28
szzj 29
sszj 0
syzj 1
sdzj 2
s3zj 3
s1zj 4
swsj 5
stsj 6
sxsj 7
sjsj 8
sqsj 9
sosj 10
slsj 11
s6sj 12
s2sj 13
shsj 14
scsj 15
smsj 16
sasj 17
sfsj 18
sisj 19
sesj 20
s7sj 21
srsj 22
sksj 23
sbsj 24
susj 25
svsj 26
s0sj 27
c5sj 28
s92t 29
sg2t 0
sz2t 1
ss2t 2
sy2t 3
sd2t 4
s32t 5
s12t 6
swht 7
stht 8
sxht 9
sjht 10
sqht 11
soht 12
slht 13
s6ht 14
s2ht 15
shht 16
scht 17
smht 18
saht 19
sfht 20
siht 21
seht 22
s7ht 23
srht 24
skht 25
sbht 26
suht 27
svht 28
s0ht 29
s5ht 0
spht 1
s8ht 2
s4ht 3
snht 4
s9ht 5
sght 6
szht 7
ssht 8
syht 9
sdht 10
s3ht 11
s1ht 12
swct 13
stct 14
sxct 15
sjct 16
sqct 17
soct 18
slct 19
s6ct 20
s2ct 21
shct 22
scct 23
smct 24
sact 25
sfct 26
sict 27
sect 28
s7ct 29
srct 0
skct 1
sbct 2
suct 3
svct 4
s0ct 5
s5ct 6
spct 7
s8ct 8
s4ct 9
snct 10
s9ct 11
sgct 12
szct 13
ssct 14
syct 15
sdct 16
s3ct 17
s1ct 18
swmt 19
stmt 20
sxmt 21
sjmt 22
sqmt 23
somt 24
slmt 25
s6mt 26
s2mt 27
shmt 28
scmt 29
smmt 0
samt 1
sfmt 2
simt 3
semt 4
s7mt 5
srmt 6
skmt 7
sbmt 8
cumt 9
sp7j 10
s87j 11
s47j 12
sn7j 13
s97j 14
sg7j 15
sz7j 16
ss7j 17
sy7j 18
sd7j 19
s37j 20
s17j 21
swrj 22
strj 23
sxrj 24
sjrj 25
sqrj 26
sorj 27
slrj 28
s6rj 29
s2rj 0
shrj 1
scrj 2
smrj 3
sarj 4
sfrj 5
sirj 6
serj 7
s7rj 8
srrj 9
skrj 10
sbrj 11
surj 12
svrj 13
s0rj 14
s5rj 15
sprj 16
s8rj 17
s4rj 18
snrj 19
s9rj 20
sgrj 21
szrj 22
ssrj 23
syrj 24
sdrj 25
s3rj 26
s1rj 27
swkj 28
stkj 29
sxkj 0
sjkj 1
sqkj 2
sokj 3
slkj 4
s6kj 5
s2kj 6
shkj 7
sckj 8
smkj 9
sakj 10
sfkj 11
sikj 12
sekj 13
s7kj 14
srkj 15
skkj 16
sbkj 17
sukj 18
svkj 19
s0kj 20
s5kj 21
spkj 22
s8kj 23
s4kj 24
snkj 25
s9kj 26
sgkj 27
szkj 28
sskj 29
sykj 0
sdkj 1
s3kj 2
s1kj 3
swbj 4
stbj 5
sxbj 6
sjbj 7
sqbj 8
sobj 9
slbj 10
s6bj 11
s2bj 12
shbj 13
scbj 14
smbj 15
sabj 16
sfbj 17
sibj 18
sebj 19
c7bj 20
seul 21
s7ul 22
srul 23
skul 24
sbul 25
suul 26
svul 27
s0ul 28
s5ul 29
spul 0
s8ul 1
s4ul 2
snul 3
s9ul 4
sgul 5
szul 6
ssul 7
syul 8
sdul 9
s3ul 10
s1ul 11
swvl 12
stvl 13
sxvl 14
sjvl 15
sqvl 16
sovl 17
slvl 18
s6vl 19
s2vl 20
shvl 21
scvl 22
smvl 23
savl 24
sfvl 25
sivl 26
sevl 27
s7vl 28
srvl 29
skvl 0
sbvl 1
suvl 2
svvl 3
s0vl 4
s5vl 5
spvl 6
s8vl 7
s4vl 8
snvl 9
s9vl 10
sgvl 11
szvl 12
ssvl 13
syvl 14
sdvl 15
s3vl 16
s1vl 17
sw0l 18
st0l 19
sx0l 20
sj0l 21
sq0l 22
so0l 23
sl0l 24
s60l 25
s20l 26
sh0l 27
sc0l 28
sm0l 29
sa0l 0
sf0l 1
si0l 2
se0l 3
s70l 4
sr0l 5
sk0l 6
sb0l 7
su0l 8
sv0l 9
s00l 10
s50l 11
sp0l 12
s80l 13
s40l 14
sn0l 15
s90l 16
sg0l 17
sz0l 18
ss0l 19
sy0l 20
sd0l 21
s30l 22
s10l 23
sw5l 24
st5l 25
sx5l 26
sj5l 27
sq5l 28
so5l 29
sl5l 0
c65l 1
sg6j 2
sz6j 3
ss6j 4
sy6j 5
sd6j 6
s36j 7
s16j 8
sw2j 9
st2j 10
sx2j 11
sj2j 12
sq2j 13
so2j 14
sl2j 15
s62j 16
s22j 17
sh2j 18
sc2j 19
sm2j 20
sa2j 21
sf2j 22
si2j 23
se2j 24
s72j 25
sr2j 26
sk2j 27
sb2j 28
su2j 29
sv2j 0
s02j 1
s52j 2
sp2j 3
s82j 4
s42j 5
sn2j 6
s92j 7
sg2j 8
sz2j 9
ss2j 10
sy2j 11
sd2j 12
s32j 13
s12j 14
swhj 15
sthj 16
sxhj 17
sjhj 18
sqhj 19
sohj 20
slhj 21
s6hj 22
s2hj 23
shhj 24
schj 25
smhj 26
sahj 27
sfhj 28
sihj 29
sehj 0
s7hj 1
srhj 2
skhj 3
sbhj 4
suhj 5
svhj 6
s0hj 7
s5hj 8
sphj 9
s8hj 10
s4hj 11
snhj 12
s9hj 13
sghj 14
szhj 15
sshj 16
syhj 17
sdhj 18
s3hj 19
s1hj 20
swcj 21
stcj 22
sxcj 23
sjcj 24
sqcj 25
socj 26
slcj 27
s6cj 28
s2cj 29
shcj 0
sccj 1
smcj 2
sacj 3
sfcj 4
sicj 5
secj 6
s7cj 7
srcj 8
skcj 9
sbcj 10
sucj 11
cvcj 12
sy9o 13
sd9o 14
s39o 15
s19o 16
swgo 17
stgo 18
sxgo 19
sjgo 20
sqgo 21
sogo 22
slgo 23
s6go 24
s2go 25
shgo 26
scgo 27
smgo 28
sago 29
sfgo 0
sigo 1
sego 2
s7go 3
srgo 4
skgo 5
sbgo 6
sugo 7
svgo 8
s0go 9
s5go 10
spgo 11
s8go 12
s4go 13
sngo 14
s9go 15
sggo 16
szgo 17
ssgo 18
sygo 19
sdgo 20
s3go 21
s1go 22
swzo 23
stzo 24
sxzo 25
sjzo 26
sqzo 27
sozo 28
slzo 29
s6zo 0
s2zo 1
shzo 2
sczo 3
smzo 4
sazo 5
sfzo 6
sizo 7
sezo 8
s7zo 9
srzo 10
skzo 11
sbzo 12
suzo 13
svzo 14
s0zo 15
s5zo 16
spzo 17
s8zo 18
s4zo 19
snzo 20
s9zo 21
sgzo 22
szzo 23
sszo 24
syzo 25
sdzo 26
s3zo 27
s1zo 28
swso 29
stso 0
sxso 1
sjso 2
sqso 3
soso 4
slso 5
s6so 6
s2so 7
shso 8
scso 9
smso 10
saso 11
sfso 12
siso 13
seso 14
s7so 15
srso 16
skso 17
sbso 18
suso 19
svso 20
s0so 21
s5so 22
cpso 23
s44t 24
sn4t 25
s94t 26
sg4t 27
sz4t 28
ss4t 29
sy4t 0
sd4t 1
s34t 2
s14t 3
swnt 4
stnt 5
sxnt 6
sjnt 7
sqnt 8
sont 9
slnt 10
s6nt 11
s2nt 12
shnt 13
scnt 14
smnt 15
sant 16
sfnt 17
sint 18
sent 19
s7nt 20
srnt 21
sknt 22
sbnt 23
sunt 24
svnt 25
s0nt 26
s5nt 27
spnt 28
s8nt 29
s4nt 0
snnt 1
s9nt 2
sgnt 3
sznt 4
ssnt 5
synt 6
sdnt 7
s3nt 8
s1nt 9
sw9t 10
st9t 11
sx9t 12
sj9t 13
sq9t 14
so9t 15
sl9t 16
s69t 17
s29t 18
sh9t 19
sc9t 20
sm9t 21
sa9t 22
sf9t 23
si9t 24
se9t 25
s79t 26
sr9t 27
sk9t 28
sb9t 29
su9t 0
sv9t 1
s09t 2
s59t 3
sp9t 4
s89t 5
s49t 6
sn9t 7
s99t 8
sg9t 9
sz9t 10
ss9t 11
sy9t 12
sd9t 13
s39t 14
s19t 15
swgt 16
stgt 17
sxgt 18
sjgt 19
sqgt 20
sogt 21
slgt 22
s6gt 23
s2gt 24
shgt 25
scgt 26
smgt 27
sagt 28
sfgt 29
sigt 0
segt 1
s7gt 2
srgt 3
ckgt 4
sbgt 5
sugt 6
svgt 7
s0gt 8
s5gt 9
spgt 10
s8gt 11
s4gt 12
sngt 13
s9gt 14
sggt 15
szgt 16
ssgt 17
sygt 18
sdgt 19
s3gt 20
s1gt 21
swzt 22
stzt 23
sxzt 24
sjzt 25
sqzt 26
sozt 27
slzt 28
s6zt 29
s2zt 0
shzt 1
sczt 2
smzt 3
sazt 4
sfzt 5
sizt 6
sezt 7
s7zt 8
srzt 9
skzt 10
sbzt 11
suzt 12
svzt 13
s0zt 14
s5zt 15
spzt 16
s8zt 17
s4zt 18
snzt 19
s9zt 20
sgzt 21
szzt 22
sszt 23
syzt 24
sdzt 25
s3zt 26
s1zt 27
swst 28
stst 29
sxst 0
sjst 1
sqst 2
sost 3
slst 4
s6st 5
s2st 6
shst 7
scst 8
smst 9
sast 10
sfst 11
sist 12
sest 13
s7st 14
srst 15
skst 16
sbst 17
sust 18
svst 19
s0st 20
s5st 21
spst 22
s8st 23
s4st 24
snst 25
s9st 26
sgst 27
szst 28
ssst 29
syst 0
sdst 1
s3st 2
s1st 3
swyt 4
styt 5
sxyt 6
sjyt 7
sqyt 8
soyt 9
slyt 10
s6yt 11
s2yt 12
shyt 13
scyt 14
cmyt 15
s6xj 16
s2xj 17
shxj 18
scxj 19
smxj 20
saxj 21
sfxj 22
sixj 23
sexj 24
s7xj 25
srxj 26
skxj 27
sbxj 28
suxj 29
svxj 0
s0xj 1
s5xj 2
spxj 3
s8xj 4
s4xj 5
snxj 6
s9xj 7
sgxj 8
szxj 9
ssxj 10
syxj 11
sdxj 12
s3xj 13
s1xj 14
swjj 15
stjj 16
sxjj 17
sjjj 18
sqjj 19
sojj 20
sljj 21
s6jj 22
s2jj 23
shjj 24
scjj 25
smjj 26
sajj 27
sfjj 28
sijj 29
sejj 0
s7jj 1
srjj 2
skjj 3
sbjj 4
sujj 5
svjj 6
s0jj 7
s5jj 8
spjj 9
s8jj 10
s4jj 11
snjj 12
s9jj 13
sgjj 14
szjj 15
ssjj 16
syjj 17
sdjj 18
s3jj 19
s1jj 20
swqj 21
stqj 22
sxqj 23
sjqj 24
sqqj 25
soqj 26
slqj 27
s6qj 28
s2qj 29
shqj 0
scqj 1
smqj 2
saqj 3
sfqj 4
siqj 5
seqj 6
s7qj 7
srqj 8
skqj 9
sbqj 10
suqj 11
svqj 12
s0qj 13
s5qj 14
spqj 15
s8qj 16
s4qj 17
snqj 18
s9qj 19
sgqj 20
szqj 21
ssqj 22
syqj 23
sdqj 24
s3qj 25
c1qj 26
sbdt 27
sudt 28
svdt 29
s0dt 0
s5dt 1
spdt 2
s8dt 3
s4dt 4
sndt 5
s9dt 6
sgdt 7
szdt 8
ssdt 9
sydt 10
sddt 11
s3dt 12
s1dt 13
sw3t 14
st3t 15
sx3t 16
sj3t 17
sq3t 18
so3t 19
sl3t 20
s63t 21
s23t 22
sh3t 23
sc3t 24
sm3t 25
sa3t 26
sf3t 27
si3t 28
se3t 29
s73t 0
sr3t 1
sk3t 2
sb3t 3
su3t 4
sv3t 5
s03t 6
s53t 7
sp3t 8
s83t 9
s43t 10
sn3t 11
s93t 12
sg3t 13
sz3t 14
ss3t 15
sy3t 16
sd3t 17
s33t 18
s13t 19
sw1t 20
st1t 21
sx1t 22
sj1t 23
sq1t 24
so1t 25
sl1t 26
s61t 27
s21t 28
sh1t 29
sc1t 0
sm1t 1
sa1t 2
sf1t 3
si1t 4
se1t 5
s71t 6
sr1t 7
sk1t 8
sb1t 9
su1t 10
sv1t 11
s01t 12
s51t 13
sp1t 14
s81t 15
s41t 16
sn1t 17
s91t 18
sg1t 19
sz1t 20
ss1t 21
sy1t 22
sd1t 23
s31t 24
s11t 25
swwx 26
stwx 27
sxwx 28
sjwx 29
sqwx 0
sowx 1
slwx 2
s6wx 3
s2wx 4
shwx 5
scwx 6
cmwx 7
s8so 8
s4so 9
snso 10
s9so 11
sgso 12
szso 13
ssso 14
syso 15
sdso 16
s3so 17
s1so 18
swyo 19
styo 20
sxyo 21
sjyo 22
sqyo 23
soyo 24
slyo 25
s6yo 26
s2yo 27
shyo 28
scyo 29
smyo 0
sayo 1
sfyo 2
siyo 3
seyo 4
s7yo 5
sryo 6
skyo 7
sbyo 8
suyo 9
svyo 10
s0yo 11
s5yo 12
spyo 13
s8yo 14
s4yo 15
snyo 16
s9yo 17
sgyo 18
szyo 19
ssyo 20
syyo 21
sdyo 22
s3yo 23
s1yo 24
swdo 25
stdo 26
sxdo 27
sjdo 28
sqdo 29
sodo 0
sldo 1
s6do 2
s2do 3
shdo 4
scdo 5
smdo 6
sado 7
sfdo 8
sido 9
sedo 10
s7do 11
srdo 12
skdo 13
sbdo 14
sudo 15
svdo 16
s0do 17
s5do 18
spdo 19
s8do 20
s4do 21
sndo 22
s9do 23
sgdo 24
szdo 25
ssdo 26
sydo 27
sddo 28
s3do 29
s1do 0
sw3o 1
st3o 2
sx3o 3
sj3o 4
sq3o 5
so3o 6
sl3o 7
s63o 8
s23o 9
sh3o 10
sc3o 11
sm3o 12
sa3o 13
sf3o 14
si3o 15
se3o 16
s73o 17
cr3o 18
s1qx 19
swox 20
stox 21
sxox 22
sjox 23
sqox 24
soox 25
slox 26
s6ox 27
s2ox 28
shox 29
scox 0
smox 1
saox 2
sfox 3
siox 4
seox 5
s7ox 6
srox 7
skox 8
sbox 9
suox 10
svox 11
s0ox 12
s5ox 13
spox 14
s8ox 15
s4ox 16
snox 17
s9ox 18
sgox 19
szox 20
ssox 21
syox 22
sdox 23
s3ox 24
s1ox 25
swlx 26
stlx 27
sxlx 28
sjlx 29
sqlx 0
solx 1
sllx 2
s6lx 3
s2lx 4
shlx 5
sclx 6
smlx 7
salx 8
sflx 9
silx 10
selx 11
s7lx 12
srlx 13
sklx 14
sblx 15
sulx 16
svlx 17
s0lx 18
s5lx 19
splx 20
s8lx 21
s4lx 22
snlx 23
s9lx 24
sglx 25
szlx 26
sslx 27
sylx 28
sdlx 29
s3lx 0
s1lx 1
sw6x 2
st6x 3
sx6x 4
sj6x 5
sq6x 6
so6x 7
sl6x 8
s66x 9
s26x 10
sh6x 11
sc6x 12
sm6x 13
sa6x 14
sf6x 15
si6x 16
se6x 17
s76x 18
sr6x 19
sk6x 20
sb6x 21
su6x 22
sv6x 23
s06x 24
s56x 25
sp6x 26
s86x 27
s46x 28
cn6x 29
s96x 0
sg6x 1
sz6x 2
ss6x 3
sy6x 4
sd6x 5
s36x 6
s16x 7
sw2x 8
st2x 9
sx2x 10
sj2x 11
sq2x 12
so2x 13
sl2x 14
s62x 15
s22x 16
sh2x 17
sc2x 18
sm2x 19
sa2x 20
sf2x 21
si2x 22
se2x 23
s72x 24
sr2x 25
sk2x 26
sb2x 27
su2x 28
sv2x 29
s02x 0
s52x 1
sp2x 2
s82x 3
s42x 4
sn2x 5
s92x 6
sg2x 7
sz2x 8
ss2x 9
sy2x 10
sd2x 11
s32x 12
s12x 13
swhx 14
sthx 15
sxhx 16
sjhx 17
sqhx 18
sohx 19
slhx 20
s6hx 21
s2hx 22
shhx 23
schx 24
smhx 25
sahx 26
sfhx 27
sihx 28
sehx 29
s7hx 0
srhx 1
skhx 2
sbhx 3
suhx 4
svhx 5
s0hx 6
s5hx 7
sphx 8
s8hx 9
s4hx 10
snhx 11
s9hx 12
sghx 13
szhx 14
sshx 15
syhx 16
sdhx 17
s3hx 18
s1hx 19
swcx 20
stcx 21
sxcx 22
sjcx 23
sqcx 24
socx 25
slcx 26
s6cx 27
s2cx 28
shcx 29
sccx 0
smcx 1
sacx 2
sfcx 3
sicx 4
secx 5
s7cx 6
srcx 7
skcx 8
sbcx 9
cucx 10
seex 11
s7ex 12
srex 13
skex 14
sbex 15
suex 16
svex 17
s0ex 18
s5ex 19
spex 20
s8ex 21
s4ex 22
snex 23
s9ex 24
sgex 25
szex 26
ssex 27
syex 28
sdex 29
s3ex 0
s1ex 1
sw7x 2
st7x 3
sx7x 4
sj7x 5
sq7x 6
so7x 7
sl7x 8
s67x 9
s27x 10
sh7x 11
sc7x 12
sm7x 13
sa7x 14
sf7x 15
si7x 16
se7x 17
s77x 18
sr7x 19
sk7x 20
sb7x 21
su7x 22
sv7x 23
s07x 24
s57x 25
sp7x 26
s87x 27
s47x 28
sn7x 29
s97x 0
sg7x 1
sz7x 2
ss7x 3
sy7x 4
sd7x 5
s37x 6
s17x 7
swrx 8
strx 9
sxrx 10
sjrx 11
sqrx 12
sorx 13
slrx 14
s6rx 15
s2rx 16
shrx 17
scrx 18
smrx 19
sarx 20
sfrx 21
sirx 22
serx 23
s7rx 24
srrx 25
skrx 26
sbrx 27
surx 28
svrx 29
s0rx 0
s5rx 1
sprx 2
s8rx 3
s4rx 4
snrx 5
s9rx 6
sgrx 7
szrx 8
ssrx 9
syrx 10
sdrx 11
s3rx 12
s1rx 13
swkx 14
stkx 15
sxkx 16
sjkx 17
sqkx 18
sokx 19
slkx 20
c6kx 21
sszx 22
syzx 23
sdzx 24
s3zx 25
s1zx 26
swsx 27
stsx 28
sxsx 29
sjsx 0
sqsx 1
sosx 2
slsx 3
s6sx 4
s2sx 5
shsx 6
scsx 7
smsx 8
sasx 9
sfsx 10
sisx 11
sesx 12
s7sx 13
srsx 14
sksx 15
sbsx 16
susx 17
svsx 18
s0sx 19
s5sx 20
spsx 21
s8sx 22
s4sx 23
snsx 24
s9sx 25
sgsx 26
szsx 27
sssx 28
sysx 29
sdsx 0
s3sx 1
s1sx 2
swyx 3
styx 4
sxyx 5
sjyx 6
sqyx 7
soyx 8
slyx 9
s6yx 10
s2yx 11
shyx 12
scyx 13
smyx 14
sayx 15
sfyx 16
siyx 17
seyx 18
s7yx 19
sryx 20
skyx 21
sbyx 22
suyx 23
svyx 24
s0yx 25
s5yx 26
spyx 27
s8yx 28
s4yx 29
snyx 0
s9yx 1
sgyx 2
szyx 3
ssyx 4
syyx 5
sdyx 6
s3yx 7
s1yx 8
swdx 9
stdx 10
sxdx 11
sjdx 12
sqdx 13
sodx 14
sldx 15
s6dx 16
s2dx 17
shdx 18
scdx 19
smdx 20
sadx 21
sfdx 22
sidx 23
sedx 24
s7dx 25
srdx 26
skdx 27
sbdx 28
sudx 29
svdx 0
s0dx 1
c5dx 2
sp8x 3
s88x 4
s48x 5
sn8x 6
s98x 7
sg8x 8
sz8x 9
ss8x 10
sy8x 11
sd8x 12
s38x 13
s18x 14
sw4x 15
st4x 16
sx4x 17
sj4x 18
sq4x 19
so4x 20
sl4x 21
s64x 22
s24x 23
sh4x 24
sc4x 25
sm4x 26
sa4x 27
sf4x 28
si4x 29
se4x 0
s74x 1
sr4x 2
sk4x 3
sb4x 4
su4x 5
sv4x 6
s04x 7
s54x 8
sp4x 9
s84x 10
s44x 11
sn4x 12
s94x 13
sg4x 14
sz4x 15
ss4x 16
sy4x 17
sd4x 18
s34x 19
s14x 20
swnx 21
stnx 22
sxnx 23
sjnx 24
sqnx 25
sonx 26
slnx 27
s6nx 28
s2nx 29
shnx 0
scnx 1
smnx 2
sanx 3
sfnx 4
sinx 5
senx 6
s7nx 7
srnx 8
sknx 9
sbnx 10
sunx 11
svnx 12
s0nx 13
s5nx 14
spnx 15
s8nx 16
s4nx 17
snnx 18
s9nx 19
sgnx 20
sznx 21
ssnx 22
synx 23
sdnx 24
s3nx 25
s1nx 26
sw9x 27
st9x 28
sx9x 29
sj9x 0
sq9x 1
so9x 2
sl9x 3
s69x 4
s29x 5
sh9x 6
sc9x 7
sm9x 8
sa9x 9
sf9x 10
si9x 11
se9x 12
c79x 13
sxk6 14
sjk6 15
sqk6 16
sok6 17
slk6 18
s6k6 19
s2k6 20
shk6 21
sck6 22
smk6 23
sak6 24
sfk6 25
sik6 26
sek6 27
s7k6 28
srk6 29
skk6 0
sbk6 1
suk6 2
svk6 3
s0k6 4
s5k6 5
spk6 6
s8k6 7
s4k6 8
snk6 9
s9k6 10
sgk6 11
szk6 12
ssk6 13
syk6 14
sdk6 15
s3k6 16
s1k6 17
swb6 18
stb6 19
sxb6 20
sjb6 21
sqb6 22
sob6 23
slb6 24
s6b6 25
s2b6 26
shb6 27
scb6 28
smb6 29
sab6 0
sfb6 1
sib6 2
seb6 3
s7b6 4
srb6 5
skb6 6
sbb6 7
sub6 8
svb6 9
s0b6 10
s5b6 11
spb6 12
s8b6 13
s4b6 14
snb6 15
s9b6 16
sgb6 17
szb6 18
ssb6 19
syb6 20
sdb6 21
s3b6 22
s1b6 23
swu6 24
stu6 25
sxu6 26
sju6 27
squ6 28
sou6 29
slu6 0
s6u6 1
s2u6 2
shu6 3
scu6 4
smu6 5
sau6 6
sfu6 7
siu6 8
seu6 9
s7u6 10
sru6 11
sku6 12
sbu6 13
suu6 14
svu6 15
s0u6 16
s5u6 17
spu6 18
s8u6 19
s4u6 20
snu6 21
s9u6 22
sgu6 23
czu6 24
sq8j 25
co8j 26
sl8j 27
s68j 28
s28j 29
sh8j 0
sc8j 1
sm8j 2
sa8j 3
sf8j 4
si8j 5
se8j 6
s78j 7
sr8j 8
sk8j 9
sb8j 10
su8j 11
sv8j 12
s08j 13
s58j 14
sp8j 15
s88j 16
s48j 17
sn8j 18
s98j 19
sg8j 20
sz8j 21
ss8j 22
sy8j 23
sd8j 24
s38j 25
s18j 26
sw4j 27
st4j 28
sx4j 29
sj4j 0
sq4j 1
so4j 2
sl4j 3
s64j 4
s24j 5
sh4j 6
cc4j 7
s0ux 8
c5ux 9
spux 10
s8ux 11
s4ux 12
snux 13
s9ux 14
sgux 15
szux 16
ssux 17
syux 18
sdux 19
s3ux 20
s1ux 21
swvx 22
stvx 23
sxvx 24
sjvx 25
sqvx 26
sovx 27
slvx 28
s6vx 29
s2vx 0
shvx 1
scvx 2
smvx 3
savx 4
sfvx 5
sivx 6
sevx 7
s7vx 8
srvx 9
skvx 10
sbvx 11
suvx 12
svvx 13
s0vx 14
s5vx 15
spvx 16
s8vx 17
s4vx 18
snvx 19
c9vx 20
syjl 21
cdjl 22
s3jl 23
s1jl 24
swql 25
stql 26
sxql 27
sjql 28
sqql 29
soql 0
slql 1
s6ql 2
s2ql 3
shql 4
scql 5
smql 6
saql 7
sfql 8
siql 9
seql 10
s7ql 11
srql 12
skql 13
sbql 14
suql 15
svql 16
s0ql 17
s5ql 18
spql 19
s8ql 20
s4ql 21
snql 22
s9ql 23
sgql 24
szql 25
ssql 26
syql 27
sdql 28
s3ql 29
s1ql 0
swol 1
stol 2
cxol 3
s2kx 4
chkx 5
sckx 6
smkx 7
sakx 8
sfkx 9
sikx 10
sekx 11
s7kx 12
srkx 13
skkx 14
sbkx 15
sukx 16
svkx 17
s0kx 18
s5kx 19
spkx 20
s8kx 21
s4kx 22
snkx 23
s9kx 24
sgkx 25
szkx 26
sskx 27
sykx 28
sdkx 29
s3kx 0
s1kx 1
swbx 2
stbx 3
sxbx 4
sjbx 5
sqbx 6
sobx 7
slbx 8
s6bx 9
s2bx 10
shbx 11
scbx 12
smbx 13
sabx 14
sfbx 15
cibx 16
spdx 17
c8dx 18
s4dx 19
sndx 20
s9dx 21
sgdx 22
szdx 23
ssdx 24
sydx 25
sddx 26
s3dx 27
s1dx 28
sw3x 29
st3x 0
sx3x 1
sj3x 2
sq3x 3
so3x 4
sl3x 5
s63x 6
s23x 7
sh3x 8
sc3x 9
sm3x 10
sa3x 11
sf3x 12
si3x 13
se3x 14
s73x 15
sr3x 16
sk3x 17
sb3x 18
su3x 19
sv3x 20
s03x 21
s53x 22
sp3x 23
s83x 24
s43x 25
sn3x 26
s93x 27
sg3x 28
cz3x 29
sawx 0
cfwx 1
siwx 2
sewx 3
s7wx 4
srwx 5
skwx 6
sbwx 7
suwx 8
svwx 9
s0wx 10
s5wx 11
spwx 12
s8wx 13
s4wx 14
snwx 15
s9wx 16
sgwx 17
szwx 18
sswx 19
sywx 20
sdwx 21
s3wx 22
s1wx 23
swtx 24
sttx 25
sxtx 26
sjtx 27
sqtx 28
sotx 29
sltx 0
s6tx 1
s2tx 2
shtx 3
sctx 4
smtx 5
satx 6
sftx 7
sitx 8
setx 9
s7tx 10
srtx 11
cktx 12
sayt 13
cfyt 14
siyt 15
seyt 16
s7yt 17
sryt 18
skyt 19
sbyt 20
suyt 21
svyt 22
s0yt 23
s5yt 24
spyt 25
s8yt 26
s4yt 27
snyt 28
s9yt 29
sgyt 0
szyt 1
ssyt 2
syyt 3
sdyt 4
s3yt 5
s1yt 6
swdt 7
stdt 8
sxdt 9
sjdt 10
sqdt 11
sodt 12
sldt 13
s6dt 14
s2dt 15
shdt 16
scdt 17
smdt 18
sadt 19
sfdt 20
sidt 21
sedt 22
s7dt 23
srdt 24
ckdt 25
sb8t 26
cu8t 27
sv8t 28
s08t 29
s58t 0
sp8t 1
s88t 2
s48t 3
sn8t 4
s98t 5
sg8t 6
sz8t 7
ss8t 8
sy8t 9
sd8t 10
s38t 11
s18t 12
sw4t 13
st4t 14
sx4t 15
sj4t 16
sq4t 17
so4t 18
sl4t 19
s64t 20
s24t 21
sh4t 22
sc4t 23
sm4t 24
sa4t 25
sf4t 26
si4t 27
se4t 28
s74t 29
sr4t 0
sk4t 1
sb4t 2
su4t 3
sv4t 4
s04t 5
s54t 6
sp4t 7
c84t 8
scbl 9
smbl 10
sabl 11
sfbl 12
sibl 13
sebl 14
s7bl 15
srbl 16
skbl 17
sbbl 18
subl 19
svbl 20
s0bl 21
s5bl 22
spbl 23
s8bl 24
s4bl 25
snbl 26
s9bl 27
sgbl 28
szbl 29
ssbl 0
sybl 1
sdbl 2
s3bl 3
s1bl 4
swul 5
stul 6
sxul 7
sjul 8
squl 9
soul 10
slul 11
s6ul 12
s2ul 13
shul 14
scul 15
smul 16
saul 17
sful 18
ciul 19
scij 20
cmij 21
saij 22
sfij 23
siij 24
seij 25
s7ij 26
srij 27
skij 28
sbij 29
suij 0
svij 1
s0ij 2
s5ij 3
spij 4
s8ij 5
s4ij 6
snij 7
s9ij 8
sgij 9
szij 10
ssij 11
syij 12
sdij 13
s3ij 14
s1ij 15
swej 16
stej 17
sxej 18
sjej 19
sqej 20
soej 21
slej 22
s6ej 23
s2ej 24
shej 25
scej 26
smej 27
saej 28
sfej 29
siej 0
seej 1
c7ej 2
srej 3
ckej 4
sbej 5
suej 6
svej 7
s0ej 8
s5ej 9
spej 10
s8ej 11
s4ej 12
snej 13
s9ej 14
sgej 15
szej 16
ssej 17
syej 18
sdej 19
s3ej 20
s1ej 21
sw7j 22
st7j 23
sx7j 24
sj7j 25
sq7j 26
so7j 27
sl7j 28
s67j 29
s27j 0
sh7j 1
sc7j 2
sm7j 3
sa7j 4
sf7j 5
si7j 6
se7j 7
s77j 8
sr7j 9
sk7j 10
sb7j 11
su7j 12
sv7j 13
s07j 14
c57j 15
spft 16
c8ft 17
s4ft 18
snft 19
s9ft 20
sgft 21
szft 22
ssft 23
syft 24
sdft 25
s3ft 26
s1ft 27
swit 28
stit 29
sxit 0
sjit 1
sqit 2
soit 3
slit 4
s6it 5
s2it 6
shit 7
scit 8
smit 9
sait 10
sfit 11
siit 12
seit 13
s7it 14
srit 15
skit 16
sbit 17
suit 18
svit 19
s0it 20
s5it 21
spit 22
s8it 23
s4it 24
snit 25
s9it 26
sgit 27
czit 28
srbj 29
ckbj 0
sbbj 1
subj 2
svbj 3
s0bj 4
s5bj 5
spbj 6
s8bj 7
s4bj 8
snbj 9
s9bj 10
sgbj 11
szbj 12
ssbj 13
sybj 14
sdbj 15
s3bj 16
s1bj 17
swuj 18
stuj 19
sxuj 20
sjuj 21
squj 22
souj 23
sluj 24
s6uj 25
s2uj 26
shuj 27
scuj 28
smuj 29
sauj 0
sfuj 1
siuj 2
seuj 3
s7uj 4
sruj 5
skuj 6
sbuj 7
suuj 8
svuj 9
s0uj 10
c5uj 11
st 12
cx 13
sj 14
sq 15
so 16
sl 17
s6 18
s2 19
sh 20
sc 21
sm 22
sa 23
sf 24
si 25
se 26
s7 27
sr 28
sk 29
sb 0
su 1
sv 2
s0 3
s5 4
sp 5
s8 6
s4 7
sn 8
s9 9
sg 10
sz 11
ss 12
sy 13
sd 14
s3 15
s1 16
swt 17
stt 18
sxt 19
sjt 20
sqt 21
sot 22
slt 23
c6t 24
sbvj 25
cuvj 26
svvj 27
s0vj 28
s5vj 29
spvj 0
s8vj 1
s4vj 2
snvj 3
s9vj 4
sgvj 5
szvj 6
ssvj 7
syvj 8
sdvj 9
s3vj 10
s1vj 11
sw0j 12
st0j 13
sx0j 14
sj0j 15
sq0j 16
so0j 17
sl0j 18
s60j 19
s20j 20
sh0j 21
sc0j 22
sm0j 23
sa0j 24
sf0j 25
si0j 26
se0j 27
s70j 28
sr0j 29
sk0j 0
sb0j 1
su0j 2
sv0j 3
s00j 4
s50j 5
sp0j 6
c80j 7
s40j 8
cn0j 9
s90j 10
sg0j 11
sz0j 12
ss0j 13
sy0j 14
sd0j 15
s30j 16
s10j 17
sw5j 18
st5j 19
sx5j 20
sj5j 21
sq5j 22
so5j 23
sl5j 24
s65j 25
s25j 26
sh5j 27
sc5j 28
sm5j 29
sa5j 0
sf5j 1
si5j 2
se5j 3
s75j 4
sr5j 5
sk5j 6
sb5j 7
su5j 8
sv5j 9
s05j 10
s55j 11
sp5j 12
s85j 13
s45j 14
sn5j 15
s95j 16
sg5j 17
sz5j 18
ss5j 19
cy5j 20
sd5j 21
c35j 22
s15j 23
swpj 24
stpj 25
sxpj 26
sjpj 27
sqpj 28
sopj 29
slpj 0
s6pj 1
s2pj 2
shpj 3
scpj 4
smpj 5
sapj 6
sfpj 7
sipj 8
sepj 9
s7pj 10
srpj 11
skpj 12
sbpj 13
supj 14
svpj 15
s0pj 16
s5pj 17
sppj 18
s8pj 19
s4pj 20
snpj 21
s9pj 22
sgpj 23
szpj 24
sspj 25
sypj 26
sdpj 27
s3pj 28
s1pj 29
sw8j 0
st8j 1
sx8j 2
cj8j 3
sebx 4
c7bx 5
srbx 6
skbx 7
sbbx 8
subx 9
svbx 10
s0bx 11
s5bx 12
spbx 13
s8bx 14
s4bx 15
snbx 16
s9bx 17
sgbx 18
szbx 19
ssbx 20
sybx 21
sdbx 22
s3bx 23
s1bx 24
swux 25
stux 26
sxux 27
sjux 28
squx 29
soux 0
slux 1
s6ux 2
s2ux 3
shux 4
scux 5
smux 6
saux 7
sfux 8
siux 9
seux 10
s7ux 11
srux 12
skux 13
sbux 14
suux 15
cvux 16
sz4o 17
cs4o 18
sy4o 19
sd4o 20
s34o 21
s14o 22
swno 23
stno 24
sxno 25
sjno 26
sqno 27
sono 28
slno 29
s6no 0
s2no 1
shno 2
scno 3
smno 4
sano 5
sfno 6
sino 7
seno 8
s7no 9
srno 10
skno 11
sbno 12
suno 13
svno 14
s0no 15
s5no 16
spno 17
s8no 18
s4no 19
snno 20
s9no 21
sgno 22
szno 23
ssno 24
syno 25
sdno 26
s3no 27
s1no 28
cw9o 29
s1w6 0
swt6 1
stt6 2
sxt6 3
sjt6 4
sqt6 5
sot6 6
slt6 7
s6t6 8
s2t6 9
sht6 10
sct6 11
smt6 12
sat6 13
sft6 14
sit6 15
set6 16
s7t6 17
srt6 18
skt6 19
sbt6 20
sut6 21
svt6 22
s0t6 23
s5t6 24
spt6 25
s8t6 26
s4t6 27
snt6 28
s9t6 29
sgt6 0
szt6 1
sst6 2
syt6 3
sdt6 4
s3t6 5
s1t6 6
swx6 7
stx6 8
sxx6 9
cjx6 10
sdq6 11
s3q6 12
s1q6 13
swo6 14
sto6 15
sxo6 16
sjo6 17
sqo6 18
soo6 19
slo6 20
s6o6 21
s2o6 22
sho6 23
sco6 24
smo6 25
sao6 26
sfo6 27
sio6 28
seo6 29
s7o6 0
sro6 1
sko6 2
sbo6 3
suo6 4
svo6 5
s0o6 6
s5o6 7
spo6 8
s8o6 9
s4o6 10
sno6 11
s9o6 12
sgo6 13
szo6 14
sso6 15
syo6 16
sdo6 17
s3o6 18
s1o6 19
swl6 20
ctl6 21
sps 22
c8s 23
s4s 24
sns 25
s9s 26
sgs 27
szs 28
sss 29
sys 0
sds 1
s3s 2
s1s 3
swy 4
sty 5
sxy 6
sjy 7
sqy 8
soy 9
sly 10
s6y 11
s2y 12
shy 13
scy 14
smy 15
say 16
sfy 17
siy 18
sey 19
s7y 20
sry 21
sky 22
sby 23
suy 24
svy 25
s0y 26
s5y 27
spy 28
s8y 29
s4y 0
sny 1
s9y 2
sgy 3
czy 4
s38 5
c18 6
sw4 7
st4 8
sx4 9
sj4 10
sq4 11
so4 12
sl4 13
s64 14
s24 15
sh4 16
sc4 17
sm4 18
sa4 19
sf4 20
si4 21
se4 22
s74 23
sr4 24
sk4 25
sb4 26
su4 27
sv4 28
s04 29
s54 0
sp4 1
s84 2
s44 3
sn4 4
s94 5
sg4 6
sz4 7
ss4 8
sy4 9
sd4 10
s34 11
s14 12
swn 13
stn 14
sxn 15
sjn 16
cqn 17
s3v 18
c1v 19
sw0 20
st0 21
sx0 22
sj0 23
sq0 24
so0 25
sl0 26
s60 27
s20 28
sh0 29
sc0 0
sm0 1
sa0 2
sf0 3
si0 4
se0 5
s70 6
sr0 7
sk0 8
sb0 9
su0 10
sv0 11
s00 12
s50 13
sp0 14
s80 15
s40 16
sn0 17
s90 18
sg0 19
sz0 20
ss0 21
sy0 22
sd0 23
s30 24
s10 25
sw5 26
st5 27
sx5 28
sj5 29
cq5 0
s3k 1
c1k 2
swb 3
stb 4
sxb 5
sjb 6
sqb 7
sob 8
slb 9
s6b 10
s2b 11
shb 12
scb 13
smb 14
sab 15
sfb 16
sib 17
seb 18
s7b 19
srb 20
skb 21
sbb 22
sub 23
svb 24
s0b 25
s5b 26
spb 27
s8b 28
s4b 29
snb 0
s9b 1
sgb 2
szb 3
ssb 4
syb 5
sdb 6
s3b 7
s1b 8
swu 9
stu 10
sxu 11
sju 12
cqu 13
ss26 14
sy26 15
sd26 16
s326 17
s126 18
swh6 19
sth6 20
sxh6 21
sjh6 22
sqh6 23
soh6 24
slh6 25
s6h6 26
s2h6 27
shh6 28
sch6 29
smh6 0
sah6 1
sfh6 2
sih6 3
seh6 4
s7h6 5
srh6 6
skh6 7
sbh6 8
suh6 9
svh6 10
s0h6 11
s5h6 12
sph6 13
s8h6 14
s4h6 15
snh6 16
s9h6 17
sgh6 18
szh6 19
ssh6 20
syh6 21
sdh6 22
s3h6 23
c1h6 24
scbq 25
cmbq 26
sabq 27
sfbq 28
sibq 29
sebq 0
s7bq 1
srbq 2
skbq 3
sbbq 4
subq 5
svbq 6
s0bq 7
s5bq 8
spbq 9
s8bq 10
s4bq 11
snbq 12
s9bq 13
sgbq 14
szbq 15
ssbq 16
sybq 17
sdbq 18
s3bq 19
s1bq 20
swuq 21
stuq 22
sxuq 23
sjuq 24
squq 25
souq 26
sluq 27
s6uq 28
s2uq 29
shuq 0
scuq 1
smuq 2
sauq 3
sfuq 4
siuq 5
seuq 6
c7uq 7
s0h 8
c5h 9
sph 10
s8h 11
s4h 12
snh 13
s9h 14
sgh 15
szh 16
ssh 17
syh 18
sdh 19
s3h 20
s1h 21
swc 22
stc 23
sxc 24
sjc 25
sqc 26
soc 27
slc 28
s6c 29
s2c 0
shc 1
scc 2
smc 3
sac 4
sfc 5
sic 6
sec 7
s7c 8
src 9
skc 10
sbc 11
suc 12
svc 13
s0c 14
s5c 15
spc 16
s8c 17
s4c 18
snc 19
c9c 20
s3bo 21
c1bo 22
swuo 23
stuo 24
sxuo 25
sjuo 26
squo 27
souo 28
sluo 29
s6uo 0
s2uo 1
shuo 2
scuo 3
smuo 4
sauo 5
sfuo 6
siuo 7
seuo 8
s7uo 9
sruo 10
skuo 11
sbuo 12
suuo 13
svuo 14
s0uo 15
s5uo 16
spuo 17
s8uo 18
s4uo 19
snuo 20
s9uo 21
sguo 22
szuo 23
ssuo 24
syuo 25
sduo 26
s3uo 27
s1uo 28
swvo 29
stvo 0
sxvo 1
sjvo 2
cqvo 3
sl4q 4
c64q 5
s24q 6
sh4q 7
sc4q 8
sm4q 9
sa4q 10
sf4q 11
si4q 12
se4q 13
s74q 14
sr4q 15
sk4q 16
sb4q 17
su4q 18
sv4q 19
s04q 20
s54q 21
sp4q 22
s84q 23
s44q 24
sn4q 25
s94q 26
sg4q 27
sz4q 28
ss4q 29
sy4q 0
sd4q 1
s34q 2
s14q 3
swnq 4
stnq 5
sxnq 6
sjnq 7
sqnq 8
sonq 9
slnq 10
s6nq 11
s2nq 12
shnq 13
scnq 14
smnq 15
canq 16
s29q 17
ch9q 18
sc9q 19
sm9q 20
sa9q 21
sf9q 22
si9q 23
se9q 24
s79q 25
sr9q 26
sk9q 27
sb9q 28
su9q 29
sv9q 0
s09q 1
s59q 2
sp9q 3
s89q 4
s49q 5
sn9q 6
s99q 7
sg9q 8
sz9q 9
ss9q 10
sy9q 11
sd9q 12
s39q 13
s19q 14
swgq 15
stgq 16
sxgq 17
sjgq 18
sqgq 19
sogq 20
slgq 21
s6gq 22
s2gq 23
shgq 24
scgq 25
smgq 26
sagq 27
sfgq 28
cigq 29
sxo 0
cjo 1
sqo 2
soo 3
slo 4
s6o 5
s2o 6
sho 7
sco 8
smo 9
sao 10
sfo 11
sio 12
seo 13
s7o 14
sro 15
sko 16
sbo 17
suo 18
svo 19
s0o 20
s5o 21
spo 22
s8o 23
s4o 24
sno 25
s9o 26
sgo 27
szo 28
sso 29
syo 0
sdo 1
s3o 2
s1o 3
swl 4
stl 5
sxl 6
sjl 7
sql 8
sol 9
sll 10
s6l 11
c2l 12
s6lo 13
c2lo 14
shlo 15
sclo 16
smlo 17
salo 18
sflo 19
silo 20
selo 21
s7lo 22
srlo 23
sklo 24
sblo 25
sulo 26
svlo 27
s0lo 28
s5lo 29
splo 0
s8lo 1
s4lo 2
snlo 3
s9lo 4
sglo 5
szlo 6
sslo 7
sylo 8
sdlo 9
s3lo 10
s1lo 11
sw6o 12
st6o 13
sx6o 14
sj6o 15
sq6o 16
so6o 17
sl6o 18
s66o 19
s26o 20
sh6o 21
sc6o 22
sm6o 23
sa6o 24
cf6o 25
si6o 26
ce6o 27
s76o 28
sr6o 29
sk6o 0
sb6o 1
su6o 2
sv6o 3
s06o 4
s56o 5
sp6o 6
s86o 7
s46o 8
sn6o 9
s96o 10
sg6o 11
sz6o 12
ss6o 13
sy6o 14
sd6o 15
s36o 16
s16o 17
sw2o 18
st2o 19
sx2o 20
sj2o 21
sq2o 22
so2o 23
sl2o 24
s62o 25
s22o 26
sh2o 27
sc2o 28
sm2o 29
sa2o 0
sf2o 1
si2o 2
se2o 3
s72o 4
sr2o 5
sk2o 6
sb2o 7
cu2o 8
ssu6 9
syu6 10
sdu6 11
s3u6 12
s1u6 13
swv6 14
stv6 15
sxv6 16
sjv6 17
sqv6 18
sov6 19
slv6 20
s6v6 21
s2v6 22
shv6 23
scv6 24
smv6 25
sav6 26
sfv6 27
siv6 28
sev6 29
s7v6 0
srv6 1
skv6 2
sbv6 3
suv6 4
svv6 5
s0v6 6
s5v6 7
spv6 8
s8v6 9
s4v6 10
snv6 11
s9v6 12
sgv6 13
szv6 14
ssv6 15
syv6 16
sdv6 17
s3v6 18
c1v6 19
s6q 20
s2q 21
shq 22
scq 23
smq 24
saq 25
sfq 26
siq 27
seq 28
s7q 29
srq 0
skq 1
sbq 2
suq 3
svq 4
s0q 5
s5q 6
spq 7
s8q 8
s4q 9
snq 10
s9q 11
sgq 12
szq 13
ssq 14
syq 15
sdq 16
s3q 17
s1q 18
swo 19
cto 20
sw06 21
ct06 22
sx06 23
sj06 24
sq06 25
so06 26
sl06 27
s606 28
s206 29
sh06 0
sc06 1
sm06 2
sa06 3
sf06 4
si06 5
se06 6
s706 7
sr06 8
sk06 9
sb06 10
su06 11
sv06 12
s006 13
s506 14
sp06 15
s806 16
s406 17
sn06 18
s906 19
sg06 20
sz06 21
ss06 22
cy06 23
s3g 24
s1g 25
swz 26
stz 27
sxz 28
sjz 29
sqz 0
soz 1
slz 2
s6z 3
s2z 4
shz 5
scz 6
smz 7
saz 8
sfz 9
siz 10
sez 11
s7z 12
srz 13
skz 14
sbz 15
suz 16
svz 17
s0z 18
s5z 19
spz 20
s8z 21
s4z 22
snz 23
c9z 24
sgz 25
szz 26
ssz 27
syz 28
sdz 29
s3z 0
s1z 1
sws 2
sts 3
sxs 4
sjs 5
sqs 6
sos 7
sls 8
s6s 9
s2s 10
shs 11
scs 12
sms 13
sas 14
sfs 15
sis 16
ses 17
s7s 18
srs 19
sks 20
sbs 21
sus 22
svs 23
s0s 24
c5s 25
shl 26
scl 27
sml 28
sal 29
sfl 0
sil 1
sel 2
s7l 3
srl 4
skl 5
sbl 6
sul 7
svl 8
s0l 9
s5l 10
spl 11
s8l 12
s4l 13
snl 14
s9l 15
sgl 16
szl 17
ssl 18
syl 19
sdl 20
s3l 21
s1l 22
sw6 23
st6 24
sx6 25
cj6 26
sgpx 27
szpx 28
sspx 29
sypx 0
sdpx 1
s3px 2
s1px 3
sw8x 4
st8x 5
sx8x 6
sj8x 7
sq8x 8
so8x 9
sl8x 10
s68x 11
s28x 12
sh8x 13
sc8x 14
sm8x 15
sa8x 16
sf8x 17
si8x 18
se8x 19
s78x 20
sr8x 21
sk8x 22
sb8x 23
su8x 24
sv8x 25
s08x 26
c58x 27
sx8l 28
cj8l 29
sq8l 0
so8l 1
sl8l 2
s68l 3
s28l 4
sh8l 5
sc8l 6
sm8l 7
sa8l 8
sf8l 9
si8l 10
se8l 11
s78l 12
sr8l 13
sk8l 14
sb8l 15
su8l 16
sv8l 17
s08l 18
s58l 19
sp8l 20
s88l 21
s48l 22
sn8l 23
s98l 24
sg8l 25
sz8l 26
ss8l 27
sy8l 28
sd8l 29
c38l 0
ssy 1
syy 2
sdy 3
s3y 4
s1y 5
swd 6
std 7
sxd 8
sjd 9
sqd 10
sod 11
sld 12
s6d 13
s2d 14
shd 15
scd 16
smd 17
sad 18
sfd 19
sid 20
sed 21
s7d 22
srd 23
skd 24
sbd 25
sud 26
svd 27
s0d 28
s5d 29
spd 0
c8d 1
swzx 2
stzx 3
sxzx 4
sjzx 5
sqzx 6
sozx 7
slzx 8
s6zx 9
s2zx 10
shzx 11
sczx 12
smzx 13
sazx 14
sfzx 15
sizx 16
sezx 17
s7zx 18
srzx 19
skzx 20
sbzx 21
suzx 22
svzx 23
s0zx 24
s5zx 25
spzx 26
s8zx 27
s4zx 28
snzx 29
s9zx 0
sgzx 1
czzx 2
s18o 3
sw4o 4
st4o 5
sx4o 6
sj4o 7
sq4o 8
so4o 9
sl4o 10
s64o 11
s24o 12
sh4o 13
sc4o 14
sm4o 15
sa4o 16
sf4o 17
si4o 18
se4o 19
s74o 20
sr4o 21
sk4o 22
sb4o 23
su4o 24
sv4o 25
s04o 26
s54o 27
sp4o 28
s84o 29
s44o 0
sn4o 1
s94o 2
cg4o 3
snjq 4
s9jq 5
sgjq 6
szjq 7
ssjq 8
syjq 9
sdjq 10
s3jq 11
s1jq 12
swqq 13
stqq 14
sxqq 15
sjqq 16
sqqq 17
soqq 18
slqq 19
s6qq 20
s2qq 21
shqq 22
scqq 23
smqq 24
saqq 25
sfqq 26
siqq 27
seqq 28
s7qq 29
srqq 0
skqq 1
sbqq 2
suqq 3
cvqq 4
ssit 5
syit 6
sdit 7
s3it 8
s1it 9
swet 10
stet 11
sxet 12
sjet 13
sqet 14
soet 15
slet 16
s6et 17
s2et 18
shet 19
scet 20
smet 21
saet 22
sfet 23
siet 24
seet 25
s7et 26
sret 27
sket 28
sbet 29
suet 0
svet 1
s0et 2
s5et 3
spet 4
c8et 5
sbtx 6
sutx 7
svtx 8
s0tx 9
s5tx 10
sptx 11
s8tx 12
s4tx 13
sntx 14
s9tx 15
sgtx 16
sztx 17
sstx 18
sytx 19
sdtx 20
s3tx 21
s1tx 22
swxx 23
stxx 24
sxxx 25
sjxx 26
sqxx 27
soxx 28
slxx 29
s6xx 0
s2xx 1
shxx 2
scxx 3
smxx 4
saxx 5
cfxx 6
ss3x 7
sy3x 8
sd3x 9
s33x 10
s13x 11
sw1x 12
st1x 13
sx1x 14
sj1x 15
sq1x 16
so1x 17
sl1x 18
s61x 19
s21x 20
sh1x 21
sc1x 22
sm1x 23
sa1x 24
sf1x 25
si1x 26
se1x 27
s71x 28
sr1x 29
sk1x 0
sb1x 1
su1x 2
sv1x 3
s01x 4
s51x 5
sp1x 6
c81x 7
stfq 8
sxfq 9
sjfq 10
sqfq 11
sofq 12
slfq 13
s6fq 14
s2fq 15
shfq 16
scfq 17
smfq 18
safq 19
sffq 20
sifq 21
sefq 22
s7fq 23
srfq 24
skfq 25
sbfq 26
sufq 27
svfq 28
s0fq 29
s5fq 0
spfq 1
s8fq 2
s4fq 3
snfq 4
s9fq 5
sgfq 6
szfq 7
csfq 8
sixx 9
sexx 10
s7xx 11
srxx 12
skxx 13
sbxx 14
suxx 15
svxx 16
s0xx 17
s5xx 18
spxx 19
s8xx 20
s4xx 21
snxx 22
s9xx 23
sgxx 24
szxx 25
ssxx 26
syxx 27
sdxx 28
s3xx 29
s1xx 0
swjx 1
stjx 2
sxjx 3
sjjx 4
sqjx 5
sojx 6
sljx 7
s6jx 8
c2jx 9
s87q 10
s47q 11
sn7q 12
s97q 13
sg7q 14
sz7q 15
ss7q 16
sy7q 17
sd7q 18
s37q 19
s17q 20
swrq 21
strq 22
sxrq 23
sjrq 24
sqrq 25
sorq 26
slrq 27
s6rq 28
s2rq 29
shrq 0
scrq 1
smrq 2
sarq 3
sfrq 4
sirq 5
serq 6
s7rq 7
srrq 8
skrq 9
cbrq 10
surq 11
svrq 12
s0rq 13
s5rq 14
sprq 15
s8rq 16
s4rq 17
snrq 18
s9rq 19
sgrq 20
szrq 21
ssrq 22
syrq 23
sdrq 24
s3rq 25
s1rq 26
swkq 27
stkq 28
sxkq 29
sjkq 0
sqkq 1
sokq 2
slkq 3
s6kq 4
s2kq 5
shkq 6
sckq 7
smkq 8
sakq 9
sfkq 10
cikq 11
sekq 12
s7kq 13
srkq 14
skkq 15
sbkq 16
sukq 17
svkq 18
s0kq 19
s5kq 20
spkq 21
s8kq 22
s4kq 23
snkq 24
s9kq 25
sgkq 26
szkq 27
sskq 28
sykq 29
sdkq 0
s3kq 1
s1kq 2
swbq 3
stbq 4
sxbq 5
sjbq 6
sqbq 7
sobq 8
slbq 9
s6bq 10
s2bq 11
chbq 12
shjx 13
scjx 14
smjx 15
sajx 16
sfjx 17
sijx 18
sejx 19
s7jx 20
srjx 21
skjx 22
sbjx 23
sujx 24
svjx 25
s0jx 26
s5jx 27
spjx 28
s8jx 29
s4jx 0
snjx 1
s9jx 2
sgjx 3
szjx 4
ssjx 5
syjx 6
sdjx 7
s3jx 8
s1jx 9
swqx 10
stqx 11
sxqx 12
cjqx 13
sqqx 14
soqx 15
slqx 16
s6qx 17
s2qx 18
shqx 19
scqx 20
smqx 21
saqx 22
sfqx 23
siqx 24
seqx 25
s7qx 26
srqx 27
skqx 28
sbqx 29
suqx 0
svqx 1
s0qx 2
s5qx 3
spqx 4
s8qx 5
s4qx 6
snqx 7
s9qx 8
sgqx 9
szqx 10
ssqx 11
syqx 12
sdqx 13
c3qx 14
sopl 15
clpl 16
s6pl 17
s2pl 18
shpl 19
scpl 20
smpl 21
sapl 22
sfpl 23
sipl 24
sepl 25
s7pl 26
srpl 27
skpl 28
sbpl 29
supl 0
svpl 1
s0pl 2
s5pl 3
sppl 4
s8pl 5
s4pl 6
snpl 7
s9pl 8
sgpl 9
szpl 10
sspl 11
sypl 12
sdpl 13
s3pl 14
s1pl 15
sw8l 16
ct8l 17
st9o 18
sx9o 19
sj9o 20
sq9o 21
so9o 22
sl9o 23
s69o 24
s29o 25
sh9o 26
sc9o 27
sm9o 28
sa9o 29
sf9o 0
si9o 1
se9o 2
s79o 3
sr9o 4
sk9o 5
sb9o 6
su9o 7
sv9o 8
s09o 9
s59o 10
sp9o 11
s89o 12
s49o 13
sn9o 14
s99o 15
sg9o 16
sz9o 17
cs9o 18
sfnq 19
sinq 20
senq 21
s7nq 22
srnq 23
sknq 24
sbnq 25
sunq 26
svnq 27
s0nq 28
s5nq 29
spnq 0
s8nq 1
s4nq 2
snnq 3
s9nq 4
sgnq 5
sznq 6
ssnq 7
synq 8
sdnq 9
s3nq 10
s1nq 11
sw9q 12
st9q 13
sx9q 14
sj9q 15
sq9q 16
so9q 17
sl9q 18
c69q 19
sefj 20
s7fj 21
srfj 22
skfj 23
sbfj 24
sufj 25
svfj 26
s0fj 27
s5fj 28
spfj 29
s8fj 0
s4fj 1
snfj 2
s9fj 3
sgfj 4
szfj 5
ssfj 6
syfj 7
sdfj 8
s3fj 9
s1fj 10
swij 11
stij 12
sxij 13
sjij 14
sqij 15
soij 16
slij 17
s6ij 18
s2ij 19
chij 20
s25l 21
ch5l 22
sc5l 23
sm5l 24
sa5l 25
sf5l 26
si5l 27
se5l 28
s75l 29
sr5l 0
sk5l 1
sb5l 2
su5l 3
sv5l 4
s05l 5
s55l 6
sp5l 7
s85l 8
s45l 9
sn5l 10
s95l 11
sg5l 12
sz5l 13
ss5l 14
sy5l 15
sd5l 16
s35l 17
s15l 18
swpl 19
stpl 20
sxpl 21
sjpl 22
cqpl 23
sc7o 24
sm7o 25
sa7o 26
sf7o 27
si7o 28
se7o 29
s77o 0
sr7o 1
sk7o 2
sb7o 3
su7o 4
sv7o 5
s07o 6
s57o 7
sp7o 8
s87o 9
s47o 10
sn7o 11
s97o 12
sg7o 13
sz7o 14
ss7o 15
sy7o 16
sd7o 17
s37o 18
s17o 19
swro 20
stro 21
sxro 22
sjro 23
cqro 24
seeo 25
s7eo 26
sreo 27
skeo 28
sbeo 29
sueo 0
sveo 1
s0eo 2
s5eo 3
speo 4
s8eo 5
s4eo 6
sneo 7
s9eo 8
sgeo 9
szeo 10
sseo 11
syeo 12
sdeo 13
s3eo 14
s1eo 15
sw7o 16
st7o 17
sx7o 18
sj7o 19
sq7o 20
so7o 21
sl7o 22
s67o 23
s27o 24
ch7o 25
suio 26
svio 27
s0io 28
s5io 29
spio 0
s8io 1
s4io 2
snio 3
s9io 4
sgio 5
szio 6
ssio 7
syio 8
sdio 9
s3io 10
s1io 11
sweo 12
steo 13
sxeo 14
sjeo 15
sqeo 16
soeo 17
sleo 18
s6eo 19
s2eo 20
sheo 21
sceo 22
smeo 23
saeo 24
sfeo 25
cieo 26
saoo 27
sfoo 28
sioo 29
seoo 0
s7oo 1
sroo 2
skoo 3
sboo 4
suoo 5
svoo 6
s0oo 7
s5oo 8
spoo 9
s8oo 10
s4oo 11
snoo 12
s9oo 13
sgoo 14
szoo 15
ssoo 16
syoo 17
sdoo 18
s3oo 19
s1oo 20
swlo 21
stlo 22
sxlo 23
sjlo 24
sqlo 25
solo 26
cllo 27
svcx 28
s0cx 29
s5cx 0
spcx 1
s8cx 2
s4cx 3
sncx 4
s9cx 5
sgcx 6
szcx 7
sscx 8
sycx 9
sdcx 10
s3cx 11
s1cx 12
swmx 13
stmx 14
sxmx 15
sjmx 16
sqmx 17
somx 18
slmx 19
s6mx 20
s2mx 21
shmx 22
scmx 23
smmx 24
samx 25
sfmx 26
simx 27
cemx 28
sy6l 29
cd6l 0
s36l 1
s16l 2
sw2l 3
st2l 4
sx2l 5
sj2l 6
sq2l 7
so2l 8
sl2l 9
s62l 10
s22l 11
sh2l 12
sc2l 13
sm2l 14
sa2l 15
sf2l 16
si2l 17
se2l 18
s72l 19
sr2l 20
sk2l 21
sb2l 22
su2l 23
sv2l 24
s02l 25
s52l 26
sp2l 27
s82l 28
s42l 29
sn2l 0
c92l 1
suix 2
svix 3
s0ix 4
s5ix 5
spix 6
s8ix 7
s4ix 8
snix 9
s9ix 10
sgix 11
szix 12
ssix 13
syix 14
sdix 15
s3ix 16
s1ix 17
swex 18
stex 19
sxex 20
sjex 21
sqex 22
soex 23
slex 24
s6ex 25
s2ex 26
shex 27
scex 28
smex 29
saex 0
sfex 1
ciex 2
syco 3
sdco 4
s3co 5
s1co 6
swmo 7
stmo 8
sxmo 9
sjmo 10
sqmo 11
somo 12
slmo 13
s6mo 14
s2mo 15
shmo 16
scmo 17
smmo 18
samo 19
sfmo 20
simo 21
semo 22
s7mo 23
srmo 24
skmo 25
sbmo 26
sumo 27
svmo 28
s0mo 29
s5mo 0
spmo 1
s8mo 2
c4mo 3
spuj 4
s8uj 5
s4uj 6
snuj 7
s9uj 8
sguj 9
szuj 10
ssuj 11
syuj 12
sduj 13
s3uj 14
s1uj 15
swvj 16
stvj 17
sxvj 18
sjvj 19
sqvj 20
sovj 21
slvj 22
s6vj 23
s2vj 24
shvj 25
scvj 26
smvj 27
savj 28
sfvj 29
sivj 0
sevj 1
s7vj 2
srvj 3
ckvj 4
sg2l 5
cz2l 6
cs2l 7
cy2l 8
cd2l 9
c32l 10
c12l 11
cwhl 12
cthl 13
cxhl 14
cjhl 15
cqhl 16
sohl 17
clhl 18
c6hl 19
c2hl 20
chhl 21
cchl 22
cmhl 23
cahl 24
cfhl 25
cihl 26
cehl 27
c7hl 28
crhl 29
ckhl 0
cbhl 1
suhl 2
cvhl 3
c0hl 4
c5hl 5
cphl 6
c8hl 7
c4hl 8
cnhl 9
c9hl 10
cghl 11
czhl 12
cshl 13
cyhl 14
cdhl 15
c3hl 16
c1hl 17
cwcl 18
ctcl 19
sxcl 20
cjcl 21
cqcl 22
cocl 23
clcl 24
c6cl 25
c2cl 26
chcl 27
cccl 28
cmcl 29
cacl 0
cfcl 1
cicl 2
cecl 3
c7cl 4
crcl 5
ckcl 6
cbcl 7
cucl 8
cvcl 9
c0cl 10
s5cl 11
cpcl 12
c8cl 13
c4cl 14
cncl 15
c9cl 16
cgcl 17
czcl 18
cscl 19
cycl 20
cdcl 21
c3cl 22
c1cl 23
cwml 24
stml 25
cxml 26
cjml 27
cqml 28
coml 29
clml 0
c6ml 1
c2ml 2
chml 3
ccml 4
cmml 5
caml 6
cfml 7
ciml 8
ceml 9
s7ml 10
crml 11
ckml 12
cbml 13
cuml 14
cvml 15
c0ml 16
c5ml 17
cpml 18
c8ml 19
c4ml 20
cnml 21
c9ml 22
cgml 23
czml 24
csml 25
cyml 26
cdml 27
c3ml 28
c1ml 29
cwal 0
ctal 1
cxal 2
cjal 3
cqal 4
coal 5
clal 6
c6al 7
s2al 8
chal 9
ccal 10
cmal 11
caal 12
cfal 13
cial 14
ceal 15
c7al 16
cral 17
ckal 18
cbal 19
cual 20
cval 21
c0al 22
c5al 23
cpal 24
c8al 25
c4al 26
cnal 27
s9al 28
cgal 29
czal 0
csal 1
cyal 2
cdal 3
c3al 4
c1al 5
cwfl 6
ctfl 7
cxfl 8
cjfl 9
sqfl 10
cofl 11
clfl 12
c6fl 13
c2fl 14
chfl 15
ccfl 16
cmfl 17
cafl 18
cffl 19
cifl 20
cefl 21
c7fl 22
crfl 23
ckfl 24
cbfl 25
cufl 26
cvfl 27
c0fl 28
c5fl 29
cpfl 0
c8fl 1
c4fl 2
cnfl 3
c9fl 4
cgfl 5
czfl 6
csfl 7
cyfl 8
sga6 9
cza6 10
csa6 11
cya6 12
cda6 13
c3a6 14
c1a6 15
cwf6 16
ctf6 17
cxf6 18
cjf6 19
cqf6 20
cof6 21
clf6 22
c6f6 23
s2f6 24
chf6 25
ccf6 26
cmf6 27
caf6 28
cff6 29
cif6 0
cef6 1
c7f6 2
crf6 3
ckf6 4
cbf6 5
cuf6 6
cvf6 7
c0f6 8
c5f6 9
cpf6 10
c8f6 11
c4f6 12
cnf6 13
c9f6 14
cgf6 15
czf6 16
ssf6 17
cyf6 18
cdf6 19
c3f6 20
c1f6 21
cwi6 22
cti6 23
cxi6 24
cji6 25
cqi6 26
coi6 27
cli6 28
c6i6 29
c2i6 0
chi6 1
cci6 2
cmi6 3
cai6 4
cfi6 5
sii6 6
cei6 7
c7i6 8
cri6 9
cki6 10
cbi6 11
cui6 12
cvi6 13
c0i6 14
c5i6 15
cpi6 16
c8i6 17
c4i6 18
cni6 19
c9i6 20
cgi6 21
czi6 22
csi6 23
cyi6 24
cdi6 25
c3i6 26
c1i6 27
cwe6 28
cte6 29
cxe6 0
sje6 1
cqe6 2
coe6 3
cle6 4
c6e6 5
c2e6 6
che6 7
cce6 8
cme6 9
cae6 10
cfe6 11
cie6 12
cee6 13
c7e6 14
cre6 15
cke6 16
cbe6 17
cue6 18
cve6 19
c0e6 20
c5e6 21
cpe6 22
s8e6 23
c4e6 24
cne6 25
c9e6 26
cge6 27
cze6 28
cse6 29
cye6 0
cde6 1
c3e6 2
c1e6 3
cw76 4
ct76 5
cx76 6
cj76 7
cq76 8
co76 9
sl76 10
c676 11
c276 12
ch76 13
cc76 14
cm76 15
ca76 16
cf76 17
ci76 18
ce76 19
c776 20
cr76 21
ck76 22
cb76 23
cu76 24
cv76 25
c076 26
c576 27
cp76 28
c876 29
c476 0
cn76 1
c976 2
sg76 3
cz76 4
cs76 5
cy76 6
cd76 7
c376 8
c176 9
cwr6 10
ctr6 11
cxr6 12
cjr6 13
cqr6 14
cor6 15
clr6 16
c6r6 17
c2r6 18
chr6 19
ccr6 20
smr6 21
car6 22
cfr6 23
cir6 24
cer6 25
c7r6 26
crr6 27
ckr6 28
cbr6 29
cur6 0
cvr6 1
c0r6 2
s5r6 3
cpr6 4
c8r6 5
c4r6 6
cnr6 7
c9r6 8
cgr6 9
czr6 10
csr6 11
cyr6 12
cdr6 13
c3r6 14
c1r6 15
cwk6 16
ctk6 17
sayl 18
cfyl 19
ciyl 20
ceyl 21
c7yl 22
cryl 23
ckyl 24
cbyl 25
cuyl 26
cvyl 27
c0yl 28
s5yl 29
cpyl 0
c8yl 1
c4yl 2
cnyl 3
c9yl 4
cgyl 5
czyl 6
csyl 7
cyyl 8
cdyl 9
c3yl 10
c1yl 11
cwdl 12
ctdl 13
cxdl 14
cjdl 15
sqdl 16
codl 17
cldl 18
c6dl 19
c2dl 20
chdl 21
ccdl 22
cmdl 23
cadl 24
cfdl 25
cidl 26
cedl 27
c7dl 28
crdl 29
skdl 0
cbdl 1
cudl 2
cvdl 3
c0dl 4
c5dl 5
cpdl 6
c8dl 7
c4dl 8
cndl 9
c9dl 10
cgdl 11
szdl 12
csdl 13
cydl 14
cddl 15
c3dl 16
c1dl 17
cw3l 18
ct3l 19
cx3l 20
cj3l 21
sq3l 22
co3l 23
cl3l 24
c63l 25
c23l 26
ch3l 27
cc3l 28
cm3l 29
ca3l 0
cf3l 1
si3l 2
ce3l 3
c73l 4
cr3l 5
ck3l 6
cb3l 7
cu3l 8
cv3l 9
c03l 10
c53l 11
cp3l 12
c83l 13
c43l 14
cn3l 15
c93l 16
cg3l 17
cz3l 18
cs3l 19
cy3l 20
cd3l 21
c33l 22
c13l 23
cw1l 24
ct1l 25
cx1l 26
sj1l 27
cq1l 28
co1l 29
cl1l 0
c61l 1
c21l 2
ch1l 3
cc1l 4
cm1l 5
ca1l 6
cf1l 7
ci1l 8
ce1l 9
c71l 10
cr1l 11
ck1l 12
cb1l 13
cu1l 14
cv1l 15
c01l 16
c51l 17
cp1l 18
c81l 19
c41l 20
cn1l 21
c91l 22
cg1l 23
sz1l 24
cs1l 25
cy1l 26
cd1l 27
c31l 28
c11l 29
cww6 0
ctw6 1
cxw6 2
cjw6 3
cqw6 4
cow6 5
clw6 6
c6w6 7
c2w6 8
chw6 9
ccw6 10
cmw6 11
caw6 12
cfw6 13
ciw6 14
cew6 15
c7w6 16
crw6 17
ckw6 18
cbw6 19
cuw6 20
svw6 21
c0w6 22
c5w6 23
cpw6 24
c8w6 25
c4w6 26
cnw6 27
c9w6 28
cgw6 29
czw6 0
csw6 1
cyw6 2
cdw6 3
c3w6 4
s18l 5
cw4l 6
ct4l 7
cx4l 8
cj4l 9
cq4l 10
co4l 11
cl4l 12
c64l 13
c24l 14
ch4l 15
cc4l 16
cm4l 17
ca4l 18
cf4l 19
ci4l 20
ce4l 21
c74l 22
cr4l 23
ck4l 24
cb4l 25
cu4l 26
cv4l 27
c04l 28
c54l 29
cp4l 0
c84l 1
c44l 2
cn4l 3
s94l 4
cg4l 5
cz4l 6
cs4l 7
cy4l 8
cd4l 9
c34l 10
c14l 11
cwnl 12
ctnl 13
cxnl 14
cjnl 15
cqnl 16
conl 17
clnl 18
c6nl 19
c2nl 20
chnl 21
ccnl 22
cmnl 23
canl 24
cfnl 25
cinl 26
cenl 27
c7nl 28
srnl 29
cknl 0
cbnl 1
cunl 2
cvnl 3
c0nl 4
c5nl 5
cpnl 6
c8nl 7
c4nl 8
cnnl 9
c9nl 10
cgnl 11
cznl 12
csnl 13
cynl 14
cdnl 15
c3nl 16
c1nl 17
cw9l 18
st9l 19
cx9l 20
cj9l 21
cq9l 22
co9l 23
cl9l 24
c69l 25
c29l 26
ch9l 27
cc9l 28
cm9l 29
ca9l 0
cf9l 1
si9l 2
ce9l 3
c79l 4
cr9l 5
ck9l 6
cb9l 7
cu9l 8
cv9l 9
c09l 10
c59l 11
cp9l 12
c89l 13
c49l 14
cn9l 15
c99l 16
cg9l 17
cz9l 18
cs9l 19
cy9l 20
cd9l 21
c39l 22
c19l 23
cwgl 24
ctgl 25
cxgl 26
cjgl 27
cqgl 28
sogl 29
clgl 0
c6gl 1
c2gl 2
chgl 3
ccgl 4
cmgl 5
cagl 6
cfgl 7
cigl 8
cegl 9
c7gl 10
crgl 11
ckgl 12
cbgl 13
cugl 14
cvgl 15
c0gl 16
c5gl 17
cpgl 18
c8gl 19
c4gl 20
cngl 21
c9gl 22
cggl 23
czgl 24
ssgl 25
cygl 26
cdgl 27
c3gl 28
c1gl 29
cwzl 0
ctzl 1
cxzl 2
cjzl 3
cqzl 4
cozl 5
clzl 6
c6zl 7
c2zl 8
chzl 9
cczl 10
cmzl 11
cazl 12
sfzl 13
cizl 14
cezl 15
c7zl 16
crzl 17
ckzl 18
cbzl 19
cuzl 20
cvzl 21
c0zl 22
c5zl 23
cpzl 24
s8zl 25
c4zl 26
cnzl 27
c9zl 28
cgzl 29
czzl 0
cszl 1
cyzl 2
cdzl 3
c3zl 4
c1zl 5
cwsl 6
ctsl 7
cxsl 8
cjsl 9
cqsl 10
cosl 11
clsl 12
c6sl 13
c2sl 14
chsl 15
ccsl 16
cmsl 17
casl 18
cfsl 19
cisl 20
cesl 21
c7sl 22
crsl 23
cksl 24
sbsl 25
cusl 26
cvsl 27
c0sl 28
c5sl 29
cpsl 0
c8sl 1
c4sl 2
cnsl 3
c9sl 4
cgsl 5
czsl 6
cssl 7
cysl 8
cdsl 9
c3sl 10
c1sl 11
cwyl 12
ctyl 13
cxyl 14
cjyl 15
cqyl 16
coyl 17
clyl 18
c6yl 19
c2yl 20
chyl 21
ccyl 22
cmyl 23
sdfl 24
c3fl 25
c1fl 26
cwil 27
ctil 28
cxil 29
cjil 0
cqil 1
coil 2
clil 3
c6il 4
s2il 5
chil 6
ccil 7
cmil 8
cail 9
cfil 10
ciil 11
ceil 12
c7il 13
cril 14
ckil 15
cbil 16
cuil 17
cvil 18
c0il 19
c5il 20
cpil 21
c8il 22
c4il 23
cnil 24
c9il 25
cgil 26
czil 27
csil 28
cyil 29
cdil 0
c3il 1
c1il 2
swel 3
ctel 4
cxel 5
cjel 6
cqel 7
coel 8
clel 9
c6el 10
c2el 11
chel 12
ccel 13
cmel 14
cael 15
cfel 16
ciel 17
ceel 18
c7el 19
crel 20
ckel 21
cbel 22
cuel 23
cvel 24
c0el 25
s5el 26
cpel 27
c8el 28
c4el 29
cnel 0
c9el 1
cgel 2
czel 3
csel 4
cyel 5
cdel 6
c3el 7
c1el 8
cw7l 9
ct7l 10
cx7l 11
cj7l 12
sq7l 13
co7l 14
cl7l 15
c67l 16
c27l 17
ch7l 18
cc7l 19
cm7l 20
ca7l 21
cf7l 22
ci7l 23
ce7l 24
s77l 25
cr7l 26
ck7l 27
cb7l 28
cu7l 29
cv7l 0
c07l 1
c57l 2
cp7l 3
c87l 4
c47l 5
cn7l 6
c97l 7
cg7l 8
cz7l 9
cs7l 10
cy7l 11
cd7l 12
c37l 13
c17l 14
swrl 15
ctrl 16
cxrl 17
cjrl 18
cqrl 19
corl 20
clrl 21
c6rl 22
c2rl 23
chrl 24
ccrl 25
cmrl 26
carl 27
cfrl 28
cirl 29
cerl 0
c7rl 1
crrl 2
ckrl 3
cbrl 4
surl 5
cvrl 6
c0rl 7
c5rl 8
cprl 9
c8rl 10
c4rl 11
cnrl 12
c9rl 13
cgrl 14
czrl 15
csrl 16
cyrl 17
cdrl 18
s3rl 19
c1rl 20
cwkl 21
ctkl 22
cxkl 23
cjkl 24
cqkl 25
cokl 26
clkl 27
c6kl 28
c2kl 29
chkl 0
cckl 1
cmkl 2
cakl 3
cfkl 4
cikl 5
cekl 6
c7kl 7
crkl 8
skkl 9
cbkl 10
cukl 11
cvkl 12
c0kl 13
c5kl 14
cpkl 15
c8kl 16
c4kl 17
cnkl 18
c9kl 19
cgkl 20
czkl 21
cskl 22
cykl 23
cdkl 24
c3kl 25
c1kl 26
cwbl 27
ctbl 28
cxbl 29
cjbl 0
cqbl 1
cobl 2
clbl 3
c6bl 4
c2bl 5
chbl 6
shut 7
ccut 8
cmut 9
caut 10
cfut 11
ciut 12
ceut 13
c7ut 14
crut 15
ckut 16
cbut 17
cuut 18
cvut 19
c0ut 20
c5ut 21
cput 22
s8ut 23
c4ut 24
cnut 25
c9ut 26
cgut 27
czut 28
csut 29
cyut 0
cdut 1
c3ut 2
c1ut 3
swvt 4
ctvt 5
cxvt 6
cjvt 7
cqvt 8
covt 9
clvt 10
c6vt 11
c2vt 12
chvt 13
scvt 14
cmvt 15
cavt 16
cfvt 17
civt 18
cevt 19
c7vt 20
crvt 21
ckvt 22
cbvt 23
cuvt 24
cvvt 25
c0vt 26
c5vt 27
cpvt 28
c8vt 29
c4vt 0
snvt 1
c9vt 2
cgvt 3
czvt 4
csvt 5
cyvt 6
cdvt 7
c3vt 8
c1vt 9
cw0t 10
ct0t 11
cx0t 12
sj0t 13
cq0t 14
co0t 15
cl0t 16
c60t 17
c20t 18
sh0t 19
cc0t 20
cm0t 21
ca0t 22
cf0t 23
ci0t 24
ce0t 25
c70t 26
sr0t 27
ck0t 28
cb0t 29
cu0t 0
cv0t 1
c00t 2
c50t 3
cp0t 4
c80t 5
c40t 6
cn0t 7
c90t 8
cg0t 9
cz0t 10
cs0t 11
cy0t 12
cd0t 13
c30t 14
c10t 15
sovo 16
clvo 17
c6vo 18
c2vo 19
chvo 20
ccvo 21
cmvo 22
cavo 23
cfvo 24
civo 25
sevo 26
c7vo 27
crvo 28
ckvo 29
cbvo 0
cuvo 1
cvvo 2
c0vo 3
c5vo 4
cpvo 5
c8vo 6
c4vo 7
cnvo 8
c9vo 9
cgvo 10
czvo 11
ssvo 12
cyvo 13
sdvo 14
c3vo 15
c1vo 16
cw0o 17
ct0o 18
sx0o 19
cj0o 20
cq0o 21
so0o 22
cl0o 23
c60o 24
c20o 25
ch0o 26
cc0o 27
cm0o 28
ca0o 29
cf0o 0
ci0o 1
ce0o 2
c70o 3
cr0o 4
ck0o 5
cb0o 6
cu0o 7
sv0o 8
c00o 9
s50o 10
cp0o 11
c80o 12
c40o 13
cn0o 14
c90o 15
cg0o 16
cz0o 17
cs0o 18
cy0o 19
cd0o 20
c30o 21
c10o 22
cw5o 23
ct5o 24
cx5o 25
cj5o 26
cq5o 27
co5o 28
sctq 29
cmtq 0
catq 1
cftq 2
citq 3
cetq 4
c7tq 5
crtq 6
sktq 7
cbtq 8
cutq 9
cvtq 10
c0tq 11
c5tq 12
cptq 13
s8tq 14
c4tq 15
cntq 16
c9tq 17
cgtq 18
cztq 19
cstq 20
sytq 21
cdtq 22
c3tq 23
c1tq 24
cwxq 25
ctxq 26
sxxq 27
cjxq 28
cqxq 29
coxq 0
clxq 1
c6xq 2
c2xq 3
chxq 4
ccxq 5
smxq 6
caxq 7
cfxq 8
cixq 9
cexq 10
c7xq 11
crxq 12
ckxq 13
cbxq 14
cuxq 15
cvxq 16
c0xq 17
c5xq 18
cpxq 19
c8xq 20
c4xq 21
cnxq 22
s9xq 23
cgxq 24
czxq 25
csxq 26
cyxq 27
cdxq 28
c3xq 29
c1xq 0
cwjq 1
ctjq 2
cxjq 3
cjjq 4
cqjq 5
cojq 6
cljq 7
c6jq 8
c2jq 9
chjq 10
scjq 11
cmjq 12
cajq 13
cfjq 14
cijq 15
cejq 16
c7jq 17
crjq 18
ckjq 19
cbjq 20
cujq 21
cvjq 22
c0jq 23
c5jq 24
cpjq 25
c8jq 26
c4jq 27
sm4j 28
ca4j 29
cf4j 0
ci4j 1
ce4j 2
c74j 3
cr4j 4
sk4j 5
cb4j 6
cu4j 7
cv4j 8
c04j 9
c54j 10
cp4j 11
c84j 12
c44j 13
cn4j 14
c94j 15
cg4j 16
cz4j 17
cs4j 18
cy4j 19
cd4j 20
c34j 21
s14j 22
cwnj 23
ctnj 24
cxnj 25
cjnj 26
cqnj 27
conj 28
clnj 29
c6nj 0
c2nj 1
chnj 2
ccnj 3
cmnj 4
canj 5
cfnj 6
sinj 7
cenj 8
s7nj 9
crnj 10
cknj 11
cbnj 12
cunj 13
cvnj 14
c0nj 15
c5nj 16
cpnj 17
c8nj 18
c4nj 19
cnnj 20
c9nj 21
cgnj 22
cznj 23
csnj 24
cynj 25
cdnj 26
c3nj 27
s1nj 28
cw9j 29
ct9j 0
cx9j 1
cj9j 2
cq9j 3
co9j 4
sl9j 5
c69j 6
c29j 7
ch9j 8
cc9j 9
cm9j 10
ca9j 11
cf9j 12
ci9j 13
se9j 14
c79j 15
cr9j 16
ck9j 17
cb9j 18
cu9j 19
cv9j 20
c09j 21
c59j 22
cp9j 23
c89j 24
c49j 25
cn9j 26
c99j 27
cg9j 28
cz9j 29
s0cj 0
c5cj 1
spcj 2
c8cj 3
c4cj 4
cncj 5
c9cj 6
cgcj 7
czcj 8
cscj 9
cycj 10
cdcj 11
c3cj 12
s1cj 13
cwmj 14
ctmj 15
cxmj 16
cjmj 17
cqmj 18
comj 19
clmj 20
c6mj 21
c2mj 22
chmj 23
ccmj 24
cmmj 25
samj 26
cfmj 27
cimj 28
cemj 29
c7mj 0
crmj 1
ckmj 2
cbmj 3
cumj 4
cvmj 5
c0mj 6
c5mj 7
cpmj 8
c8mj 9
c4mj 10
cnmj 11
c9mj 12
cgmj 13
szmj 14
csmj 15
cymj 16
cdmj 17
c3mj 18
c1mj 19
cwaj 20
ctaj 21
cxaj 22
cjaj 23
cqaj 24
soaj 25
claj 26
c6aj 27
c2aj 28
chaj 29
ccaj 0
smaj 1
caaj 2
cfaj 3
ciaj 4
ceaj 5
c7aj 6
craj 7
ckaj 8
cbaj 9
cuaj 10
cvaj 11
c0aj 12
c5aj 13
cpaj 14
c8aj 15
c4aj 16
cnaj 17
c9aj 18
cgaj 19
czaj 20
ssaj 21
cyaj 22
cdaj 23
c3aj 24
c1aj 25
cwfj 26
ctfj 27
cxfj 28
cjfj 29
cqfj 0
cofj 1
clfj 2
c6fj 3
c2fj 4
chfj 5
ccfj 6
cmfj 7
cafj 8
cffj 9
cifj 10
swoj 11
ctoj 12
cxoj 13
cjoj 14
cqoj 15
cooj 16
cloj 17
c6oj 18
c2oj 19
choj 20
ccoj 21
smoj 22
caoj 23
cfoj 24
cioj 25
ceoj 26
c7oj 27
croj 28
ckoj 29
cboj 0
cuoj 1
cvoj 2
c0oj 3
c5oj 4
spoj 5
c8oj 6
s4oj 7
cnoj 8
c9oj 9
cgoj 10
czoj 11
csoj 12
cyoj 13
cdoj 14
c3oj 15
c1oj 16
cwlj 17
ctlj 18
cxlj 19
cjlj 20
cqlj 21
colj 22
cllj 23
c6lj 24
c2lj 25
shlj 26
cclj 27
cmlj 28
calj 29
cflj 0
cilj 1
celj 2
c7lj 3
crlj 4
cklj 5
cblj 6
culj 7
cvlj 8
c0lj 9
c5lj 10
cplj 11
c8lj 12
c4lj 13
cnlj 14
c9lj 15
sglj 16
czlj 17
cslj 18
cylj 19
cdlj 20
c3lj 21
c1lj 22
cw6j 23
ct6j 24
cx6j 25
cj6j 26
cq6j 27
co6j 28
cl6j 29
c66j 0
c26j 1
ch6j 2
cc6j 3
cm6j 4
ca6j 5
sf6j 6
ci6j 7
ce6j 8
s76j 9
cr6j 10
ck6j 11
cb6j 12
cu6j 13
cv6j 14
c06j 15
c56j 16
cp6j 17
c86j 18
c46j 19
cn6j 20
c96j 21
s41x 22
cn1x 23
c91x 24
cg1x 25
cz1x 26
cs1x 27
cy1x 28
cd1x 29
c31x 0
c11x 1
swwj 2
ctwj 3
cxwj 4
sjwj 5
cqwj 6
cowj 7
clwj 8
c6wj 9
c2wj 10
shwj 11
ccwj 12
cmwj 13
cawj 14
cfwj 15
ciwj 16
cewj 17
c7wj 18
crwj 19
ckwj 20
cbwj 21
cuwj 22
cvwj 23
c0wj 24
c5wj 25
cpwj 26
c8wj 27
c4wj 28
cnwj 29
c9wj 0
sgwj 1
czwj 2
cswj 3
cywj 4
sdwj 5
c3wj 6
c1wj 7
cwtj 8
cttj 9
cxtj 10
cjtj 11
cqtj 12
cotj 13
cltj 14
c6tj 15
c2tj 16
chtj 17
cctj 18
cmtj 19
catj 20
cftj 21
sitj 22
cetj 23
c7tj 24
crtj 25
cktj 26
cbtj 27
cutj 28
cvtj 29
s0tj 0
c5tj 1
cptj 2
c8tj 3
c4tj 4
cntj 5
c9tj 6
cgtj 7
cztj 8
cstj 9
cytj 10
cdtj 11
c3tj 12
c1tj 13
cwxj 14
ctxj 15
cxxj 16
cjxj 17
cqxj 18
coxj 19
clxj 20
sk3o 21
cb3o 22
cu3o 23
cv3o 24
c03o 25
c53o 26
cp3o 27
c83o 28
c43o 29
cn3o 0
c93o 1
cg3o 2
cz3o 3
cs3o 4
cy3o 5
cd3o 6
s33o 7
c13o 8
cw1o 9
ct1o 10
cx1o 11
cj1o 12
cq1o 13
co1o 14
cl1o 15
c61o 16
c21o 17
sh1o 18
cc1o 19
cm1o 20
ca1o 21
cf1o 22
ci1o 23
ce1o 24
s71o 25
cr1o 26
ck1o 27
cb1o 28
cu1o 29
cv1o 0
s01o 1
c51o 2
cp1o 3
c81o 4
c41o 5
cn1o 6
c91o 7
cg1o 8
cz1o 9
cs1o 10
cy1o 11
cd1o 12
c31o 13
c11o 14
cwwl 15
ctwl 16
cxwl 17
cjwl 18
sqwl 19
cowl 20
clwl 21
c6wl 22
c2wl 23
chwl 24
ccwl 25
cmwl 26
cawl 27
cfwl 28
ciwl 29
sewl 0
c7wl 1
crwl 2
ckwl 3
cbwl 4
cuwl 5
cvwl 6
c0wl 7
c5wl 8
cpwl 9
c8wl 10
c4wl 11
cnwl 12
c9wl 13
cgwl 14
czwl 15
sswl 16
cywl 17
cdwl 18
c3wl 19
c1wl 20
cwtl 21
cttl 22
sxtl 23
cjtl 24
cqtl 25
cotl 26
cltl 27
c6tl 28
c2tl 29
chtl 0
cctl 1
cmtl 2
catl 3
cftl 4
citl 5
cetl 6
c7tl 7
srtl 8
cktl 9
cbtl 10
cutl 11
cvtl 12
c0tl 13
c5tl 14
cptl 15
s8tl 16
c4tl 17
cntl 18
c9tl 19
cgtl 20
cztl 21
cstl 22
cytl 23
cdtl 24
c3tl 25
c1tl 26
cwxl 27
ctxl 28
cxxl 29
cjxl 0
sqxl 1
coxl 2
clxl 3
c6xl 4
c2xl 5
chxl 6
ccxl 7
cmxl 8
caxl 9
cfxl 10
cixl 11
cexl 12
c7xl 13
crxl 14
skxl 15
cbxl 16
cuxl 17
cvxl 18
c0xl 19
c5xl 20
cpxl 21
c8xl 22
c4xl 23
cnxl 24
c9xl 25
cgxl 26
szxl 27
csxl 28
cyxl 29
cdxl 0
c3xl 1
c1xl 2
cwjl 3
ctjl 4
cxjl 5
cjjl 6
cqjl 7
sojl 8
cljl 9
c6jl 10
c2jl 11
chjl 12
ccjl 13
cmjl 14
cajl 15
cfjl 16
cijl 17
cejl 18
c7jl 19
crjl 20
ckjl 21
cbjl 22
cujl 23
cvjl 24
c0jl 25
c5jl 26
cpjl 27
s8jl 28
c4jl 29
cnjl 0
c9jl 1
cgjl 2
czjl 3
csjl 4
sr9x 5
ck9x 6
cb9x 7
su9x 8
cv9x 9
c09x 10
c59x 11
cp9x 12
c89x 13
c49x 14
cn9x 15
c99x 16
sg9x 17
cz9x 18
cs9x 19
sy9x 20
cd9x 21
c39x 22
c19x 23
cwgx 24
ctgx 25
cxgx 26
cjgx 27
cqgx 28
cogx 29
clgx 0
c6gx 1
s2gx 2
chgx 3
ccgx 4
cmgx 5
cagx 6
cfgx 7
cigx 8
cegx 9
s7gx 10
crgx 11
ckgx 12
cbgx 13
cugx 14
cvgx 15
s0gx 16
c5gx 17
cpgx 18
c8gx 19
s4gx 20
cngx 21
c9gx 22
cggx 23
czgx 24
csgx 25
cygx 26
cdgx 27
c3gx 28
c1gx 29
sgvx 0
czvx 1
csvx 2
cyvx 3
cdvx 4
c3vx 5
c1vx 6
cw0x 7
ct0x 8
cx0x 9
cj0x 10
cq0x 11
so0x 12
cl0x 13
c60x 14
c20x 15
ch0x 16
cc0x 17
cm0x 18
ca0x 19
cf0x 20
ci0x 21
ce0x 22
c70x 23
cr0x 24
ck0x 25
cb0x 26
cu0x 27
cv0x 28
c00x 29
c50x 0
sp0x 1
c80x 2
c40x 3
cn0x 4
c90x 5
cg0x 6
cz0x 7
ss0x 8
cy0x 9
cd0x 10
c30x 11
c10x 12
cw5x 13
ct5x 14
cx5x 15
cj5x 16
cq5x 17
co5x 18
cl5x 19
c65x 20
c25x 21
ch5x 22
cc5x 23
cm5x 24
ca5x 25
cf5x 26
si5x 27
ce5x 28
c75x 29
cr5x 0
ck5x 1
cb5x 2
su5x 3
cv5x 4
c05x 5
c55x 6
cp5x 7
c85x 8
c45x 9
cn5x 10
c95x 11
cg5x 12
cz5x 13
cs5x 14
cy5x 15
cd5x 16
c35x 17
c15x 18
cwpx 19
stpx 20
cxpx 21
cjpx 22
cqpx 23
copx 24
clpx 25
c6px 26
c2px 27
chpx 28
scpx 29
cmpx 0
capx 1
cfpx 2
cipx 3
cepx 4
c7px 5
crpx 6
ckpx 7
cbpx 8
cupx 9
cvpx 10
c0px 11
c5px 12
cppx 13
c8px 14
c4px 15
cnpx 16
c9px 17
s7mx 18
crmx 19
ckmx 20
cbmx 21
cumx 22
cvmx 23
c0mx 24
s5mx 25
cpmx 26
c8mx 27
c4mx 28
cnmx 29
c9mx 0
cgmx 1
czmx 2
csmx 3
cymx 4
cdmx 5
c3mx 6
c1mx 7
cwax 8
ctax 9
sxax 10
cjax 11
cqax 12
coax 13
clax 14
c6ax 15
c2ax 16
chax 17
ccax 18
cmax 19
saax 20
cfax 21
ciax 22
ceax 23
c7ax 24
crax 25
ckax 26
cbax 27
cuax 28
cvax 29
c0ax 0
c5ax 1
cpax 2
c8ax 3
c4ax 4
cnax 5
c9ax 6
sgax 7
czax 8
csax 9
cyax 10
cdax 11
c3ax 12
c1ax 13
cwfx 14
ctfx 15
cxfx 16
cjfx 17
cqfx 18
cofx 19
slfx 20
c6fx 21
c2fx 22
chfx 23
ccfx 24
cmfx 25
cafx 26
cffx 27
cifx 28
cefx 29
c7fx 0
crfx 1
ckfx 2
cbfx 3
cufx 4
cvfx 5
c0fx 6
s5fx 7
cpfx 8
c8fx 9
c4fx 10
cnfx 11
c9fx 12
cgfx 13
czfx 14
csfx 15
cyfx 16
cdfx 17
c3fx 18
c1fx 19
swix 20
ctix 21
cxix 22
cjix 23
cqix 24
coix 25
clix 26
c6ix 27
c2ix 28
chix 29
ccix 0
cmix 1
caix 2
cfix 3
ciix 4
ceix 5
c7ix 6
crix 7
ckix 8
cbix 9
spxo 10
c8xo 11
c4xo 12
cnxo 13
c9xo 14
cgxo 15
czxo 16
csxo 17
cyxo 18
cdxo 19
c3xo 20
c1xo 21
cwjo 22
stjo 23
cxjo 24
cjjo 25
cqjo 26
cojo 27
cljo 28
c6jo 29
c2jo 0
chjo 1
ccjo 2
cmjo 3
cajo 4
sfjo 5
cijo 6
cejo 7
c7jo 8
crjo 9
ckjo 10
cbjo 11
cujo 12
cvjo 13
c0jo 14
c5jo 15
cpjo 16
s8jo 17
c4jo 18
cnjo 19
c9jo 20
cgjo 21
czjo 22
csjo 23
cyjo 24
cdjo 25
c3jo 26
c1jo 27
cwqo 28
ctqo 29
sxqo 0
cjqo 1
cqqo 2
soqo 3
clqo 4
c6qo 5
c2qo 6
chqo 7
ccqo 8
cmqo 9
caqo 10
cfqo 11
ciqo 12
ceqo 13
c7qo 14
crqo 15
ckqo 16
cbqo 17
cuqo 18
cvqo 19
c0qo 20
c5qo 21
spqo 22
c8qo 23
c4qo 24
cnqo 25
c9qo 26
cgqo 27
czqo 28
csqo 29
cyqo 0
cdqo 1
c3qo 2
c1qo 3
cwoo 4
ctoo 5
cxoo 6
cjoo 7
sqoo 8
cooo 9
cloo 10
c6oo 11
c2oo 12
choo 13
ccoo 14
cmoo 15
sh5q 16
cc5q 17
cm5q 18
ca5q 19
cf5q 20
ci5q 21
ce5q 22
c75q 23
sr5q 24
ck5q 25
cb5q 26
cu5q 27
cv5q 28
c05q 29
c55q 0
cp5q 1
c85q 2
c45q 3
cn5q 4
c95q 5
cg5q 6
cz5q 7
cs5q 8
cy5q 9
cd5q 10
c35q 11
c15q 12
cwpq 13
stpq 14
cxpq 15
cjpq 16
cqpq 17
sopq 18
clpq 19
c6pq 20
c2pq 21
chpq 22
ccpq 23
cmpq 24
capq 25
sfpq 26
cipq 27
cepq 28
c7pq 29
crpq 0
ckpq 1
cbpq 2
cupq 3
cvpq 4
c0pq 5
c5pq 6
cppq 7
c8pq 8
c4pq 9
cnpq 10
c9pq 11
cgpq 12
czpq 13
sspq 14
cypq 15
cdpq 16
c3pq 17
c1pq 18
cw8q 19
ct8q 20
cx8q 21
cj8q 22
cq8q 23
co8q 24
cl8q 25
c68q 26
c28q 27
ch8q 28
cc8q 29
cm8q 0
ca8q 1
sf8q 2
ci8q 3
ce8q 4
c78q 5
cr8q 6
ck8q 7
cb8q 8
cu8q 9
cv8q 10
c08q 11
c58q 12
sp8q 13
c88q 14
c48q 15
cn8q 16
c98q 17
cg8q 18
cz8q 19
cs8q 20
cy8q 21
cd8q 22
c38q 23
c18q 24
cw4q 25
ct4q 26
cx4q 27
cj4q 28
cq4q 29
co4q 0
sw5t 1
ct5t 2
cx5t 3
cj5t 4
cq5t 5
co5t 6
cl5t 7
c65t 8
c25t 9
ch5t 10
cc5t 11
cm5t 12
ca5t 13
cf5t 14
ci5t 15
se5t 16
c75t 17
cr5t 18
ck5t 19
cb5t 20
cu5t 21
cv5t 22
c05t 23
c55t 24
cp5t 25
c85t 26
c45t 27
cn5t 28
c95t 29
cg5t 0
cz5t 1
cs5t 2
cy5t 3
cd5t 4
s35t 5
c15t 6
swpt 7
ctpt 8
cxpt 9
cjpt 10
cqpt 11
copt 12
clpt 13
c6pt 14
c2pt 15
chpt 16
ccpt 17
smpt 18
capt 19
cfpt 20
cipt 21
cept 22
c7pt 23
crpt 24
ckpt 25
cbpt 26
cupt 27
cvpt 28
c0pt 29
c5pt 0
cppt 1
c8pt 2
c4pt 3
cnpt 4
c9pt 5
cgpt 6
szpt 7
cspt 8
cypt 9
sdpt 10
c3pt 11
s1pt 12
cw8t 13
ct8t 14
cx8t 15
cj8t 16
cq8t 17
co8t 18
cl8t 19
c68t 20
c28t 21
ch8t 22
cc8t 23
cm8t 24
ca8t 25
cf8t 26
ci8t 27
ce8t 28
c78t 29
cr8t 0
ck8t 1
sruq 2
ckuq 3
cbuq 4
suuq 5
cvuq 6
c0uq 7
c5uq 8
cpuq 9
c8uq 10
c4uq 11
cnuq 12
c9uq 13
cguq 14
czuq 15
csuq 16
cyuq 17
cduq 18
c3uq 19
c1uq 20
cwvq 21
ctvq 22
cxvq 23
sjvq 24
cqvq 25
covq 26
clvq 27
c6vq 28
c2vq 29
chvq 0
ccvq 1
cmvq 2
cavq 3
cfvq 4
civq 5
cevq 6
c7vq 7
crvq 8
ckvq 9
cbvq 10
cuvq 11
svvq 12
c0vq 13
c5vq 14
cpvq 15
c8vq 16
c4vq 17
cnvq 18
c9vq 19
sgvq 20
czvq 21
csvq 22
cyvq 23
cdvq 24
c3vq 25
c1vq 26
cw0q 27
ct0q 28
cx0q 29
cj0q 0
cq0q 1
so0q 2
cl0q 3
c60q 4
c20q 5
ch0q 6
cc0q 7
cm0q 8
ca0q 9
cf0q 10
ci0q 11
ce0q 12
c70q 13
cr0q 14
sk0q 15
cb0q 16
cu0q 17
cv0q 18
c00q 19
c50q 20
cp0q 21
c80q 22
c40q 23
cn0q 24
c90q 25
cg0q 26
cz0q 27
cs0q 28
sy0q 29
cd0q 0
c30q 1
c10q 2
cw5q 3
ct5q 4
cx5q 5
cj5q 6
cq5q 7
co5q 8
cl5q 9
c65q 10
c25q 11
sirt 12
cert 13
c7rt 14
crrt 15
ckrt 16
cbrt 17
curt 18
cvrt 19
c0rt 20
c5rt 21
cprt 22
c8rt 23
s4rt 24
cnrt 25
c9rt 26
cgrt 27
czrt 28
csrt 29
cyrt 0
cdrt 1
c3rt 2
c1rt 3
cwkt 4
ctkt 5
cxkt 6
cjkt 7
cqkt 8
cokt 9
clkt 10
s6kt 11
c2kt 12
chkt 13
cckt 14
cmkt 15
cakt 16
cfkt 17
cikt 18
cekt 19
c7kt 20
crkt 21
ckkt 22
cbkt 23
cukt 24
cvkt 25
c0kt 26
c5kt 27
spkt 28
c8kt 29
c4kt 0
cnkt 1
c9kt 2
cgkt 3
czkt 4
cskt 5
cykt 6
cdkt 7
c3kt 8
c1kt 9
cwbt 10
ctbt 11
cxbt 12
cjbt 13
sqbt 14
cobt 15
clbt 16
c6bt 17
c2bt 18
chbt 19
ccbt 20
cmbt 21
cabt 22
cfbt 23
cibt 24
sebt 25
c7bt 26
crbt 27
ckbt 28
cbbt 29
cubt 0
cvbt 1
c0bt 2
c5bt 3
cpbt 4
c8bt 5
c4bt 6
snbt 7
c9bt 8
cgbt 9
szbt 10
csbt 11
cybt 12
cdbt 13
c3bt 14
c1bt 15
cwut 16
ctut 17
cxut 18
cjut 19
cqut 20
cout 21
clut 22
c6ut 23
c2ut 24
s4et 25
cnet 26
s9et 27
cget 28
czet 29
sset 0
cyet 1
cdet 2
c3et 3
c1et 4
cw7t 5
ct7t 6
sx7t 7
cj7t 8
cq7t 9
co7t 10
cl7t 11
c67t 12
s27t 13
ch7t 14
cc7t 15
cm7t 16
ca7t 17
cf7t 18
si7t 19
ce7t 20
c77t 21
cr7t 22
ck7t 23
cb7t 24
cu7t 25
cv7t 26
c07t 27
c57t 28
sp7t 29
c87t 0
c47t 1
cn7t 2
c97t 3
cg7t 4
cz7t 5
cs7t 6
cy7t 7
cd7t 8
s37t 9
c17t 10
cwrt 11
ctrt 12
cxrt 13
cjrt 14
cqrt 15
cort 16
clrt 17
c6rt 18
c2rt 19
chrt 20
ccrt 21
cmrt 22
cart 23
cfrt 24
svmt 25
c0mt 26
c5mt 27
cpmt 28
c8mt 29
c4mt 0
cnmt 1
c9mt 2
cgmt 3
czmt 4
csmt 5
cymt 6
cdmt 7
c3mt 8
c1mt 9
cwat 10
ctat 11
cxat 12
cjat 13
cqat 14
soat 15
clat 16
c6at 17
c2at 18
chat 19
ccat 20
cmat 21
caat 22
cfat 23
siat 24
ceat 25
c7at 26
crat 27
ckat 28
cbat 29
suat 0
cvat 1
c0at 2
c5at 3
cpat 4
c8at 5
c4at 6
cnat 7
c9at 8
cgat 9
czat 10
csat 11
cyat 12
cdat 13
c3at 14
s1at 15
cwft 16
ctft 17
cxft 18
cjft 19
cqft 20
coft 21
clft 22
c6ft 23
s2ft 24
chft 25
ccft 26
cmft 27
saft 28
cfft 29
cift 0
ceft 1
s7ft 2
crft 3
ckft 4
cbft 5
cuft 6
cvft 7
c0ft 8
c5ft 9
segq 10
c7gq 11
crgq 12
ckgq 13
cbgq 14
cugq 15
cvgq 16
c0gq 17
c5gq 18
cpgq 19
c8gq 20
c4gq 21
cngq 22
c9gq 23
cggq 24
czgq 25
csgq 26
cygq 27
cdgq 28
c3gq 29
s1gq 0
cwzq 1
ctzq 2
cxzq 3
cjzq 4
sqzq 5
cozq 6
clzq 7
c6zq 8
c2zq 9
chzq 10
cczq 11
cmzq 12
sazq 13
cfzq 14
cizq 15
cezq 16
c7zq 17
crzq 18
ckzq 19
cbzq 20
cuzq 21
cvzq 22
c0zq 23
c5zq 24
cpzq 25
c8zq 26
c4zq 27
cnzq 28
c9zq 29
cgzq 0
czzq 1
sszq 2
cyzq 3
cdzq 4
c3zq 5
c1zq 6
cwsq 7
ctsq 8
cxsq 9
cjsq 10
cqsq 11
cosq 12
clsq 13
c6sq 14
c2sq 15
chsq 16
ccsq 17
cmsq 18
sasq 19
cfsq 20
cisq 21
cesq 22
c7sq 23
crsq 24
cksq 25
cbsq 26
cusq 27
cvsq 28
c0sq 29
c5sq 0
cpsq 1
c8sq 2
c4sq 3
cnsq 4
c9sq 5
cgsq 6
czsq 7
sssq 8
cysq 9
cdsq 10
c3sq 11
c1sq 12
cwyq 13
ctyq 14
cxyq 15
cjyq 16
cqyq 17
coyq 18
clyq 19
c6yq 20
c2yq 21
chyq 22
ccyq 23
cmyq 24
sayq 25
cfyq 26
ciyq 27
ceyq 28
c7yq 29
cryq 0
ckyq 1
sbyq 2
cuyq 3
cvyq 4
c0yq 5
c5yq 6
cpyq 7
c8yq 8
c4yq 9
cnyq 10
c9yq 11
cgyq 12
czyq 13
csyq 14
cyyq 15
cdyq 16
s3yq 17
c1yq 18
cwdq 19
ctdq 20
cxdq 21
cjdq 22
cqdq 23
codq 24
cldq 25
c6dq 26
c2dq 27
chdq 28
ccdq 29
cmdq 0
cadq 1
sfdq 2
cidq 3
cedq 4
c7dq 5
crdq 6
ckdq 7
cbdq 8
cudq 9
cvdq 10
c0dq 11
c5dq 12
cpdq 13
c8dq 14
c4dq 15
cndq 16
c9dq 17
cgdq 18
czdq 19
ssdq 20
cydq 21
cddq 22
c3dq 23
c1dq 24
cw3q 25
ct3q 26
cx3q 27
cj3q 28
cq3q 29
co3q 0
sl3q 1
c63q 2
c23q 3
ch3q 4
cc3q 5
cm3q 6
ca3q 7
cf3q 8
ci3q 9
ce3q 10
c73q 11
cr3q 12
ck3q 13
cb3q 14
cu3q 15
cv3q 16
c03q 17
c53q 18
sp3q 19
c83q 20
c43q 21
cn3q 22
c93q 23
cg3q 24
cz3q 25
cs3q 26
cy3q 27
cd3q 28
s33q 29
c13q 0
cw1q 1
ct1q 2
cx1q 3
cj1q 4
cq1q 5
co1q 6
cl1q 7
c61q 8
c21q 9
ch1q 10
cc1q 11
cm1q 12
ca1q 13
cf1q 14
ci1q 15
se1q 16
c71q 17
cr1q 18
ck1q 19
cb1q 20
cu1q 21
cv1q 22
c01q 23
c51q 24
cp1q 25
c81q 26
c41q 27
cn1q 28
c91q 29
s9ot 0
cgot 1
czot 2
csot 3
cyot 4
cdot 5
c3ot 6
c1ot 7
cwlt 8
ctlt 9
cxlt 10
cjlt 11
cqlt 12
colt 13
cllt 14
s6lt 15
c2lt 16
chlt 17
cclt 18
cmlt 19
calt 20
cflt 21
cilt 22
celt 23
c7lt 24
crlt 25
cklt 26
cblt 27
sult 28
cvlt 29
s0lt 0
c5lt 1
cplt 2
c8lt 3
c4lt 4
cnlt 5
c9lt 6
cglt 7
czlt 8
cslt 9
cylt 10
cdlt 11
c3lt 12
c1lt 13
cw6t 14
ct6t 15
cx6t 16
sj6t 17
cq6t 18
co6t 19
cl6t 20
c66t 21
c26t 22
ch6t 23
cc6t 24
cm6t 25
ca6t 26
cf6t 27
ci6t 28
ce6t 29
c76t 0
cr6t 1
ck6t 2
cb6t 3
cu6t 4
cv6t 5
s06t 6
c56t 7
cp6t 8
c86t 9
c46t 10
cn6t 11
c96t 12
cg6t 13
cz6t 14
cs6t 15
cy6t 16
cd6t 17
c36t 18
c16t 19
cw2t 20
ct2t 21
cx2t 22
sj2t 23
cq2t 24
co2t 25
cl2t 26
c62t 27
c22t 28
ch2t 29
cc2t 0
cm2t 1
ca2t 2
cf2t 3
ci2t 4
ce2t 5
c72t 6
cr2t 7
ck2t 8
sb2t 9
cu2t 10
cv2t 11
c02t 12
c52t 13
cp2t 14
c82t 15
c42t 16
cn2t 17
sajt 18
cfjt 19
cijt 20
cejt 21
c7jt 22
srjt 23
ckjt 24
cbjt 25
cujt 26
cvjt 27
c0jt 28
c5jt 29
cpjt 0
c8jt 1
c4jt 2
cnjt 3
c9jt 4
cgjt 5
szjt 6
csjt 7
cyjt 8
cdjt 9
c3jt 10
c1jt 11
cwqt 12
ctqt 13
cxqt 14
cjqt 15
cqqt 16
coqt 17
clqt 18
c6qt 19
c2qt 20
chqt 21
ccqt 22
smqt 23
caqt 24
cfqt 25
ciqt 26
ceqt 27
c7qt 28
crqt 29
ckqt 0
cbqt 1
cuqt 2
svqt 3
c0qt 4
c5qt 5
cpqt 6
c8qt 7
c4qt 8
cnqt 9
c9qt 10
cgqt 11
czqt 12
ssqt 13
cyqt 14
cdqt 15
c3qt 16
c1qt 17
cwot 18
ctot 19
cxot 20
cjot 21
cqot 22
coot 23
slot 24
c6ot 25
c2ot 26
chot 27
ccot 28
cmot 29
caot 0
cfot 1
ciot 2
ceot 3
c7ot 4
crot 5
ckot 6
cbot 7
cuot 8
cvot 9
c0ot 10
c5ot 11
cpot 12
s8ot 13
c4ot 14
cnot 15
sbwt 16
cuwt 17
cvwt 18
c0wt 19
c5wt 20
cpwt 21
c8wt 22
c4wt 23
cnwt 24
c9wt 25
cgwt 26
czwt 27
cswt 28
cywt 29
cdwt 0
c3wt 1
c1wt 2
swtt 3
cttt 4
cxtt 5
cjtt 6
cqtt 7
cott 8
cltt 9
c6tt 10
c2tt 11
chtt 12
cctt 13
cmtt 14
catt 15
cftt 16
citt 17
sett 18
c7tt 19
crtt 20
cktt 21
cbtt 22
cutt 23
svtt 24
c0tt 25
c5tt 26
cptt 27
c8tt 28
c4tt 29
cntt 0
c9tt 1
cgtt 2
cztt 3
cstt 4
cytt 5
sdtt 6
c3tt 7
c1tt 8
cwxt 9
ctxt 10
cxxt 11
cjxt 12
sqxt 13
coxt 14
clxt 15
c6xt 16
c2xt 17
chxt 18
ccxt 19
cmxt 20
caxt 21
cfxt 22
cixt 23
sext 24
c7xt 25
crxt 26
ckxt 27
cbxt 28
cuxt 29
cvxt 0
c0xt 1
c5xt 2
cpxt 3
c8xt 4
c4xt 5
cnxt 6
c9xt 7
cgxt 8
czxt 9
csxt 10
cyxt 11
sdxt 12
c3xt 13
c1xt 14
cwjt 15
ctjt 16
cxjt 17
cjjt 18
cqjt 19
cojt 20
cljt 21
c6jt 22
c2jt 23
chjt 24
ccjt 25
cmjt 26
sou 27
clu 28
c6u 29
c2u 0
shu 1
ccu 2
cmu 3
cau 4
cfu 5
siu 6
ceu 7
c7u 8
sru 9
cku 10
cbu 11
cuu 12
cvu 13
c0u 14
c5u 15
cpu 16
c8u 17
c4u 18
snu 19
c9u 20
cgu 21
czu 22
csu 23
cyu 24
cdu 25
c3u 26
c1u 27
cwv 28
ctv 29
cxv 0
cjv 1
cqv 2
sov 3
clv 4
c6v 5
c2v 6
chv 7
ccv 8
cmv 9
cav 10
cfv 11
civ 12
cev 13
s7v 14
crv 15
ckv 16
cbv 17
cuv 18
cvv 19
c0v 20
c5v 21
spv 22
c8v 23
c4v 24
cnv 25
c9v 26
cgv 27
czv 28
csv 29
cyv 0
cdv 1
sgc 2
czc 3
csc 4
cyc 5
cdc 6
s3c 7
c1c 8
cwm 9
ctm 10
cxm 11
cjm 12
cqm 13
com 14
clm 15
c6m 16
c2m 17
chm 18
ccm 19
cmm 20
cam 21
cfm 22
sim 23
cem 24
c7m 25
crm 26
ckm 27
cbm 28
cum 29
cvm 0
c0m 1
c5m 2
cpm 3
s8m 4
c4m 5
cnm 6
c9m 7
cgm 8
czm 9
csm 10
cym 11
cdm 12
c3m 13
c1m 14
cwa 15
cta 16
sxa 17
cja 18
cqa 19
coa 20
sla 21
c6a 22
c2a 23
cha 24
cca 25
cma 26
caa 27
cfa 28
cia 29
cea 0
c7a 1
cra 2
cka 3
cba 4
cua 5
cva 6
c0a 7
c5a 8
spa 9
c8a 10
c4a 11
cna 12
c9a 13
cga 14
cza 15
csa 16
sya 17
cda 18
c3a 19
c1a 20
cwf 21
ctf 22
cxf 23
cjf 24
cqf 25
cof 26
clf 27
c6f 28
c2f 29
chf 0
ccf 1
cmf 2
sq6 3
co6 4
cl6 5
c66 6
c26 7
ch6 8
sc6 9
cm6 10
ca6 11
cf6 12
ci6 13
ce6 14
c76 15
cr6 16
ck6 17
cb6 18
cu6 19
cv6 20
c06 21
c56 22
cp6 23
s86 24
c46 25
cn6 26
c96 27
cg6 28
cz6 29
cs6 0
cy6 1
cd6 2
c36 3
s16 4
cw2 5
ct2 6
cx2 7
sj2 8
cq2 9
co2 10
cl2 11
c62 12
c22 13
ch2 14
cc2 15
cm2 16
ca2 17
cf2 18
ci2 19
ce2 20
c72 21
sr2 22
ck2 23
cb2 24
cu2 25
cv2 26
c02 27
c52 28
cp2 29
c82 0
c42 1
cn2 2
c92 3
cg2 4
cz2 5
cs2 6
cy2 7
sd2 8
c32 9
c12 10
cwh 11
cth 12
cxh 13
cjh 14
cqh 15
coh 16
clh 17
c6h 18
c2h 19
chh 20
sch 21
cmh 22
cah 23
cfh 24
cih 25
ceh 26
c7h 27
crh 28
ckh 29
cbh 0
cuh 1
cvh 2
sg1q 3
cz1q 4
cs1q 5
cy1q 6
cd1q 7
c31q 8
c11q 9
cwwo 10
ctwo 11
cxwo 12
cjwo 13
cqwo 14
sowo 15
clwo 16
c6wo 17
c2wo 18
shwo 19
ccwo 20
cmwo 21
cawo 22
cfwo 23
ciwo 24
cewo 25
c7wo 26
crwo 27
ckwo 28
cbwo 29
cuwo 0
cvwo 1
s0wo 2
c5wo 3
cpwo 4
c8wo 5
c4wo 6
cnwo 7
c9wo 8
cgwo 9
czwo 10
cswo 11
cywo 12
cdwo 13
c3wo 14
c1wo 15
cwto 16
ctto 17
cxto 18
cjto 19
cqto 20
soto 21
clto 22
c6to 23
c2to 24
chto 25
ccto 26
cmto 27
cato 28
cfto 29
cito 0
ceto 1
c7to 2
crto 3
ckto 4
cbto 5
cuto 6
cvto 7
c0to 8
c5to 9
spto 10
c8to 11
c4to 12
cnto 13
c9to 14
cgto 15
czto 16
csto 17
cyto 18
cdto 19
c3to 20
c1to 21
cwxo 22
ctxo 23
cxxo 24
cjxo 25
sqxo 26
coxo 27
clxo 28
c6xo 29
c2xo 0
chxo 1
ccxo 2
cmxo 3
caxo 4
cfxo 5
cixo 6
sexo 7
c7xo 8
crxo 9
ckxo 10
cbxo 11
cuxo 12
cvxo 13
c0xo 14
c5xo 15
s2t 16
cht 17
cct 18
cmt 19
cat 20
cft 21
cit 22
cet 23
c7t 24
crt 25
ckt 26
cbt 27
cut 28
cvt 29
c0t 0
c5t 1
cpt 2
c8t 3
s4t 4
cnt 5
c9t 6
sgt 7
czt 8
cst 9
cyt 10
cdt 11
c3t 12
c1t 13
cwx 14
ctx 15
cxx 16
cjx 17
cqx 18
cox 19
clx 20
c6x 21
c2x 22
chx 23
ccx 24
cmx 25
cax 26
sfx 27
cix 28
cex 29
c7x 0
crx 1
ckx 2
cbx 3
cux 4
cvx 5
c0x 6
c5x 7
cpx 8
c8x 9
c4x 10
cnx 11
c9x 12
sgx 13
czx 14
csx 15
cyx 16
cdx 17
c3x 18
c1x 19
cwj 20
ctj 21
cxj 22
sjj 23
cqj 24
coj 25
clj 26
c6j 27
c2j 28
chj 29
ccj 0
cmj 1
saj 2
cfj 3
cij 4
cej 5
c7j 6
crj 7
ckj 8
cbj 9
cuj 10
cvj 11
c0j 12
c5j 13
cpj 14
c8j 15
c4j 16
cnj 17
c9j 18
cgj 19
czj 20
csj 21
syj 22
cdj 23
c3j 24
c1j 25
cwq 26
ctq 27
cxq 28
cjq 29
cqq 0
coq 1
clq 2
sv2o 3
c02o 4
c52o 5
cp2o 6
c82o 7
c42o 8
cn2o 9
c92o 10
cg2o 11
cz2o 12
cs2o 13
cy2o 14
cd2o 15
c32o 16
s12o 17
cwho 18
ctho 19
cxho 20
cjho 21
cqho 22
coho 23
clho 24
c6ho 25
c2ho 26
chho 27
ccho 28
cmho 29
caho 0
sfho 1
ciho 2
ceho 3
c7ho 4
crho 5
ckho 6
sbho 7
cuho 8
cvho 9
c0ho 10
c5ho 11
cpho 12
c8ho 13
c4ho 14
cnho 15
c9ho 16
cgho 17
czho 18
ssho 19
cyho 20
cdho 21
c3ho 22
c1ho 23
cwco 24
ctco 25
cxco 26
cjco 27
cqco 28
coco 29
clco 0
c6co 1
c2co 2
shco 3
ccco 4
cmco 5
caco 6
cfco 7
cico 8
ceco 9
c7co 10
srco 11
ckco 12
cbco 13
cuco 14
cvco 15
c0co 16
s5co 17
cpco 18
c8co 19
c4co 20
cnco 21
c9co 22
cgco 23
czco 24
csco 25
