591
s5f 0
spf 1
s8f 2
s4f 0
snf 1
s9f 2
sgf 0
szf 1
ssf 2
syf 0
sdf 1
s3f 2
s1f 0
swi 1
sti 2
sxi 0
sji 1
sqi 2
soi 0
sli 1
s6i 2
s2i 0
shi 1
sci 2
smi 0
sai 1
sfi 2
sii 0
sei 1
s7i 2
sri 0
ski 1
sbi 2
sui 0
svi 1
s0i 2
s5i 0
spi 1
s8i 2
s4i 0
sni 1
s9i 2
sgi 0
szi 1
ssi 2
syi 0
sdi 1
s3i 2
s1i 0
swe 1
ste 2
sxe 0
sje 1
sqe 2
soe 0
sle 1
s6e 2
s2e 0
she 1
sce 2
sme 0
sae 1
sfe 2
sie 0
see 1
s7e 2
sre 0
ske 1
sbe 2
sue 0
sve 1
s0e 2
s5e 0
spe 1
s8e 2
s4e 0
sne 1
s9e 2
sge 0
sze 1
sse 2
sye 0
sde 1
s3e 2
s1e 0
sw7 1
st7 2
sx7 0
sj7 1
sq7 2
so7 0
sl7 1
s67 2
s27 0
sh7 1
sc7 2
sm7 0
sa7 1
sf7 2
si7 0
ce7 1
stm 2
sxm 0
sjm 1
sqm 2
som 0
slm 1
s6m 2
s2m 0
shm 1
scm 2
smm 0
sam 1
sfm 2
sim 0
sem 1
s7m 2
srm 0
skm 1
sbm 2
sum 0
svm 1
s0m 2
s5m 0
spm 1
s8m 2
s4m 0
snm 1
s9m 2
sgm 0
szm 1
ssm 2
sym 0
sdm 1
s3m 2
s1m 0
swa 1
sta 2
sxa 0
sja 1
sqa 2
soa 0
sla 1
s6a 2
s2a 0
sha 1
sca 2
sma 0
saa 1
sfa 2
sia 0
sea 1
s7a 2
sra 0
ska 1
sba 2
sua 0
sva 1
s0a 2
s5a 0
spa 1
s8a 2
s4a 0
sna 1
s9a 2
sga 0
sza 1
ssa 2
sya 0
sda 1
s3a 2
s1a 0
swf 1
stf 2
sxf 0
sjf 1
sqf 2
sof 0
slf 1
s6f 2
s2f 0
shf 1
scf 2
smf 0
saf 1
sff 2
sif 0
sef 1
s7f 2
srf 0
skf 1
sbf 2
suf 0
svf 1
c0f 2
s82 0
s42 1
sn2 2
s92 0
sg2 1
sz2 2
ss2 0
sy2 1
sd2 2
s32 0
s12 1
swh 2
sth 0
sxh 1
sjh 2
sqh 0
soh 1
slh 2
s6h 0
s2h 1
shh 2
sch 0
smh 1
sah 2
sfh 0
sih 1
seh 2
s7h 0
srh 1
skh 2
sbh 0
suh 1
svh 2
s0h 0
s5h 1
sph 2
s8h 0
s4h 1
snh 2
s9h 0
sgh 1
szh 2
ssh 0
syh 1
sdh 2
s3h 0
s1h 1
swc 2
stc 0
sxc 1
sjc 2
sqc 0
soc 1
slc 2
s6c 0
s2c 1
shc 2
scc 0
smc 1
sac 2
sfc 0
sic 1
sec 2
s7c 0
src 1
skc 2
sbc 0
suc 1
svc 2
s0c 0
s5c 1
spc 2
s8c 0
s4c 1
snc 2
s9c 0
sgc 1
szc 2
ssc 0
syc 1
sdc 2
s3c 0
s1c 1
cwm 2
s5l 0
spl 1
s8l 2
s4l 0
snl 1
s9l 2
sgl 0
szl 1
ssl 2
syl 0
sdl 1
s3l 2
s1l 0
sw6 1
st6 2
sx6 0
sj6 1
sq6 2
so6 0
sl6 1
s66 2
s26 0
sh6 1
sc6 2
sm6 0
sa6 1
sf6 2
si6 0
se6 1
s76 2
sr6 0
sk6 1
sb6 2
su6 0
sv6 1
s06 2
s56 0
sp6 1
s86 2
s46 0
sn6 1
s96 2
sg6 0
sz6 1
ss6 2
sy6 0
sd6 1
s36 2
s16 0
sw2 1
st2 2
sx2 0
sj2 1
sq2 2
so2 0
sl2 1
s62 2
s22 0
sh2 1
sc2 2
sm2 0
sa2 1
sf2 2
si2 0
se2 1
s72 2
sr2 0
sk2 1
sb2 2
su2 0
sv2 1
s02 2
s52 0
cp2 1
ssq 2
syq 0
sdq 1
s3q 2
s1q 0
swo 1
sto 2
sxo 0
sjo 1
sqo 2
soo 0
slo 1
s6o 2
s2o 0
sho 1
sco 2
smo 0
sao 1
sfo 2
sio 0
seo 1
s7o 2
sro 0
sko 1
sbo 2
suo 0
svo 1
s0o 2
s5o 0
spo 1
s8o 2
s4o 0
sno 1
s9o 2
sgo 0
szo 1
sso 2
syo 0
sdo 1
s3o 2
s1o 0
swl 1
stl 2
sxl 0
sjl 1
sql 2
sol 0
sll 1
s6l 2
s2l 0
shl 1
scl 2
sml 0
sal 1
sfl 2
sil 0
sel 1
s7l 2
srl 0
skl 1
sbl 2
sul 0
svl 1
c0l 2
sfj 0
sij 1
sej 2
s7j 0
srj 1
skj 2
sbj 0
suj 1
svj 2
s0j 0
s5j 1
spj 2
s8j 0
s4j 1
snj 2
s9j 0
sgj 1
szj 2
ssj 0
syj 1
sdj 2
s3j 0
s1j 1
swq 2
stq 0
sxq 1
sjq 2
sqq 0
soq 1
slq 2
s6q 0
s2q 1
shq 2
scq 0
smq 1
saq 2
sfq 0
siq 1
seq 2
s7q 0
srq 1
skq 2
sbq 0
suq 1
svq 2
s0q 0
s5q 1
spq 2
s8q 0
s4q 1
snq 2
s9q 0
sgq 1
czq 2
sox 0
slx 1
s6x 2
s2x 0
shx 1
scx 2
smx 0
sax 1
sfx 2
six 0
sex 1
s7x 2
srx 0
skx 1
sbx 2
sux 0
svx 1
s0x 2
s5x 0
spx 1
s8x 2
s4x 0
snx 1
s9x 2
sgx 0
szx 1
ssx 2
syx 0
sdx 1
s3x 2
s1x 0
swj 1
stj 2
sxj 0
sjj 1
sqj 2
soj 0
slj 1
s6j 2
s2j 0
shj 1
scj 2
smj 0
caj 1
s6t 2
s2t 0
sht 1
sct 2
smt 0
sat 1
sft 2
sit 0
set 1
s7t 2
srt 0
skt 1
sbt 2
sut 0
svt 1
s0t 2
s5t 0
spt 1
s8t 2
s4t 0
snt 1
s9t 2
sgt 0
szt 1
sst 2
syt 0
sdt 1
s3t 2
s1t 0
swx 1
stx 2
sxx 0
sjx 1
cqx 2
sb 0
su 1
sv 2
s0 0
s5 1
sp 2
s8 0
s4 1
sn 2
s9 0
sg 1
sz 2
ss 0
sy 1
sd 2
s3 0
s1 1
swt 2
stt 0
sxt 1
sjt 2
sqt 0
sot 1
clt 2
so 0
sl 1
s6 2
s2 0
sh 1
sc 2
sm 0
sa 1
sf 2
si 0
se 1
s7 2
sr 0
ck 1
st 2
sx 0
sj 1
cq 2
