5150
s8yt 0
c4yt 1
snyt 2
s9yt 3
sgyt 4
szyt 5
ssyt 6
syyt 7
sdyt 8
s3yt 9
s1yt 10
swdt 11
stdt 12
sxdt 13
sjdt 14
sqdt 15
sodt 16
sldt 17
s6dt 18
s2dt 19
shdt 20
scdt 21
smdt 22
sadt 23
sfdt 24
sidt 25
sedt 26
s7dt 27
srdt 28
skdt 29
sbdt 30
sudt 31
svdt 32
s0dt 33
s5dt 34
spdt 35
s8dt 36
s4dt 37
sndt 38
s9dt 39
sgdt 40
szdt 41
ssdt 42
sydt 43
sddt 44
s3dt 45
s1dt 46
sw3t 47
st3t 48
sx3t 49
sj3t 50
sq3t 51
so3t 52
sl3t 53
s63t 54
s23t 55
sh3t 56
sc3t 57
sm3t 58
sa3t 59
sf3t 60
si3t 61
se3t 62
s73t 63
sr3t 64
sk3t 65
sb3t 66
su3t 67
sv3t 68
s03t 69
s53t 70
sp3t 71
s83t 72
s43t 73
sn3t 74
s93t 75
sg3t 76
sz3t 77
ss3t 78
sy3t 79
sd3t 80
s33t 81
s13t 82
sw1t 83
st1t 84
sx1t 85
sj1t 86
sq1t 87
so1t 88
sl1t 89
s61t 90
s21t 91
sh1t 92
sc1t 93
sm1t 94
sa1t 95
sf1t 96
si1t 97
se1t 98
s71t 99
sr1t 0
sk1t 1
cb1t 2
s2yj 3
chyj 4
scyj 5
smyj 6
sayj 7
sfyj 8
siyj 9
seyj 10
s7yj 11
sryj 12
skyj 13
sbyj 14
suyj 15
svyj 16
s0yj 17
s5yj 18
spyj 19
s8yj 20
s4yj 21
snyj 22
s9yj 23
sgyj 24
szyj 25
ssyj 26
syyj 27
sdyj 28
s3yj 29
s1yj 30
swdj 31
stdj 32
sxdj 33
sjdj 34
sqdj 35
sodj 36
sldj 37
s6dj 38
s2dj 39
shdj 40
scdj 41
smdj 42
sadj 43
sfdj 44
sidj 45
sedj 46
s7dj 47
srdj 48
skdj 49
sbdj 50
sudj 51
svdj 52
s0dj 53
s5dj 54
spdj 55
s8dj 56
s4dj 57
sndj 58
s9dj 59
sgdj 60
szdj 61
ssdj 62
sydj 63
sddj 64
s3dj 65
s1dj 66
sw3j 67
st3j 68
sx3j 69
sj3j 70
sq3j 71
so3j 72
sl3j 73
s63j 74
s23j 75
sh3j 76
sc3j 77
sm3j 78
sa3j 79
sf3j 80
si3j 81
se3j 82
s73j 83
sr3j 84
sk3j 85
sb3j 86
su3j 87
sv3j 88
s03j 89
s53j 90
sp3j 91
s83j 92
s43j 93
sn3j 94
s93j 95
sg3j 96
sz3j 97
ss3j 98
sy3j 99
sd3j 0
s33j 1
s13j 2
sw1j 3
st1j 4
cx1j 5
syx 6
cdx 7
s3x 8
s1x 9
swj 10
stj 11
sxj 12
sjj 13
sqj 14
soj 15
slj 16
s6j 17
s2j 18
shj 19
scj 20
smj 21
saj 22
sfj 23
sij 24
sej 25
s7j 26
srj 27
skj 28
sbj 29
suj 30
svj 31
s0j 32
s5j 33
spj 34
s8j 35
s4j 36
snj 37
s9j 38
sgj 39
szj 40
ssj 41
syj 42
sdj 43
s3j 44
s1j 45
swq 46
stq 47
sxq 48
sjq 49
sqq 50
soq 51
slq 52
s6q 53
s2q 54
shq 55
scq 56
smq 57
saq 58
sfq 59
siq 60
seq 61
s7q 62
srq 63
skq 64
sbq 65
suq 66
svq 67
s0q 68
s5q 69
spq 70
s8q 71
s4q 72
snq 73
s9q 74
sgq 75
szq 76
ssq 77
syq 78
sdq 79
s3q 80
s1q 81
swo 82
sto 83
sxo 84
sjo 85
sqo 86
soo 87
slo 88
s6o 89
s2o 90
sho 91
sco 92
smo 93
sao 94
sfo 95
sio 96
seo 97
s7o 98
sro 99
sko 0
sbo 1
suo 2
svo 3
s0o 4
s5o 5
spo 6
s8o 7
c4o 8
sno 9
c9o 10
sgo 11
szo 12
sso 13
syo 14
sdo 15
s3o 16
s1o 17
swl 18
stl 19
sxl 20
sjl 21
sql 22
sol 23
sll 24
s6l 25
s2l 26
shl 27
scl 28
sml 29
sal 30
sfl 31
sil 32
sel 33
s7l 34
srl 35
skl 36
sbl 37
sul 38
svl 39
s0l 40
s5l 41
spl 42
s8l 43
s4l 44
snl 45
s9l 46
sgl 47
szl 48
ssl 49
syl 50
sdl 51
s3l 52
s1l 53
sw6 54
st6 55
sx6 56
sj6 57
sq6 58
so6 59
sl6 60
s66 61
s26 62
sh6 63
sc6 64
sm6 65
sa6 66
sf6 67
si6 68
se6 69
s76 70
sr6 71
sk6 72
sb6 73
su6 74
sv6 75
s06 76
s56 77
sp6 78
s86 79
s46 80
sn6 81
s96 82
sg6 83
sz6 84
ss6 85
sy6 86
sd6 87
s36 88
s16 89
sw2 90
st2 91
sx2 92
sj2 93
sq2 94
so2 95
sl2 96
s62 97
s22 98
sh2 99
sc2 0
sm2 1
sa2 2
sf2 3
si2 4
se2 5
s72 6
sr2 7
sk2 8
sb2 9
su2 10
cv2 11
s02 12
c52 13
sp2 14
s82 15
s42 16
sn2 17
s92 18
sg2 19
sz2 20
ss2 21
sy2 22
sd2 23
s32 24
s12 25
swh 26
sth 27
sxh 28
sjh 29
sqh 30
soh 31
slh 32
s6h 33
s2h 34
shh 35
sch 36
smh 37
sah 38
sfh 39
sih 40
seh 41
s7h 42
srh 43
skh 44
sbh 45
suh 46
svh 47
s0h 48
s5h 49
sph 50
s8h 51
s4h 52
snh 53
s9h 54
sgh 55
szh 56
ssh 57
syh 58
sdh 59
s3h 60
s1h 61
swc 62
stc 63
sxc 64
sjc 65
sqc 66
soc 67
slc 68
s6c 69
s2c 70
shc 71
scc 72
smc 73
sac 74
sfc 75
sic 76
sec 77
s7c 78
src 79
skc 80
sbc 81
suc 82
svc 83
s0c 84
s5c 85
spc 86
s8c 87
s4c 88
snc 89
s9c 90
sgc 91
szc 92
ssc 93
syc 94
sdc 95
s3c 96
s1c 97
swm 98
stm 99
sxm 0
sjm 1
sqm 2
som 3
slm 4
s6m 5
s2m 6
shm 7
scm 8
smm 9
sam 10
sfm 11
sim 12
sem 13
c7m 14
srm 15
ckm 16
sbm 17
sum 18
svm 19
s0m 20
s5m 21
spm 22
s8m 23
s4m 24
snm 25
s9m 26
sgm 27
szm 28
ssm 29
sym 30
sdm 31
s3m 32
s1m 33
swa 34
sta 35
sxa 36
sja 37
sqa 38
soa 39
sla 40
s6a 41
s2a 42
sha 43
sca 44
sma 45
saa 46
sfa 47
sia 48
sea 49
s7a 50
sra 51
ska 52
sba 53
sua 54
sva 55
s0a 56
s5a 57
spa 58
s8a 59
s4a 60
sna 61
s9a 62
sga 63
sza 64
ssa 65
sya 66
sda 67
s3a 68
s1a 69
swf 70
stf 71
sxf 72
sjf 73
sqf 74
sof 75
slf 76
s6f 77
s2f 78
shf 79
scf 80
smf 81
saf 82
sff 83
sif 84
sef 85
s7f 86
srf 87
skf 88
sbf 89
suf 90
svf 91
s0f 92
s5f 93
spf 94
s8f 95
s4f 96
snf 97
s9f 98
sgf 99
szf 0
ssf 1
syf 2
sdf 3
s3f 4
s1f 5
swi 6
sti 7
sxi 8
sji 9
sqi 10
soi 11
sli 12
s6i 13
s2i 14
shi 15
sci 16
cmi 17
sai 18
cfi 19
sii 20
sei 21
s7i 22
sri 23
ski 24
sbi 25
sui 26
svi 27
s0i 28
s5i 29
spi 30
s8i 31
s4i 32
sni 33
s9i 34
sgi 35
szi 36
ssi 37
syi 38
sdi 39
s3i 40
s1i 41
swe 42
ste 43
sxe 44
sje 45
sqe 46
soe 47
sle 48
s6e 49
s2e 50
she 51
sce 52
sme 53
sae 54
sfe 55
sie 56
see 57
s7e 58
sre 59
ske 60
sbe 61
sue 62
sve 63
s0e 64
s5e 65
spe 66
s8e 67
s4e 68
sne 69
s9e 70
sge 71
sze 72
sse 73
sye 74
sde 75
s3e 76
s1e 77
sw7 78
st7 79
sx7 80
sj7 81
sq7 82
so7 83
sl7 84
s67 85
s27 86
sh7 87
sc7 88
sm7 89
sa7 90
sf7 91
si7 92
se7 93
s77 94
sr7 95
sk7 96
sb7 97
su7 98
sv7 99
s07 0
s57 1
sp7 2
s87 3
s47 4
sn7 5
s97 6
sg7 7
sz7 8
ss7 9
sy7 10
sd7 11
s37 12
s17 13
swr 14
str 15
sxr 16
sjr 17
sqr 18
sor 19
clr 20
s6r 21
c2r 22
shr 23
scr 24
smr 25
sar 26
sfr 27
sir 28
ser 29
s7r 30
srr 31
skr 32
sbr 33
sur 34
svr 35
s0r 36
s5r 37
spr 38
s8r 39
s4r 40
snr 41
s9r 42
sgr 43
szr 44
ssr 45
syr 46
sdr 47
s3r 48
s1r 49
swk 50
stk 51
sxk 52
sjk 53
sqk 54
sok 55
slk 56
s6k 57
s2k 58
shk 59
sck 60
smk 61
sak 62
sfk 63
sik 64
sek 65
s7k 66
srk 67
skk 68
sbk 69
suk 70
svk 71
s0k 72
s5k 73
spk 74
s8k 75
s4k 76
snk 77
s9k 78
sgk 79
szk 80
ssk 81
syk 82
sdk 83
s3k 84
s1k 85
swb 86
stb 87
sxb 88
sjb 89
sqb 90
sob 91
slb 92
s6b 93
s2b 94
shb 95
scb 96
smb 97
sab 98
sfb 99
sib 0
seb 1
s7b 2
srb 3
skb 4
sbb 5
sub 6
svb 7
s0b 8
s5b 9
spb 10
s8b 11
s4b 12
snb 13
s9b 14
sgb 15
szb 16
ssb 17
syb 18
sdb 19
s3b 20
s1b 21
swu 22
ctu 23
sxu 24
cju 25
squ 26
sou 27
slu 28
s6u 29
s2u 30
shu 31
scu 32
smu 33
sau 34
sfu 35
siu 36
seu 37
s7u 38
sru 39
sku 40
sbu 41
suu 42
svu 43
s0u 44
s5u 45
spu 46
s8u 47
s4u 48
snu 49
s9u 50
sgu 51
szu 52
ssu 53
syu 54
sdu 55
s3u 56
s1u 57
swv 58
stv 59
sxv 60
sjv 61
sqv 62
sov 63
slv 64
s6v 65
s2v 66
shv 67
scv 68
smv 69
sav 70
sfv 71
siv 72
sev 73
s7v 74
srv 75
skv 76
sbv 77
suv 78
svv 79
s0v 80
s5v 81
spv 82
s8v 83
s4v 84
snv 85
s9v 86
sgv 87
szv 88
ssv 89
syv 90
sdv 91
s3v 92
s1v 93
sw0 94
st0 95
sx0 96
sj0 97
sq0 98
so0 99
sl0 0
s60 1
s20 2
sh0 3
sc0 4
sm0 5
sa0 6
sf0 7
si0 8
se0 9
s70 10
sr0 11
sk0 12
sb0 13
su0 14
sv0 15
s00 16
s50 17
sp0 18
s80 19
s40 20
sn0 21
s90 22
sg0 23
sz0 24
ss0 25
cy0 26
sd0 27
c30 28
s10 29
sw5 30
st5 31
sx5 32
sj5 33
sq5 34
so5 35
sl5 36
s65 37
s25 38
sh5 39
sc5 40
sm5 41
sa5 42
sf5 43
si5 44
se5 45
s75 46
sr5 47
sk5 48
sb5 49
su5 50
sv5 51
s05 52
s55 53
sp5 54
s85 55
s45 56
sn5 57
s95 58
sg5 59
sz5 60
ss5 61
sy5 62
sd5 63
s35 64
s15 65
swp 66
stp 67
sxp 68
sjp 69
sqp 70
sop 71
slp 72
s6p 73
s2p 74
shp 75
scp 76
smp 77
sap 78
sfp 79
sip 80
sep 81
s7p 82
srp 83
skp 84
sbp 85
sup 86
svp 87
s0p 88
s5p 89
spp 90
s8p 91
s4p 92
snp 93
s9p 94
sgp 95
szp 96
ssp 97
syp 98
sdp 99
s3p 0
s1p 1
sw8 2
st8 3
sx8 4
sj8 5
sq8 6
so8 7
sl8 8
s68 9
s28 10
sh8 11
sc8 12
sm8 13
sa8 14
sf8 15
si8 16
se8 17
s78 18
sr8 19
sk8 20
sb8 21
su8 22
sv8 23
s08 24
s58 25
sp8 26
s88 27
s48 28
cn8 29
s98 30
cg8 31
sz8 32
ss8 33
sy8 34
sd8 35
s38 36
s18 37
sw4 38
st4 39
sx4 40
sj4 41
sq4 42
so4 43
sl4 44
s64 45
s24 46
sh4 47
sc4 48
sm4 49
sa4 50
sf4 51
si4 52
se4 53
s74 54
sr4 55
sk4 56
sb4 57
su4 58
sv4 59
s04 60
s54 61
sp4 62
s84 63
s44 64
sn4 65
s94 66
sg4 67
sz4 68
ss4 69
sy4 70
sd4 71
s34 72
s14 73
swn 74
stn 75
sxn 76
sjn 77
sqn 78
son 79
sln 80
s6n 81
s2n 82
shn 83
scn 84
smn 85
san 86
sfn 87
sin 88
sen 89
s7n 90
srn 91
skn 92
sbn 93
sun 94
svn 95
s0n 96
s5n 97
spn 98
s8n 99
s4n 0
snn 1
s9n 2
sgn 3
szn 4
ssn 5
syn 6
sdn 7
s3n 8
s1n 9
sw9 10
st9 11
sx9 12
sj9 13
sq9 14
so9 15
sl9 16
s69 17
s29 18
sh9 19
sc9 20
sm9 21
sa9 22
sf9 23
si9 24
se9 25
s79 26
sr9 27
sk9 28
sb9 29
su9 30
sv9 31
c09 32
s59 33
cp9 34
s89 35
s49 36
sn9 37
s99 38
sg9 39
sz9 40
ss9 41
sy9 42
sd9 43
s39 44
s19 45
swg 46
stg 47
sxg 48
sjg 49
sqg 50
sog 51
slg 52
s6g 53
s2g 54
shg 55
scg 56
smg 57
sag 58
sfg 59
sig 60
seg 61
s7g 62
srg 63
skg 64
sbg 65
sug 66
svg 67
s0g 68
s5g 69
spg 70
s8g 71
s4g 72
sng 73
s9g 74
sgg 75
szg 76
ssg 77
syg 78
sdg 79
s3g 80
s1g 81
swz 82
stz 83
sxz 84
sjz 85
sqz 86
soz 87
slz 88
s6z 89
s2z 90
shz 91
scz 92
smz 93
saz 94
sfz 95
siz 96
sez 97
s7z 98
srz 99
skz 0
sbz 1
suz 2
svz 3
s0z 4
s5z 5
spz 6
s8z 7
s4z 8
snz 9
s9z 10
sgz 11
szz 12
ssz 13
syz 14
sdz 15
s3z 16
s1z 17
sws 18
sts 19
sxs 20
sjs 21
sqs 22
sos 23
sls 24
s6s 25
s2s 26
shs 27
scs 28
sms 29
sas 30
sfs 31
sis 32
ses 33
s7s 34
crs 35
sks 36
cbs 37
sus 38
svs 39
s0s 40
s5s 41
sps 42
s8s 43
s4s 44
sns 45
s9s 46
sgs 47
szs 48
sss 49
sys 50
sds 51
s3s 52
s1s 53
swy 54
sty 55
sxy 56
sjy 57
sqy 58
soy 59
sly 60
s6y 61
s2y 62
shy 63
scy 64
smy 65
say 66
sfy 67
siy 68
sey 69
s7y 70
sry 71
sky 72
sby 73
suy 74
svy 75
s0y 76
s5y 77
spy 78
s8y 79
s4y 80
sny 81
s9y 82
sgy 83
szy 84
ssy 85
syy 86
sdy 87
s3y 88
s1y 89
swd 90
std 91
sxd 92
sjd 93
sqd 94
sod 95
sld 96
s6d 97
s2d 98
shd 99
scd 0
smd 1
sad 2
sfd 3
sid 4
sed 5
s7d 6
srd 7
skd 8
sbd 9
sud 10
svd 11
s0d 12
s5d 13
spd 14
s8d 15
s4d 16
snd 17
s9d 18
sgd 19
szd 20
ssd 21
syd 22
sdd 23
s3d 24
s1d 25
sw3 26
st3 27
sx3 28
sj3 29
sq3 30
so3 31
sl3 32
s63 33
s23 34
sh3 35
sc3 36
sm3 37
ca3 38
sf3 39
ci3 40
se3 41
s73 42
sr3 43
sk3 44
sb3 45
su3 46
sv3 47
s03 48
s53 49
sp3 50
s83 51
s43 52
sn3 53
s93 54
sg3 55
sz3 56
ss3 57
sy3 58
sd3 59
s33 60
s13 61
sw1 62
st1 63
sx1 64
sj1 65
sq1 66
so1 67
sl1 68
s61 69
s21 70
sh1 71
sc1 72
sm1 73
sa1 74
sf1 75
si1 76
se1 77
s71 78
sr1 79
sk1 80
sb1 81
su1 82
sv1 83
s01 84
s51 85
sp1 86
s81 87
s41 88
sn1 89
s91 90
sg1 91
sz1 92
ss1 93
sy1 94
sd1 95
s31 96
s11 97
swwt 98
stwt 99
sxwt 0
sjwt 1
sqwt 2
sowt 3
slwt 4
s6wt 5
s2wt 6
shwt 7
scwt 8
smwt 9
sawt 10
sfwt 11
siwt 12
sewt 13
s7wt 14
srwt 15
skwt 16
sbwt 17
suwt 18
svwt 19
s0wt 20
s5wt 21
spwt 22
s8wt 23
s4wt 24
snwt 25
s9wt 26
sgwt 27
szwt 28
sswt 29
sywt 30
sdwt 31
s3wt 32
s1wt 33
swtt 34
sttt 35
sxtt 36
sjtt 37
sqtt 38
sott 39
sltt 40
c6tt 41
s2tt 42
chtt 43
sctt 44
smtt 45
satt 46
sftt 47
sitt 48
sett 49
s7tt 50
srtt 51
sktt 52
sbtt 53
sutt 54
svtt 55
s0tt 56
s5tt 57
sptt 58
s8tt 59
s4tt 60
sntt 61
s9tt 62
sgtt 63
sztt 64
sstt 65
sytt 66
sdtt 67
s3tt 68
s1tt 69
swxt 70
stxt 71
sxxt 72
sjxt 73
sqxt 74
soxt 75
slxt 76
s6xt 77
s2xt 78
shxt 79
scxt 80
smxt 81
saxt 82
sfxt 83
sixt 84
sext 85
s7xt 86
srxt 87
skxt 88
sbxt 89
suxt 90
svxt 91
s0xt 92
s5xt 93
spxt 94
s8xt 95
s4xt 96
snxt 97
s9xt 98
sgxt 99
szxt 0
ssxt 1
syxt 2
sdxt 3
s3xt 4
s1xt 5
swjt 6
stjt 7
sxjt 8
sjjt 9
sqjt 10
sojt 11
sljt 12
s6jt 13
s2jt 14
shjt 15
scjt 16
smjt 17
sajt 18
sfjt 19
sijt 20
sejt 21
s7jt 22
srjt 23
skjt 24
sbjt 25
sujt 26
svjt 27
s0jt 28
s5jt 29
spjt 30
s8jt 31
s4jt 32
snjt 33
s9jt 34
sgjt 35
szjt 36
ssjt 37
syjt 38
sdjt 39
s3jt 40
s1jt 41
swqt 42
stqt 43
cxqt 44
sjqt 45
cqqt 46
soqt 47
slqt 48
s6qt 49
s2qt 50
shqt 51
scqt 52
smqt 53
saqt 54
sfqt 55
siqt 56
seqt 57
s7qt 58
srqt 59
skqt 60
sbqt 61
suqt 62
svqt 63
s0qt 64
s5qt 65
spqt 66
s8qt 67
s4qt 68
snqt 69
s9qt 70
sgqt 71
szqt 72
ssqt 73
syqt 74
sdqt 75
s3qt 76
s1qt 77
swot 78
stot 79
sxot 80
sjot 81
sqot 82
soot 83
slot 84
s6ot 85
s2ot 86
shot 87
scot 88
smot 89
saot 90
sfot 91
siot 92
seot 93
s7ot 94
srot 95
skot 96
sbot 97
suot 98
svot 99
s0ot 0
s5ot 1
spot 2
s8ot 3
s4ot 4
snot 5
s9ot 6
sgot 7
szot 8
ssot 9
syot 10
sdot 11
s3ot 12
s1ot 13
swlt 14
stlt 15
sxlt 16
sjlt 17
sqlt 18
solt 19
sllt 20
s6lt 21
s2lt 22
shlt 23
sclt 24
smlt 25
salt 26
sflt 27
silt 28
selt 29
s7lt 30
srlt 31
sklt 32
sblt 33
sult 34
svlt 35
s0lt 36
s5lt 37
splt 38
s8lt 39
s4lt 40
snlt 41
s9lt 42
sglt 43
szlt 44
sslt 45
sylt 46
cdlt 47
s3lt 48
c1lt 49
sw6t 50
st6t 51
sx6t 52
sj6t 53
sq6t 54
so6t 55
sl6t 56
s66t 57
s26t 58
sh6t 59
sc6t 60
sm6t 61
sa6t 62
sf6t 63
si6t 64
se6t 65
s76t 66
sr6t 67
sk6t 68
sb6t 69
su6t 70
sv6t 71
s06t 72
s56t 73
sp6t 74
s86t 75
s46t 76
sn6t 77
s96t 78
sg6t 79
sz6t 80
ss6t 81
sy6t 82
sd6t 83
s36t 84
s16t 85
sw2t 86
st2t 87
sx2t 88
sj2t 89
sq2t 90
so2t 91
sl2t 92
s62t 93
s22t 94
sh2t 95
sc2t 96
sm2t 97
sa2t 98
sf2t 99
si2t 0
se2t 1
s72t 2
sr2t 3
sk2t 4
sb2t 5
su2t 6
sv2t 7
s02t 8
s52t 9
sp2t 10
s82t 11
s42t 12
sn2t 13
s92t 14
sg2t 15
sz2t 16
ss2t 17
sy2t 18
sd2t 19
s32t 20
s12t 21
swht 22
stht 23
sxht 24
sjht 25
sqht 26
soht 27
slht 28
s6ht 29
s2ht 30
shht 31
scht 32
smht 33
saht 34
sfht 35
siht 36
seht 37
s7ht 38
srht 39
skht 40
sbht 41
suht 42
svht 43
s0ht 44
s5ht 45
spht 46
s8ht 47
s4ht 48
snht 49
c9ht 50
sght 51
czht 52
ssht 53
syht 54
sdht 55
s3ht 56
s1ht 57
swct 58
stct 59
sxct 60
sjct 61
sqct 62
soct 63
slct 64
s6ct 65
s2ct 66
shct 67
scct 68
smct 69
sact 70
sfct 71
sict 72
sect 73
s7ct 74
srct 75
skct 76
sbct 77
suct 78
svct 79
s0ct 80
s5ct 81
spct 82
s8ct 83
s4ct 84
snct 85
s9ct 86
sgct 87
szct 88
ssct 89
syct 90
sdct 91
s3ct 92
s1ct 93
swmt 94
stmt 95
sxmt 96
sjmt 97
sqmt 98
somt 99
slmt 0
s6mt 1
s2mt 2
shmt 3
scmt 4
smmt 5
samt 6
sfmt 7
simt 8
semt 9
s7mt 10
srmt 11
skmt 12
sbmt 13
sumt 14
svmt 15
s0mt 16
s5mt 17
spmt 18
s8mt 19
s4mt 20
snmt 21
s9mt 22
sgmt 23
szmt 24
ssmt 25
symt 26
sdmt 27
s3mt 28
s1mt 29
swat 30
stat 31
sxat 32
sjat 33
sqat 34
soat 35
slat 36
s6at 37
s2at 38
shat 39
scat 40
smat 41
saat 42
sfat 43
siat 44
seat 45
s7at 46
srat 47
skat 48
sbat 49
suat 50
svat 51
s0at 52
c5at 53
spat 54
c8at 55
s4at 56
snat 57
s9at 58
sgat 59
szat 60
ssat 61
syat 62
sdat 63
s3at 64
s1at 65
swft 66
stft 67
sxft 68
sjft 69
sqft 70
soft 71
slft 72
s6ft 73
s2ft 74
shft 75
scft 76
smft 77
saft 78
sfft 79
sift 80
seft 81
s7ft 82
srft 83
skft 84
sbft 85
suft 86
svft 87
s0ft 88
s5ft 89
spft 90
s8ft 91
s4ft 92
snft 93
s9ft 94
sgft 95
szft 96
ssft 97
syft 98
sdft 99
s3ft 0
s1ft 1
swit 2
stit 3
sxit 4
sjit 5
sqit 6
soit 7
slit 8
s6it 9
s2it 10
shit 11
scit 12
smit 13
sait 14
sfit 15
siit 16
seit 17
s7it 18
srit 19
skit 20
sbit 21
suit 22
svit 23
s0it 24
s5it 25
spit 26
s8it 27
s4it 28
snit 29
s9it 30
sgit 31
szit 32
ssit 33
syit 34
sdit 35
s3it 36
s1it 37
swet 38
stet 39
sxet 40
sjet 41
sqet 42
soet 43
slet 44
s6et 45
s2et 46
shet 47
scet 48
smet 49
saet 50
sfet 51
siet 52
seet 53
s7et 54
sret 55
cket 56
sbet 57
cuet 58
svet 59
s0et 60
s5et 61
spet 62
s8et 63
s4et 64
snet 65
s9et 66
sget 67
szet 68
sset 69
syet 70
sdet 71
s3et 72
s1et 73
sw7t 74
st7t 75
sx7t 76
sj7t 77
sq7t 78
so7t 79
sl7t 80
s67t 81
s27t 82
sh7t 83
sc7t 84
sm7t 85
sa7t 86
sf7t 87
si7t 88
se7t 89
s77t 90
sr7t 91
sk7t 92
sb7t 93
su7t 94
sv7t 95
s07t 96
s57t 97
sp7t 98
s87t 99
s47t 0
sn7t 1
s97t 2
sg7t 3
sz7t 4
ss7t 5
sy7t 6
sd7t 7
s37t 8
s17t 9
swrt 10
strt 11
sxrt 12
sjrt 13
sqrt 14
sort 15
slrt 16
s6rt 17
s2rt 18
shrt 19
scrt 20
smrt 21
sart 22
sfrt 23
sirt 24
sert 25
s7rt 26
srrt 27
skrt 28
sbrt 29
surt 30
svrt 31
s0rt 32
s5rt 33
sprt 34
s8rt 35
s4rt 36
snrt 37
s9rt 38
sgrt 39
szrt 40
ssrt 41
syrt 42
sdrt 43
s3rt 44
s1rt 45
swkt 46
stkt 47
sxkt 48
sjkt 49
sqkt 50
sokt 51
slkt 52
s6kt 53
s2kt 54
shkt 55
sckt 56
smkt 57
sakt 58
cfkt 59
sikt 60
cekt 61
s7kt 62
srkt 63
skkt 64
sbkt 65
sukt 66
svkt 67
s0kt 68
s5kt 69
spkt 70
s8kt 71
s4kt 72
snkt 73
s9kt 74
sgkt 75
szkt 76
sskt 77
sykt 78
sdkt 79
s3kt 80
s1kt 81
swbt 82
stbt 83
sxbt 84
sjbt 85
sqbt 86
sobt 87
slbt 88
s6bt 89
s2bt 90
shbt 91
scbt 92
smbt 93
sabt 94
sfbt 95
sibt 96
sebt 97
s7bt 98
srbt 99
skbt 0
sbbt 1
subt 2
svbt 3
s0bt 4
s5bt 5
spbt 6
s8bt 7
s4bt 8
snbt 9
s9bt 10
sgbt 11
szbt 12
ssbt 13
sybt 14
sdbt 15
s3bt 16
s1bt 17
swut 18
stut 19
sxut 20
sjut 21
squt 22
sout 23
slut 24
s6ut 25
s2ut 26
shut 27
scut 28
smut 29
saut 30
sfut 31
siut 32
seut 33
s7ut 34
srut 35
skut 36
sbut 37
suut 38
svut 39
s0ut 40
s5ut 41
sput 42
s8ut 43
s4ut 44
snut 45
s9ut 46
sgut 47
szut 48
ssut 49
syut 50
sdut 51
s3ut 52
s1ut 53
swvt 54
stvt 55
sxvt 56
sjvt 57
sqvt 58
sovt 59
slvt 60
s6vt 61
c2vt 62
shvt 63
ccvt 64
smvt 65
savt 66
sfvt 67
sivt 68
sevt 69
s7vt 70
srvt 71
skvt 72
sbvt 73
suvt 74
svvt 75
s0vt 76
s5vt 77
spvt 78
s8vt 79
s4vt 80
snvt 81
s9vt 82
sgvt 83
szvt 84
ssvt 85
syvt 86
sdvt 87
s3vt 88
s1vt 89
sw0t 90
st0t 91
sx0t 92
sj0t 93
sq0t 94
so0t 95
sl0t 96
s60t 97
s20t 98
sh0t 99
sc0t 0
sm0t 1
sa0t 2
sf0t 3
si0t 4
se0t 5
s70t 6
sr0t 7
sk0t 8
sb0t 9
su0t 10
sv0t 11
s00t 12
s50t 13
sp0t 14
s80t 15
s40t 16
sn0t 17
s90t 18
sg0t 19
sz0t 20
ss0t 21
sy0t 22
sd0t 23
s30t 24
s10t 25
sw5t 26
st5t 27
sx5t 28
sj5t 29
sq5t 30
so5t 31
sl5t 32
s65t 33
s25t 34
sh5t 35
sc5t 36
sm5t 37
sa5t 38
sf5t 39
si5t 40
se5t 41
s75t 42
sr5t 43
sk5t 44
sb5t 45
su5t 46
sv5t 47
s05t 48
s55t 49
sp5t 50
s85t 51
s45t 52
sn5t 53
s95t 54
sg5t 55
sz5t 56
ss5t 57
sy5t 58
sd5t 59
s35t 60
s15t 61
swpt 62
stpt 63
sxpt 64
cjpt 65
sqpt 66
copt 67
slpt 68
s6pt 69
s2pt 70
shpt 71
scpt 72
smpt 73
sapt 74
sfpt 75
sipt 76
sept 77
s7pt 78
srpt 79
skpt 80
sbpt 81
supt 82
svpt 83
s0pt 84
s5pt 85
sppt 86
s8pt 87
s4pt 88
snpt 89
s9pt 90
sgpt 91
szpt 92
sspt 93
sypt 94
sdpt 95
s3pt 96
s1pt 97
sw8t 98
st8t 99
sx8t 0
sj8t 1
sq8t 2
so8t 3
sl8t 4
s68t 5
s28t 6
sh8t 7
sc8t 8
sm8t 9
sa8t 10
sf8t 11
si8t 12
se8t 13
s78t 14
sr8t 15
sk8t 16
sb8t 17
su8t 18
sv8t 19
s08t 20
s58t 21
sp8t 22
s88t 23
s48t 24
sn8t 25
s98t 26
sg8t 27
sz8t 28
ss8t 29
sy8t 30
sd8t 31
s38t 32
s18t 33
sw4t 34
st4t 35
sx4t 36
sj4t 37
sq4t 38
so4t 39
sl4t 40
s64t 41
s24t 42
sh4t 43
sc4t 44
sm4t 45
sa4t 46
sf4t 47
si4t 48
se4t 49
s74t 50
sr4t 51
sk4t 52
sb4t 53
su4t 54
sv4t 55
s04t 56
s54t 57
sp4t 58
s84t 59
s44t 60
sn4t 61
s94t 62
sg4t 63
sz4t 64
ss4t 65
sy4t 66
sd4t 67
c34t 68
s14t 69
cwnt 70
stnt 71
sxnt 72
sjnt 73
sqnt 74
sont 75
slnt 76
s6nt 77
s2nt 78
shnt 79
scnt 80
smnt 81
sant 82
sfnt 83
sint 84
sent 85
s7nt 86
srnt 87
sknt 88
sbnt 89
sunt 90
svnt 91
s0nt 92
s5nt 93
spnt 94
s8nt 95
s4nt 96
snnt 97
s9nt 98
sgnt 99
sznt 0
ssnt 1
synt 2
sdnt 3
s3nt 4
s1nt 5
sw9t 6
st9t 7
sx9t 8
sj9t 9
sq9t 10
so9t 11
sl9t 12
s69t 13
s29t 14
sh9t 15
sc9t 16
sm9t 17
sa9t 18
sf9t 19
si9t 20
se9t 21
s79t 22
sr9t 23
sk9t 24
sb9t 25
su9t 26
sv9t 27
s09t 28
s59t 29
sp9t 30
s89t 31
s49t 32
sn9t 33
s99t 34
sg9t 35
sz9t 36
ss9t 37
sy9t 38
sd9t 39
s39t 40
s19t 41
swgt 42
stgt 43
sxgt 44
sjgt 45
sqgt 46
sogt 47
slgt 48
s6gt 49
s2gt 50
shgt 51
scgt 52
smgt 53
sagt 54
sfgt 55
sigt 56
segt 57
s7gt 58
srgt 59
skgt 60
sbgt 61
sugt 62
svgt 63
s0gt 64
s5gt 65
spgt 66
s8gt 67
s4gt 68
sngt 69
s9gt 70
cggt 71
szgt 72
csgt 73
sygt 74
sdgt 75
s3gt 76
s1gt 77
swzt 78
stzt 79
sxzt 80
sjzt 81
sqzt 82
sozt 83
slzt 84
s6zt 85
s2zt 86
shzt 87
sczt 88
smzt 89
sazt 90
sfzt 91
sizt 92
sezt 93
s7zt 94
srzt 95
skzt 96
sbzt 97
suzt 98
svzt 99
s0zt 0
s5zt 1
spzt 2
s8zt 3
s4zt 4
snzt 5
s9zt 6
sgzt 7
szzt 8
sszt 9
syzt 10
sdzt 11
s3zt 12
s1zt 13
swst 14
stst 15
sxst 16
sjst 17
sqst 18
sost 19
slst 20
s6st 21
s2st 22
shst 23
scst 24
smst 25
sast 26
sfst 27
sist 28
sest 29
s7st 30
srst 31
skst 32
sbst 33
sust 34
svst 35
s0st 36
s5st 37
spst 38
s8st 39
s4st 40
snst 41
s9st 42
sgst 43
szst 44
ssst 45
syst 46
sdst 47
s3st 48
s1st 49
swyt 50
styt 51
sxyt 52
sjyt 53
sqyt 54
soyt 55
slyt 56
s6yt 57
s2yt 58
shyt 59
scyt 60
smyt 61
sayt 62
sfyt 63
siyt 64
seyt 65
s7yt 66
sryt 67
skyt 68
sbyt 69
suyt 70
svyt 71
s0yt 72
s5yt 73
cpyt 74
st 75
cx 76
sj 77
sq 78
so 79
sl 80
s6 81
s2 82
sh 83
sc 84
sm 85
sa 86
sf 87
si 88
se 89
s7 90
sr 91
sk 92
sb 93
su 94
sv 95
s0 96
s5 97
sp 98
s8 99
s4 0
sn 1
s9 2
sg 3
sz 4
ss 5
sy 6
sd 7
s3 8
s1 9
swt 10
stt 11
sxt 12
sjt 13
sqt 14
sot 15
slt 16
s6t 17
s2t 18
sht 19
sct 20
smt 21
sat 22
sft 23
sit 24
set 25
s7t 26
srt 27
skt 28
sbt 29
sut 30
svt 31
s0t 32
s5t 33
spt 34
s8t 35
s4t 36
snt 37
s9t 38
sgt 39
szt 40
sst 41
syt 42
sdt 43
s3t 44
s1t 45
swx 46
stx 47
sxx 48
sjx 49
sqx 50
sox 51
slx 52
s6x 53
s2x 54
shx 55
scx 56
smx 57
sax 58
sfx 59
six 60
sex 61
s7x 62
srx 63
skx 64
sbx 65
sux 66
svx 67
s0x 68
s5x 69
spx 70
s8x 71
s4x 72
snx 73
s9x 74
sgx 75
szx 76
csx 77
su1t 78
cv1t 79
s01t 80
s51t 81
sp1t 82
s81t 83
s41t 84
sn1t 85
s91t 86
sg1t 87
sz1t 88
ss1t 89
sy1t 90
sd1t 91
s31t 92
s11t 93
swwx 94
stwx 95
sxwx 96
sjwx 97
sqwx 98
sowx 99
slwx 0
s6wx 1
s2wx 2
shwx 3
scwx 4
smwx 5
sawx 6
sfwx 7
siwx 8
sewx 9
s7wx 10
srwx 11
skwx 12
sbwx 13
suwx 14
svwx 15
s0wx 16
s5wx 17
spwx 18
s8wx 19
s4wx 20
snwx 21
s9wx 22
sgwx 23
szwx 24
sswx 25
sywx 26
sdwx 27
s3wx 28
s1wx 29
swtx 30
sttx 31
sxtx 32
sjtx 33
sqtx 34
sotx 35
sltx 36
s6tx 37
s2tx 38
shtx 39
sctx 40
smtx 41
satx 42
sftx 43
sitx 44
setx 45
s7tx 46
srtx 47
sktx 48
sbtx 49
sutx 50
svtx 51
s0tx 52
s5tx 53
sptx 54
s8tx 55
s4tx 56
sntx 57
s9tx 58
sgtx 59
sztx 60
sstx 61
sytx 62
sdtx 63
s3tx 64
s1tx 65
swxx 66
stxx 67
sxxx 68
sjxx 69
sqxx 70
soxx 71
slxx 72
s6xx 73
s2xx 74
shxx 75
scxx 76
smxx 77
saxx 78
sfxx 79
cixx 80
sexx 81
c7xx 82
srxx 83
skxx 84
sbxx 85
suxx 86
svxx 87
s0xx 88
s5xx 89
spxx 90
s8xx 91
s4xx 92
snxx 93
s9xx 94
sgxx 95
szxx 96
ssxx 97
syxx 98
sdxx 99
s3xx 0
s1xx 1
swjx 2
stjx 3
sxjx 4
sjjx 5
sqjx 6
sojx 7
sljx 8
s6jx 9
s2jx 10
shjx 11
scjx 12
smjx 13
sajx 14
sfjx 15
sijx 16
sejx 17
s7jx 18
srjx 19
skjx 20
sbjx 21
sujx 22
svjx 23
s0jx 24
s5jx 25
spjx 26
s8jx 27
s4jx 28
snjx 29
s9jx 30
sgjx 31
szjx 32
ssjx 33
syjx 34
sdjx 35
s3jx 36
s1jx 37
swqx 38
stqx 39
sxqx 40
sjqx 41
sqqx 42
soqx 43
slqx 44
s6qx 45
s2qx 46
shqx 47
scqx 48
smqx 49
saqx 50
sfqx 51
siqx 52
seqx 53
s7qx 54
srqx 55
skqx 56
sbqx 57
suqx 58
svqx 59
s0qx 60
s5qx 61
spqx 62
s8qx 63
s4qx 64
snqx 65
s9qx 66
sgqx 67
szqx 68
ssqx 69
syqx 70
sdqx 71
s3qx 72
s1qx 73
swox 74
stox 75
sxox 76
sjox 77
sqox 78
soox 79
slox 80
s6ox 81
s2ox 82
chox 83
scox 84
cmox 85
saox 86
sfox 87
siox 88
seox 89
s7ox 90
srox 91
skox 92
sbox 93
suox 94
svox 95
s0ox 96
s5ox 97
spox 98
s8ox 99
s4ox 0
snox 1
s9ox 2
sgox 3
szox 4
ssox 5
syox 6
sdox 7
s3ox 8
s1ox 9
swlx 10
stlx 11
sxlx 12
sjlx 13
sqlx 14
solx 15
sllx 16
s6lx 17
s2lx 18
shlx 19
sclx 20
smlx 21
salx 22
sflx 23
silx 24
selx 25
s7lx 26
srlx 27
sklx 28
sblx 29
sulx 30
svlx 31
s0lx 32
s5lx 33
splx 34
s8lx 35
s4lx 36
snlx 37
s9lx 38
sglx 39
szlx 40
sslx 41
sylx 42
sdlx 43
s3lx 44
s1lx 45
sw6x 46
st6x 47
sx6x 48
sj6x 49
sq6x 50
so6x 51
sl6x 52
s66x 53
s26x 54
sh6x 55
sc6x 56
sm6x 57
sa6x 58
sf6x 59
si6x 60
se6x 61
s76x 62
sr6x 63
sk6x 64
sb6x 65
su6x 66
sv6x 67
s06x 68
s56x 69
sp6x 70
s86x 71
s46x 72
sn6x 73
s96x 74
sg6x 75
sz6x 76
ss6x 77
sy6x 78
sd6x 79
s36x 80
s16x 81
sw2x 82
st2x 83
sx2x 84
sj2x 85
cq2x 86
so2x 87
cl2x 88
s62x 89
s22x 90
sh2x 91
sc2x 92
sm2x 93
sa2x 94
sf2x 95
si2x 96
se2x 97
s72x 98
sr2x 99
sk2x 0
sb2x 1
su2x 2
sv2x 3
s02x 4
s52x 5
sp2x 6
s82x 7
s42x 8
sn2x 9
s92x 10
sg2x 11
sz2x 12
ss2x 13
sy2x 14
sd2x 15
s32x 16
s12x 17
swhx 18
sthx 19
sxhx 20
sjhx 21
sqhx 22
sohx 23
slhx 24
s6hx 25
s2hx 26
shhx 27
schx 28
smhx 29
sahx 30
sfhx 31
sihx 32
sehx 33
s7hx 34
srhx 35
skhx 36
sbhx 37
suhx 38
svhx 39
s0hx 40
s5hx 41
sphx 42
s8hx 43
s4hx 44
snhx 45
s9hx 46
sghx 47
szhx 48
sshx 49
syhx 50
sdhx 51
s3hx 52
s1hx 53
swcx 54
stcx 55
sxcx 56
sjcx 57
sqcx 58
socx 59
slcx 60
s6cx 61
s2cx 62
shcx 63
sccx 64
smcx 65
sacx 66
sfcx 67
sicx 68
secx 69
s7cx 70
srcx 71
skcx 72
sbcx 73
sucx 74
svcx 75
s0cx 76
s5cx 77
spcx 78
s8cx 79
s4cx 80
sncx 81
s9cx 82
sgcx 83
szcx 84
sscx 85
sycx 86
sdcx 87
s3cx 88
c1cx 89
swmx 90
ctmx 91
sxmx 92
sjmx 93
sqmx 94
somx 95
slmx 96
s6mx 97
s2mx 98
shmx 99
scmx 0
smmx 1
samx 2
sfmx 3
simx 4
semx 5
s7mx 6
srmx 7
skmx 8
sbmx 9
sumx 10
svmx 11
s0mx 12
s5mx 13
spmx 14
s8mx 15
s4mx 16
snmx 17
s9mx 18
sgmx 19
szmx 20
ssmx 21
symx 22
sdmx 23
s3mx 24
s1mx 25
swax 26
stax 27
sxax 28
sjax 29
sqax 30
soax 31
slax 32
s6ax 33
s2ax 34
shax 35
scax 36
smax 37
saax 38
sfax 39
siax 40
seax 41
s7ax 42
srax 43
skax 44
sbax 45
suax 46
svax 47
s0ax 48
s5ax 49
spax 50
s8ax 51
s4ax 52
snax 53
s9ax 54
sgax 55
szax 56
ssax 57
syax 58
sdax 59
s3ax 60
s1ax 61
swfx 62
stfx 63
sxfx 64
sjfx 65
sqfx 66
sofx 67
slfx 68
s6fx 69
s2fx 70
shfx 71
scfx 72
smfx 73
safx 74
sffx 75
sifx 76
sefx 77
s7fx 78
srfx 79
skfx 80
sbfx 81
sufx 82
svfx 83
s0fx 84
s5fx 85
spfx 86
s8fx 87
s4fx 88
snfx 89
s9fx 90
sgfx 91
czfx 92
ssfx 93
cyfx 94
sdfx 95
s3fx 96
s1fx 97
swix 98
stix 99
sxix 0
sjix 1
sqix 2
soix 3
slix 4
s6ix 5
s2ix 6
shix 7
scix 8
smix 9
saix 10
sfix 11
siix 12
seix 13
s7ix 14
srix 15
skix 16
sbix 17
suix 18
svix 19
s0ix 20
s5ix 21
spix 22
s8ix 23
s4ix 24
snix 25
s9ix 26
sgix 27
szix 28
ssix 29
syix 30
sdix 31
s3ix 32
s1ix 33
swex 34
stex 35
sxex 36
sjex 37
sqex 38
soex 39
slex 40
s6ex 41
s2ex 42
shex 43
scex 44
smex 45
saex 46
sfex 47
siex 48
seex 49
s7ex 50
srex 51
skex 52
sbex 53
suex 54
svex 55
s0ex 56
s5ex 57
spex 58
s8ex 59
s4ex 60
snex 61
s9ex 62
sgex 63
szex 64
ssex 65
syex 66
sdex 67
s3ex 68
s1ex 69
sw7x 70
st7x 71
sx7x 72
sj7x 73
sq7x 74
so7x 75
sl7x 76
s67x 77
s27x 78
sh7x 79
sc7x 80
sm7x 81
sa7x 82
sf7x 83
si7x 84
se7x 85
s77x 86
sr7x 87
sk7x 88
sb7x 89
su7x 90
sv7x 91
s07x 92
s57x 93
sp7x 94
c87x 95
s47x 96
cn7x 97
s97x 98
sg7x 99
sz7x 0
ss7x 1
sy7x 2
sd7x 3
s37x 4
s17x 5
swrx 6
strx 7
sxrx 8
sjrx 9
sqrx 10
sorx 11
slrx 12
s6rx 13
s2rx 14
shrx 15
scrx 16
smrx 17
sarx 18
sfrx 19
sirx 20
serx 21
s7rx 22
srrx 23
skrx 24
sbrx 25
surx 26
svrx 27
s0rx 28
s5rx 29
sprx 30
s8rx 31
s4rx 32
snrx 33
s9rx 34
sgrx 35
szrx 36
ssrx 37
syrx 38
sdrx 39
s3rx 40
s1rx 41
swkx 42
stkx 43
sxkx 44
sjkx 45
sqkx 46
sokx 47
slkx 48
s6kx 49
s2kx 50
shkx 51
sckx 52
smkx 53
sakx 54
sfkx 55
sikx 56
sekx 57
s7kx 58
srkx 59
skkx 60
sbkx 61
sukx 62
svkx 63
s0kx 64
s5kx 65
spkx 66
s8kx 67
s4kx 68
snkx 69
s9kx 70
sgkx 71
szkx 72
sskx 73
sykx 74
sdkx 75
s3kx 76
s1kx 77
swbx 78
stbx 79
sxbx 80
sjbx 81
sqbx 82
sobx 83
slbx 84
s6bx 85
s2bx 86
shbx 87
scbx 88
smbx 89
sabx 90
sfbx 91
sibx 92
sebx 93
s7bx 94
srbx 95
skbx 96
sbbx 97
cubx 98
svbx 99
c0bx 0
s5bx 1
spbx 2
s8bx 3
s4bx 4
snbx 5
s9bx 6
sgbx 7
szbx 8
ssbx 9
sybx 10
sdbx 11
s3bx 12
s1bx 13
swux 14
stux 15
sxux 16
sjux 17
squx 18
soux 19
slux 20
s6ux 21
s2ux 22
shux 23
scux 24
smux 25
saux 26
sfux 27
siux 28
seux 29
s7ux 30
srux 31
skux 32
sbux 33
suux 34
svux 35
s0ux 36
s5ux 37
spux 38
s8ux 39
s4ux 40
snux 41
s9ux 42
sgux 43
szux 44
ssux 45
syux 46
sdux 47
s3ux 48
s1ux 49
swvx 50
stvx 51
sxvx 52
sjvx 53
sqvx 54
sovx 55
slvx 56
s6vx 57
s2vx 58
shvx 59
scvx 60
smvx 61
savx 62
sfvx 63
sivx 64
sevx 65
s7vx 66
srvx 67
skvx 68
sbvx 69
suvx 70
svvx 71
s0vx 72
s5vx 73
spvx 74
s8vx 75
s4vx 76
snvx 77
s9vx 78
sgvx 79
szvx 80
ssvx 81
syvx 82
sdvx 83
s3vx 84
s1vx 85
sw0x 86
st0x 87
sx0x 88
sj0x 89
sq0x 90
so0x 91
sl0x 92
s60x 93
s20x 94
sh0x 95
sc0x 96
sm0x 97
sa0x 98
sf0x 99
si0x 0
ce0x 1
s70x 2
cr0x 3
sk0x 4
sb0x 5
su0x 6
sv0x 7
s00x 8
s50x 9
sp0x 10
s80x 11
s40x 12
sn0x 13
s90x 14
sg0x 15
sz0x 16
ss0x 17
sy0x 18
sd0x 19
s30x 20
s10x 21
sw5x 22
st5x 23
sx5x 24
sj5x 25
sq5x 26
so5x 27
sl5x 28
s65x 29
s25x 30
sh5x 31
sc5x 32
sm5x 33
sa5x 34
sf5x 35
si5x 36
se5x 37
s75x 38
sr5x 39
sk5x 40
sb5x 41
su5x 42
sv5x 43
s05x 44
s55x 45
sp5x 46
s85x 47
s45x 48
sn5x 49
s95x 50
sg5x 51
sz5x 52
ss5x 53
sy5x 54
sd5x 55
s35x 56
s15x 57
swpx 58
stpx 59
sxpx 60
sjpx 61
sqpx 62
sopx 63
slpx 64
s6px 65
s2px 66
shpx 67
scpx 68
smpx 69
sapx 70
sfpx 71
sipx 72
sepx 73
s7px 74
srpx 75
skpx 76
sbpx 77
supx 78
svpx 79
s0px 80
s5px 81
sppx 82
s8px 83
s4px 84
snpx 85
s9px 86
sgpx 87
szpx 88
sspx 89
sypx 90
sdpx 91
s3px 92
s1px 93
sw8x 94
st8x 95
sx8x 96
sj8x 97
sq8x 98
so8x 99
sl8x 0
s68x 1
s28x 2
sh8x 3
cc8x 4
sm8x 5
ca8x 6
sf8x 7
si8x 8
se8x 9
s78x 10
sr8x 11
sk8x 12
sb8x 13
su8x 14
sv8x 15
s08x 16
s58x 17
sp8x 18
s88x 19
s48x 20
sn8x 21
s98x 22
sg8x 23
sz8x 24
ss8x 25
sy8x 26
sd8x 27
s38x 28
s18x 29
sw4x 30
st4x 31
sx4x 32
sj4x 33
sq4x 34
so4x 35
sl4x 36
s64x 37
s24x 38
sh4x 39
sc4x 40
sm4x 41
sa4x 42
sf4x 43
si4x 44
se4x 45
s74x 46
sr4x 47
sk4x 48
sb4x 49
su4x 50
sv4x 51
s04x 52
s54x 53
sp4x 54
s84x 55
s44x 56
sn4x 57
s94x 58
sg4x 59
sz4x 60
ss4x 61
sy4x 62
sd4x 63
s34x 64
s14x 65
swnx 66
stnx 67
sxnx 68
sjnx 69
sqnx 70
sonx 71
slnx 72
s6nx 73
s2nx 74
shnx 75
scnx 76
smnx 77
sanx 78
sfnx 79
sinx 80
senx 81
s7nx 82
srnx 83
sknx 84
sbnx 85
sunx 86
svnx 87
s0nx 88
s5nx 89
spnx 90
s8nx 91
s4nx 92
snnx 93
s9nx 94
sgnx 95
sznx 96
ssnx 97
synx 98
sdnx 99
s3nx 0
s1nx 1
sw9x 2
st9x 3
sx9x 4
sj9x 5
sq9x 6
co9x 7
sl9x 8
c69x 9
s29x 10
sh9x 11
sc9x 12
sm9x 13
sa9x 14
sf9x 15
si9x 16
se9x 17
s79x 18
sr9x 19
sk9x 20
sb9x 21
su9x 22
sv9x 23
s09x 24
s59x 25
sp9x 26
s89x 27
s49x 28
sn9x 29
s99x 30
sg9x 31
sz9x 32
ss9x 33
sy9x 34
sd9x 35
s39x 36
s19x 37
swgx 38
stgx 39
sxgx 40
sjgx 41
sqgx 42
sogx 43
slgx 44
s6gx 45
s2gx 46
shgx 47
scgx 48
smgx 49
sagx 50
sfgx 51
sigx 52
segx 53
s7gx 54
srgx 55
skgx 56
sbgx 57
sugx 58
svgx 59
s0gx 60
s5gx 61
spgx 62
s8gx 63
s4gx 64
sngx 65
s9gx 66
sggx 67
szgx 68
ssgx 69
sygx 70
sdgx 71
s3gx 72
s1gx 73
swzx 74
stzx 75
sxzx 76
sjzx 77
sqzx 78
sozx 79
slzx 80
s6zx 81
s2zx 82
shzx 83
sczx 84
smzx 85
sazx 86
sfzx 87
sizx 88
sezx 89
s7zx 90
srzx 91
skzx 92
sbzx 93
suzx 94
svzx 95
s0zx 96
s5zx 97
spzx 98
s8zx 99
s4zx 0
snzx 1
s9zx 2
sgzx 3
szzx 4
sszx 5
syzx 6
sdzx 7
s3zx 8
s1zx 9
cwsx 10
stsx 11
cxsx 12
sjsx 13
sqsx 14
sosx 15
slsx 16
s6sx 17
s2sx 18
shsx 19
scsx 20
smsx 21
sasx 22
sfsx 23
sisx 24
sesx 25
s7sx 26
srsx 27
sksx 28
sbsx 29
susx 30
svsx 31
s0sx 32
s5sx 33
spsx 34
s8sx 35
s4sx 36
snsx 37
s9sx 38
sgsx 39
szsx 40
sssx 41
sysx 42
sdsx 43
s3sx 44
s1sx 45
swyx 46
styx 47
sxyx 48
sjyx 49
sqyx 50
soyx 51
slyx 52
s6yx 53
s2yx 54
shyx 55
scyx 56
smyx 57
sayx 58
sfyx 59
siyx 60
seyx 61
s7yx 62
sryx 63
skyx 64
sbyx 65
suyx 66
svyx 67
s0yx 68
s5yx 69
spyx 70
s8yx 71
s4yx 72
snyx 73
s9yx 74
sgyx 75
szyx 76
ssyx 77
syyx 78
sdyx 79
s3yx 80
s1yx 81
swdx 82
stdx 83
sxdx 84
sjdx 85
sqdx 86
sodx 87
sldx 88
s6dx 89
s2dx 90
shdx 91
scdx 92
smdx 93
sadx 94
sfdx 95
sidx 96
sedx 97
s7dx 98
srdx 99
skdx 0
sbdx 1
sudx 2
svdx 3
s0dx 4
s5dx 5
spdx 6
s8dx 7
s4dx 8
sndx 9
s9dx 10
sgdx 11
szdx 12
csdx 13
sydx 14
cddx 15
s3dx 16
s1dx 17
sw3x 18
st3x 19
sx3x 20
sj3x 21
sq3x 22
so3x 23
sl3x 24
s63x 25
s23x 26
sh3x 27
sc3x 28
sm3x 29
sa3x 30
sf3x 31
si3x 32
se3x 33
s73x 34
sr3x 35
sk3x 36
sb3x 37
su3x 38
sv3x 39
s03x 40
s53x 41
sp3x 42
s83x 43
s43x 44
sn3x 45
s93x 46
sg3x 47
sz3x 48
ss3x 49
sy3x 50
sd3x 51
s33x 52
s13x 53
sw1x 54
st1x 55
sx1x 56
sj1x 57
sq1x 58
so1x 59
sl1x 60
s61x 61
s21x 62
sh1x 63
sc1x 64
sm1x 65
sa1x 66
sf1x 67
si1x 68
se1x 69
s71x 70
sr1x 71
sk1x 72
sb1x 73
su1x 74
sv1x 75
s01x 76
s51x 77
sp1x 78
s81x 79
s41x 80
sn1x 81
s91x 82
sg1x 83
sz1x 84
ss1x 85
sy1x 86
sd1x 87
s31x 88
s11x 89
swwj 90
stwj 91
sxwj 92
sjwj 93
sqwj 94
sowj 95
slwj 96
s6wj 97
s2wj 98
shwj 99
scwj 0
smwj 1
sawj 2
sfwj 3
siwj 4
sewj 5
s7wj 6
srwj 7
skwj 8
sbwj 9
suwj 10
svwj 11
s0wj 12
s5wj 13
spwj 14
s8wj 15
c4wj 16
snwj 17
c9wj 18
sgwj 19
szwj 20
sswj 21
sywj 22
sdwj 23
s3wj 24
s1wj 25
swtj 26
sttj 27
sxtj 28
sjtj 29
sqtj 30
sotj 31
sltj 32
s6tj 33
s2tj 34
shtj 35
sctj 36
smtj 37
satj 38
sftj 39
sitj 40
setj 41
s7tj 42
srtj 43
sktj 44
sbtj 45
sutj 46
svtj 47
s0tj 48
s5tj 49
sptj 50
s8tj 51
s4tj 52
sntj 53
s9tj 54
sgtj 55
sztj 56
sstj 57
sytj 58
sdtj 59
s3tj 60
s1tj 61
swxj 62
stxj 63
sxxj 64
sjxj 65
sqxj 66
soxj 67
slxj 68
s6xj 69
s2xj 70
shxj 71
scxj 72
smxj 73
saxj 74
sfxj 75
sixj 76
sexj 77
s7xj 78
srxj 79
skxj 80
sbxj 81
suxj 82
svxj 83
s0xj 84
s5xj 85
spxj 86
s8xj 87
s4xj 88
snxj 89
s9xj 90
sgxj 91
szxj 92
ssxj 93
syxj 94
sdxj 95
s3xj 96
s1xj 97
swjj 98
stjj 99
sxjj 0
sjjj 1
sqjj 2
sojj 3
sljj 4
s6jj 5
s2jj 6
shjj 7
scjj 8
smjj 9
sajj 10
sfjj 11
sijj 12
sejj 13
s7jj 14
srjj 15
skjj 16
sbjj 17
sujj 18
cvjj 19
s0jj 20
c5jj 21
spjj 22
s8jj 23
s4jj 24
snjj 25
s9jj 26
sgjj 27
szjj 28
ssjj 29
syjj 30
sdjj 31
s3jj 32
s1jj 33
swqj 34
stqj 35
sxqj 36
sjqj 37
sqqj 38
soqj 39
slqj 40
s6qj 41
s2qj 42
shqj 43
scqj 44
smqj 45
saqj 46
sfqj 47
siqj 48
seqj 49
s7qj 50
srqj 51
skqj 52
sbqj 53
suqj 54
svqj 55
s0qj 56
s5qj 57
spqj 58
s8qj 59
s4qj 60
snqj 61
s9qj 62
sgqj 63
szqj 64
ssqj 65
syqj 66
sdqj 67
s3qj 68
s1qj 69
swoj 70
stoj 71
sxoj 72
sjoj 73
sqoj 74
sooj 75
sloj 76
s6oj 77
s2oj 78
shoj 79
scoj 80
smoj 81
saoj 82
sfoj 83
sioj 84
seoj 85
s7oj 86
sroj 87
skoj 88
sboj 89
suoj 90
svoj 91
s0oj 92
s5oj 93
spoj 94
s8oj 95
s4oj 96
snoj 97
s9oj 98
sgoj 99
szoj 0
ssoj 1
syoj 2
sdoj 3
s3oj 4
s1oj 5
swlj 6
stlj 7
sxlj 8
sjlj 9
sqlj 10
solj 11
sllj 12
s6lj 13
s2lj 14
shlj 15
sclj 16
smlj 17
salj 18
sflj 19
silj 20
selj 21
c7lj 22
srlj 23
cklj 24
sblj 25
sulj 26
svlj 27
s0lj 28
s5lj 29
splj 30
s8lj 31
s4lj 32
snlj 33
s9lj 34
sglj 35
szlj 36
sslj 37
sylj 38
sdlj 39
s3lj 40
s1lj 41
sw6j 42
st6j 43
sx6j 44
sj6j 45
sq6j 46
so6j 47
sl6j 48
s66j 49
s26j 50
sh6j 51
sc6j 52
sm6j 53
sa6j 54
sf6j 55
si6j 56
se6j 57
s76j 58
sr6j 59
sk6j 60
sb6j 61
su6j 62
sv6j 63
s06j 64
s56j 65
sp6j 66
s86j 67
s46j 68
sn6j 69
s96j 70
sg6j 71
sz6j 72
ss6j 73
sy6j 74
sd6j 75
s36j 76
s16j 77
sw2j 78
st2j 79
sx2j 80
sj2j 81
sq2j 82
so2j 83
sl2j 84
s62j 85
s22j 86
sh2j 87
sc2j 88
sm2j 89
sa2j 90
sf2j 91
si2j 92
se2j 93
s72j 94
sr2j 95
sk2j 96
sb2j 97
su2j 98
sv2j 99
s02j 0
s52j 1
sp2j 2
s82j 3
s42j 4
sn2j 5
s92j 6
sg2j 7
sz2j 8
ss2j 9
sy2j 10
sd2j 11
s32j 12
s12j 13
swhj 14
sthj 15
sxhj 16
sjhj 17
sqhj 18
sohj 19
slhj 20
s6hj 21
s2hj 22
shhj 23
schj 24
cmhj 25
sahj 26
cfhj 27
sihj 28
sehj 29
s7hj 30
srhj 31
skhj 32
sbhj 33
suhj 34
svhj 35
s0hj 36
s5hj 37
sphj 38
s8hj 39
s4hj 40
snhj 41
s9hj 42
sghj 43
szhj 44
sshj 45
syhj 46
sdhj 47
s3hj 48
s1hj 49
swcj 50
stcj 51
sxcj 52
sjcj 53
sqcj 54
socj 55
slcj 56
s6cj 57
s2cj 58
shcj 59
sccj 60
smcj 61
sacj 62
sfcj 63
sicj 64
secj 65
s7cj 66
srcj 67
skcj 68
sbcj 69
sucj 70
svcj 71
s0cj 72
s5cj 73
spcj 74
s8cj 75
s4cj 76
sncj 77
s9cj 78
sgcj 79
szcj 80
sscj 81
sycj 82
sdcj 83
s3cj 84
s1cj 85
swmj 86
stmj 87
sxmj 88
sjmj 89
sqmj 90
somj 91
slmj 92
s6mj 93
s2mj 94
shmj 95
scmj 96
smmj 97
samj 98
sfmj 99
simj 0
semj 1
s7mj 2
srmj 3
skmj 4
sbmj 5
sumj 6
svmj 7
s0mj 8
s5mj 9
spmj 10
s8mj 11
s4mj 12
snmj 13
s9mj 14
sgmj 15
szmj 16
ssmj 17
symj 18
sdmj 19
s3mj 20
s1mj 21
swaj 22
staj 23
sxaj 24
sjaj 25
sqaj 26
soaj 27
claj 28
s6aj 29
c2aj 30
shaj 31
scaj 32
smaj 33
saaj 34
sfaj 35
siaj 36
seaj 37
s7aj 38
sraj 39
skaj 40
sbaj 41
suaj 42
svaj 43
s0aj 44
s5aj 45
spaj 46
s8aj 47
s4aj 48
snaj 49
s9aj 50
sgaj 51
szaj 52
ssaj 53
syaj 54
sdaj 55
s3aj 56
s1aj 57
swfj 58
stfj 59
sxfj 60
sjfj 61
sqfj 62
sofj 63
slfj 64
s6fj 65
s2fj 66
shfj 67
scfj 68
smfj 69
safj 70
sffj 71
sifj 72
sefj 73
s7fj 74
srfj 75
skfj 76
sbfj 77
sufj 78
svfj 79
s0fj 80
s5fj 81
spfj 82
s8fj 83
s4fj 84
snfj 85
s9fj 86
sgfj 87
szfj 88
ssfj 89
syfj 90
sdfj 91
s3fj 92
s1fj 93
swij 94
stij 95
sxij 96
sjij 97
sqij 98
soij 99
slij 0
s6ij 1
s2ij 2
shij 3
scij 4
smij 5
saij 6
sfij 7
siij 8
seij 9
s7ij 10
srij 11
skij 12
sbij 13
suij 14
svij 15
s0ij 16
s5ij 17
spij 18
s8ij 19
s4ij 20
snij 21
s9ij 22
sgij 23
szij 24
ssij 25
syij 26
sdij 27
s3ij 28
s1ij 29
swej 30
ctej 31
sxej 32
cjej 33
sqej 34
soej 35
slej 36
s6ej 37
s2ej 38
shej 39
scej 40
smej 41
saej 42
sfej 43
siej 44
seej 45
s7ej 46
srej 47
skej 48
sbej 49
suej 50
svej 51
s0ej 52
s5ej 53
spej 54
s8ej 55
s4ej 56
snej 57
s9ej 58
sgej 59
szej 60
ssej 61
syej 62
sdej 63
s3ej 64
s1ej 65
sw7j 66
st7j 67
sx7j 68
sj7j 69
sq7j 70
so7j 71
sl7j 72
s67j 73
s27j 74
sh7j 75
sc7j 76
sm7j 77
sa7j 78
sf7j 79
si7j 80
se7j 81
s77j 82
sr7j 83
sk7j 84
sb7j 85
su7j 86
sv7j 87
s07j 88
s57j 89
sp7j 90
s87j 91
s47j 92
sn7j 93
s97j 94
sg7j 95
sz7j 96
ss7j 97
sy7j 98
sd7j 99
s37j 0
s17j 1
swrj 2
strj 3
sxrj 4
sjrj 5
sqrj 6
sorj 7
slrj 8
s6rj 9
s2rj 10
shrj 11
scrj 12
smrj 13
sarj 14
sfrj 15
sirj 16
serj 17
s7rj 18
srrj 19
skrj 20
sbrj 21
surj 22
svrj 23
s0rj 24
s5rj 25
sprj 26
s8rj 27
s4rj 28
snrj 29
s9rj 30
sgrj 31
szrj 32
ssrj 33
cyrj 34
sdrj 35
c3rj 36
s1rj 37
swkj 38
stkj 39
sxkj 40
sjkj 41
sqkj 42
sokj 43
slkj 44
s6kj 45
s2kj 46
shkj 47
sckj 48
smkj 49
sakj 50
sfkj 51
sikj 52
sekj 53
s7kj 54
srkj 55
skkj 56
sbkj 57
sukj 58
svkj 59
s0kj 60
s5kj 61
spkj 62
s8kj 63
s4kj 64
snkj 65
s9kj 66
sgkj 67
szkj 68
sskj 69
sykj 70
sdkj 71
s3kj 72
s1kj 73
swbj 74
stbj 75
sxbj 76
sjbj 77
sqbj 78
sobj 79
slbj 80
s6bj 81
s2bj 82
shbj 83
scbj 84
smbj 85
sabj 86
sfbj 87
sibj 88
sebj 89
s7bj 90
srbj 91
skbj 92
sbbj 93
subj 94
svbj 95
s0bj 96
s5bj 97
spbj 98
s8bj 99
s4bj 0
snbj 1
s9bj 2
sgbj 3
szbj 4
ssbj 5
sybj 6
sdbj 7
s3bj 8
s1bj 9
swuj 10
stuj 11
sxuj 12
sjuj 13
squj 14
souj 15
sluj 16
s6uj 17
s2uj 18
shuj 19
scuj 20
smuj 21
sauj 22
sfuj 23
siuj 24
seuj 25
s7uj 26
sruj 27
skuj 28
sbuj 29
suuj 30
svuj 31
s0uj 32
s5uj 33
spuj 34
s8uj 35
s4uj 36
cnuj 37
s9uj 38
cguj 39
szuj 40
ssuj 41
syuj 42
sduj 43
s3uj 44
s1uj 45
swvj 46
stvj 47
sxvj 48
sjvj 49
sqvj 50
sovj 51
slvj 52
s6vj 53
s2vj 54
shvj 55
scvj 56
smvj 57
savj 58
sfvj 59
sivj 60
sevj 61
s7vj 62
srvj 63
skvj 64
sbvj 65
suvj 66
svvj 67
s0vj 68
s5vj 69
spvj 70
s8vj 71
s4vj 72
snvj 73
s9vj 74
sgvj 75
szvj 76
ssvj 77
syvj 78
sdvj 79
s3vj 80
s1vj 81
sw0j 82
st0j 83
sx0j 84
sj0j 85
sq0j 86
so0j 87
sl0j 88
s60j 89
s20j 90
sh0j 91
sc0j 92
sm0j 93
sa0j 94
sf0j 95
si0j 96
se0j 97
s70j 98
sr0j 99
sk0j 0
sb0j 1
su0j 2
sv0j 3
s00j 4
s50j 5
sp0j 6
s80j 7
s40j 8
sn0j 9
s90j 10
sg0j 11
sz0j 12
ss0j 13
sy0j 14
sd0j 15
s30j 16
s10j 17
sw5j 18
st5j 19
sx5j 20
sj5j 21
sq5j 22
so5j 23
sl5j 24
s65j 25
s25j 26
sh5j 27
sc5j 28
sm5j 29
sa5j 30
sf5j 31
si5j 32
se5j 33
s75j 34
sr5j 35
sk5j 36
sb5j 37
su5j 38
sv5j 39
c05j 40
s55j 41
cp5j 42
s85j 43
s45j 44
sn5j 45
s95j 46
sg5j 47
sz5j 48
ss5j 49
sy5j 50
sd5j 51
s35j 52
s15j 53
swpj 54
stpj 55
sxpj 56
sjpj 57
sqpj 58
sopj 59
slpj 60
s6pj 61
s2pj 62
shpj 63
scpj 64
smpj 65
sapj 66
sfpj 67
sipj 68
sepj 69
s7pj 70
srpj 71
skpj 72
sbpj 73
supj 74
svpj 75
s0pj 76
s5pj 77
sppj 78
s8pj 79
s4pj 80
snpj 81
s9pj 82
sgpj 83
szpj 84
sspj 85
sypj 86
sdpj 87
s3pj 88
s1pj 89
sw8j 90
st8j 91
sx8j 92
sj8j 93
sq8j 94
so8j 95
sl8j 96
s68j 97
s28j 98
sh8j 99
sc8j 0
sm8j 1
sa8j 2
sf8j 3
si8j 4
se8j 5
s78j 6
sr8j 7
sk8j 8
sb8j 9
su8j 10
sv8j 11
s08j 12
s58j 13
sp8j 14
s88j 15
s48j 16
sn8j 17
s98j 18
sg8j 19
sz8j 20
ss8j 21
sy8j 22
sd8j 23
s38j 24
s18j 25
sw4j 26
st4j 27
sx4j 28
sj4j 29
sq4j 30
so4j 31
sl4j 32
s64j 33
s24j 34
sh4j 35
sc4j 36
sm4j 37
sa4j 38
sf4j 39
si4j 40
se4j 41
s74j 42
cr4j 43
sk4j 44
cb4j 45
su4j 46
sv4j 47
s04j 48
s54j 49
sp4j 50
s84j 51
s44j 52
sn4j 53
s94j 54
sg4j 55
sz4j 56
ss4j 57
sy4j 58
sd4j 59
s34j 60
s14j 61
swnj 62
stnj 63
sxnj 64
sjnj 65
sqnj 66
sonj 67
slnj 68
s6nj 69
s2nj 70
shnj 71
scnj 72
smnj 73
sanj 74
sfnj 75
sinj 76
senj 77
s7nj 78
srnj 79
sknj 80
sbnj 81
sunj 82
svnj 83
s0nj 84
s5nj 85
spnj 86
s8nj 87
s4nj 88
snnj 89
s9nj 90
sgnj 91
sznj 92
ssnj 93
synj 94
sdnj 95
s3nj 96
s1nj 97
sw9j 98
st9j 99
sx9j 0
sj9j 1
sq9j 2
so9j 3
sl9j 4
s69j 5
s29j 6
sh9j 7
sc9j 8
sm9j 9
sa9j 10
sf9j 11
si9j 12
se9j 13
s79j 14
sr9j 15
sk9j 16
sb9j 17
su9j 18
sv9j 19
s09j 20
s59j 21
sp9j 22
s89j 23
s49j 24
sn9j 25
s99j 26
sg9j 27
sz9j 28
ss9j 29
sy9j 30
sd9j 31
s39j 32
s19j 33
swgj 34
stgj 35
sxgj 36
sjgj 37
sqgj 38
sogj 39
slgj 40
s6gj 41
s2gj 42
shgj 43
scgj 44
smgj 45
cagj 46
sfgj 47
cigj 48
segj 49
s7gj 50
srgj 51
skgj 52
sbgj 53
sugj 54
svgj 55
s0gj 56
s5gj 57
spgj 58
s8gj 59
s4gj 60
sngj 61
s9gj 62
sggj 63
szgj 64
ssgj 65
sygj 66
sdgj 67
s3gj 68
s1gj 69
swzj 70
stzj 71
sxzj 72
sjzj 73
sqzj 74
sozj 75
slzj 76
s6zj 77
s2zj 78
shzj 79
sczj 80
smzj 81
sazj 82
sfzj 83
sizj 84
sezj 85
s7zj 86
srzj 87
skzj 88
sbzj 89
suzj 90
svzj 91
s0zj 92
s5zj 93
spzj 94
s8zj 95
s4zj 96
snzj 97
s9zj 98
sgzj 99
szzj 0
sszj 1
syzj 2
sdzj 3
s3zj 4
s1zj 5
swsj 6
stsj 7
sxsj 8
sjsj 9
sqsj 10
sosj 11
slsj 12
s6sj 13
s2sj 14
shsj 15
scsj 16
smsj 17
sasj 18
sfsj 19
sisj 20
sesj 21
s7sj 22
srsj 23
sksj 24
sbsj 25
susj 26
svsj 27
s0sj 28
s5sj 29
spsj 30
s8sj 31
s4sj 32
snsj 33
s9sj 34
sgsj 35
szsj 36
sssj 37
sysj 38
sdsj 39
s3sj 40
s1sj 41
swyj 42
styj 43
sxyj 44
sjyj 45
sqyj 46
soyj 47
slyj 48
c6yj 49
