6409
s6o 0
scj 1
sg 2
sht 3
sp 4
s7o 5
sro 6
sko 7
sbo 8
suo 9
svo 0
s0o 1
s5o 2
spo 3
s8o 4
c4o 5
s9q 6
set 7
sg6 8
sz6 9
cs6 0
s5h 1
s9x 2
sb2 3
scc 4
seq 5
slj 6
spf 7
stf 8
szh 9
s4f 0
snf 1
c9f 2
st 3
cx 4
s6 5
s7 6
sa 7
se 8
si 9
sm 0
so 1
sq 2
sv 3
c0 4
sj 5
sl 6
s2 7
sh 8
sc 9
cf 0
cr 1
sk 2
sb 3
cu 4
s5 5
s8 6
s4 7
sn 8
c9 9
s3 0
sxt 1
sjt 2
sqt 3
sot 4
clt 5
s4t 6
s8t 7
sat 8
sft 9
sgt 0
sxx 1
sjx 2
sqx 3
sox 4
slx 5
s6x 6
s2x 7
shx 8
scx 9
smx 0
cax 1
s0c 2
shl 3
siq 4
syh 5
szt 6
s1f 7
swi 8
sti 9
sxi 0
sji 1
sqi 2
soi 3
sli 4
s6i 5
s2i 6
chi 7
s1 8
s1q 9
saq 0
suj 1
sut 2
syx 3
sdl 4
s3l 5
s1l 6
sw6 7
st6 8
sx6 9
sj6 0
cq6 1
s5x 2
sco 3
smo 4
sao 5
sfo 6
sio 7
ceo 8
cso 9
sej 0
sy6 1
sd6 2
s36 3
s16 4
cw2 5
s1j 6
s4j 7
s7l 8
sel 9
sil 0
sql 1
s7h 2
srh 3
skh 4
sbh 5
suh 6
svh 7
s0h 8
sph 9
s8h 0
c4h 1
s18t 2
s40x 3
s4rj 4
s9pt 5
sgoq 6
sjxq 7
sl7 8
sxb 9
sxkx 0
sz3j 1
s06q 2
s56q 3
sp6q 4
s86q 5
s46q 6
sn6q 7
s96q 8
sg6q 9
sz6q 0
ss6q 1
cy6q 2
s35x 3
s15x 4
swpx 5
stpx 6
sxpx 7
sjpx 8
sqpx 9
sopx 0
clpx 1
s7a 2
sra 3
ska 4
sba 5
sua 6
sva 7
s0a 8
c5a 9
s6j 0
spj 1
svq 2
swo 3
sto 4
sxo 5
sjo 6
sqo 7
soo 8
slo 9
s2o 0
cho 1
s2l 2
s4x 3
syj 4
si6 5
se6 6
s76 7
sr6 8
sk6 9
sb6 0
su6 1
cv6 2
syq 3
sgh 4
ssh 5
sdh 6
s3h 7
s1h 8
cwc 9
s3j 0
s82 1
ssq 2
sta 3
stl 4
swh 5
sna 6
s9a 7
sga 8
cza 9
s1c 0
s1t 1
s92 2
sh6 3
ssj 4
cci 5
s5j 6
sfj 7
skx 8
sst 9
syo 0
srl 1
skl 2
sbl 3
sul 4
svl 5
c0l 6
ss 7
spt 8
snt 9
s9t 0
syt 1
cdt 2
s3o 3
sjj 4
sm6 5
sa6 6
cf6 7
syc 8
sbm 9
sum 0
svm 1
s0m 2
s5m 3
cpm 4
s0n 5
s3xt 6
sqg 7
ssxt 8
sx7 9
s76t 0
cr6t 1
s0nt 2
s43j 3
s67j 4
sdkj 5
so9j 6
sodx 7
ssxx 8
szcx 9
suqq 0
svqq 1
s0qq 2
s5qq 3
spqq 4
s8qq 5
s4qq 6
snqq 7
s9qq 8
sgqq 9
czqq 0
sx5 1
s7gt 2
srgt 3
skgt 4
sbgt 5
sugt 6
svgt 7
s0gt 8
s5gt 9
cpgt 0
s0t 1
s0wt 2
s68t 3
sf5t 4
sjvt 5
smk 6
ssp 7
su8t 8
stvx 9
sxvx 0
sjvx 1
sqvx 2
sovx 3
slvx 4
s6vx 5
s2vx 6
shvx 7
scvx 8
cmvx 9
s8x 0
snx 1
sgx 2
szx 3
ssx 4
sdx 5
s3x 6
c1x 7
cvx 8
s32 9
sac 0
ssc 1
smm 2
sam 3
sfm 4
sim 5
sem 6
s7m 7
srm 8
ckm 9
s12t 0
s4ct 1
sdd 2
shrt 3
snn 4
ss0t 5
sy0t 6
cd0t 7
s2v 8
s6mj 9
sb8x 0
sczt 1
slbt 2
soxj 3
sv2x 4
syjx 5
s9ej 6
sgej 7
szej 8
ssej 9
syej 0
sdej 1
s3ej 2
s1ej 3
sw7j 4
st7j 5
cx7j 6
s4m 7
snm 8
s9m 9
cgm 0
sag 1
sf9 2
sia 3
sbs 4
sus 5
svs 6
s0s 7
s5s 8
sps 9
c8s 0
s10 1
shk 2
snv 3
srr 4
svu 5
sv2t 6
s02t 7
s52t 8
sp2t 9
s82t 0
c42t 1
st2 2
sx2 3
sj2 4
sq2 5
so2 6
cl2 7
six 8
sml 9
sv2 0
sq7 1
so7 2
s67 3
s27 4
ch7 5
sca 6
s1k 7
swb 8
ctb 9
sa8 0
sj8 1
skr 2
srp 3
c89 4
s04x 5
s54t 6
s9k 7
s9y 8
sg7t 9
srzt 0
scgx 1
cmgx 2
sapx 3
sd4x 4
so9 5
socj 6
soxx 7
suz 8
szrt 9
s7aj 0
sraj 1
skaj 2
sbaj 3
suaj 4
svaj 5
s0aj 6
s5aj 7
spaj 8
s8aj 9
c4aj 0
s6t 1
swt 2
smt 3
sit 4
s7t 5
crt 6
swa 7
sa0 8
sf0 9
si0 0
se0 1
s70 2
sr0 3
sk0 4
sb0 5
cu0 6
s3qt 7
s90t 8
sdn 9
sp2 0
sqf 1
sr1 2
si5t 3
se5t 4
s75t 5
sr5t 6
sk5t 7
sb5t 8
su5t 9
sv5t 0
s05t 1
c55t 2
sfx 3
c3q 4
s2c 5
s2f 6
s0r 7
s5r 8
spr 9
c8r 0
s5y 1
sapt 2
st0 3
svj 4
scyt 5
smyt 6
cayt 7
s25x 8
s3yx 9
sb3x 0
shft 1
suex 2
svvj 3
sw9 4
so0j 5
sl0j 6
s60j 7
s20j 8
sh0j 9
sc0j 0
sm0j 1
sa0j 2
cf0j 3
skpj 4
svpj 5
s0pj 6
s5pj 7
sppj 8
s8pj 9
c4pj 0
s2t 1
s6q 2
sbj 3
shq 4
skq 5
sbq 6
suq 7
c0q 8
sz 9
sjl 0
sol 1
sll 2
s6l 3
scl 4
sal 5
cfl 6
skt 7
sbt 8
svt 9
c5t 0
sy 1
sd 2
ctt 3
sex 4
s7x 5
srx 6
sbx 7
cux 8
sxj 9
sqj 0
soj 1
s2j 2
shj 3
smj 4
caj 5
s5q 6
scq 7
sdo 8
s1o 9
swl 0
cxl 1
s8j 2
sgl 3
s66 4
s26 5
cc6 6
szq 7
s62 8
s22 9
sh2 0
sc2 1
sm2 2
sa2 3
sf2 4
si2 5
se2 6
c72 7
s3xx 8
s49x 9
s6at 0
s7jx 1
scaq 2
sm2j 3
sqxx 4
sy9j 5
sjvq 6
cqvq 7
s9qx 8
sgqx 9
szqx 0
csqx 1
s3kt 2
sbkx 3
sjq 4
stzx 5
swd 6
sgzq 7
szzq 8
sszq 9
syzq 0
sdzq 1
s3zq 2
s1zq 3
swsq 4
stsq 5
sxsq 6
cjsq 7
shb 8
ccb 9
s6r 0
sef 1
sgr 2
stv 3
sxv 4
sjv 5
sqv 6
sov 7
slv 8
s6v 9
chv 0
s41 1
smr 2
stht 3
suf 4
syn 5
s1it 6
swet 7
stet 8
sxet 9
sjet 0
sqet 1
coet 2
s0at 3
s4uj 4
scn 5
sg7j 6
sljx 7
spwx 8
ste 9
sye 0
spdj 1
s8dj 2
s4dj 3
sndj 4
s9dj 5
sgdj 6
szdj 7
ssdj 8
sydj 9
sddj 0
c3dj 1
sau 2
sfu 3
siu 4
seu 5
s7u 6
sru 7
sku 8
sbu 9
suu 0
c0u 1
sfq 2
s7q 3
crq 4
s3t 5
saf 6
sk7 7
slm 8
sni 9
s07 0
s57 1
sp7 2
s87 3
s47 4
sn7 5
c97 6
s5b 7
snu 8
sqe 9
sy5 0
sd5 1
s35 2
s15 3
swp 4
stp 5
sxp 6
sjp 7
sqp 8
sop 9
clp 0
s68 1
sp1 2
sqht 3
stn 4
syjt 5
sz6t 6
syct 7
sdct 8
s3ct 9
s1ct 0
swmt 1
stmt 2
sxmt 3
sjmt 4
sqmt 5
comt 6
s6h 7
s1m 8
sxa 9
cja 0
s20 1
s4b 2
s4l 3
s60 4
sda 5
sde 6
ssf 7
sn0 8
s90 9
sg0 0
cz0 1
s9b 2
sxlt 3
sb2t 4
cu2t 5
s02x 6
s5yt 7
s95t 8
sjnt 9
slxt 0
sxvt 1
s1ax 2
swfx 3
stfx 4
sxfx 5
sjfx 6
sqfx 7
sofx 8
slfx 9
s6fx 0
c2fx 1
s5l 2
spl 3
c8l 4
s2m 5
smf 6
cff 7
s0x 8
cpx 9
s2q 0
s6m 1
sdc 2
sxe 3
sbe 4
sue 5
sve 6
s0e 7
s5e 8
spe 9
s8e 0
s4e 1
sne 2
c9e 3
ssl 4
s12 5
sth 6
sxh 7
sjh 8
cqh 9
s2h 0
sy7 1
sd7 2
s37 3
s17 4
swr 5
str 6
sxr 7
sjr 8
sqr 9
cor 0
s3fx 1
s1fx 2
swix 3
stix 4
sxix 5
sjix 6
sqix 7
soix 8
slix 9
c6ix 0
s9i 1
s4r 2
snr 3
c9r 4
s1wt 5
s8ct 6
sy1 7
srit 8
skit 9
sbit 0
suit 1
svit 2
s0it 3
c5it 4
s63 5
scct 6
sn2 7
ccmt 8
szj 9
snl 0
s9l 1
czl 2
samt 3
saot 4
si6t 5
stjx 6
sxjx 7
sjjx 8
sqjx 9
sojx 0
s6jx 1
s2jx 2
chjx 3
s0f 4
s3e 5
sme 6
sln 7
s6n 8
c2n 9
s4v 0
sap 1
sfi 2
shr 3
syr 4
sly 5
s6y 6
s2y 7
shy 8
scy 9
smy 0
cay 1
s2z 2
s6ht 3
stk 4
s3ht 5
s1ht 6
swct 7
stct 8
sxct 9
sjct 0
sqct 1
soct 2
clct 3
s37x 4
s5rx 5
sck 6
skuj 7
s3eq 8
s1eq 9
sw7q 0
st7q 1
sx7q 2
sj7q 3
sq7q 4
so7q 5
sl7q 6
s67q 7
c27q 8
sgj 9
sdj 0
swq 1
ctq 2
sih 3
sic 4
sec 5
s7c 6
crc 7
sg7 8
sh0 9
s8g 0
s4g 1
sng 2
c9g 3
s7kt 4
snvx 5
s9vx 6
sgvx 7
szvx 8
ssvx 9
cyvx 0
s1yt 1
s6xx 2
s79x 3
sbf 4
sd6x 5
sdox 6
soyt 7
smpj 8
sapj 9
sfpj 0
sipj 1
sepj 2
s7pj 3
srpj 4
sbpj 5
cupj 6
sh9 7
sc9 8
sm9 9
sa9 0
si9 1
se9 2
c79 3
s4q 4
snq 5
sgq 6
cdq 7
spi 8
sib 9
seb 0
c7b 1
srj 2
s19 3
swg 4
ctg 5
siv 6
soc 7
sug 8
szm 9
sqd 0
sod 1
sld 2
s6d 3
s2d 4
shd 5
scd 6
smd 7
sad 8
cfd 9
sij 0
swx 1
snh 2
c9h 3
su3 4
smmt 5
sfmt 6
simt 7
semt 8
s7mt 9
srmt 0
skmt 1
cbmt 2
sc6t 3
selx 4
si7 5
sijj 6
skzt 7
sl3 8
sv9t 9
sp7j 0
s87j 1
s47j 2
sn7j 3
s97j 4
sz7j 5
ss7j 6
sy7j 7
sd7j 8
c37j 9
s0k 0
s5f 1
sdxt 2
sflt 3
sg5t 4
snkt 5
spqt 6
surt 7
se9t 8
s79t 9
sr9t 0
sk9t 1
sb9t 2
su9t 3
s09t 4
s59t 5
sp9t 6
c89t 7
s1ft 8
s6ax 9
sayx 0
sbvx 1
sbwt 2
skz 3
smct 4
sv4t 5
sx7x 6
s1aj 7
swfj 8
stfj 9
sxfj 0
sjfj 1
sqfj 2
sofj 3
slfj 4
s6fj 5
c2fj 6
sty 7
sui 8
sxs 9
sx1 0
sj1 1
sq1 2
so1 3
sl1 4
s61 5
s21 6
sh1 7
sc1 8
cm1 9
ssat 0
stbt 1
sxbt 2
cjbt 3
sqs 4
sos 5
sls 6
s6s 7
s2s 8
shs 9
ccs 0
s9u 1
sds 2
sgk 3
smrt 4
sart 5
sfrt 6
sirt 7
sert 8
s7rt 9
srrt 0
ckrt 1
s1e 2
sdf 3
sdk 4
sre 5
s6p 6
s2p 7
shp 8
scp 9
smp 0
sfp 1
cip 2
strt 3
sevt 4
s7vt 5
srvt 6
ckvt 7
s3i 8
sest 9
sq2t 0
suyt 1
sy9 2
sy3t 3
sd3t 4
s33t 5
s13t 6
sw1t 7
st1t 8
sx1t 9
sj1t 0
sq1t 1
co1t 2
s00 3
s0mt 4
sb9 5
sd8 6
sez 7
snxt 8
sv1 9
skwx 0
sbwx 1
suwx 2
svwx 3
s0wx 4
s5wx 5
s8wx 6
s4wx 7
cnwx 8
s06 9
s56 0
sp6 1
s86 2
s46 3
sn6 4
c96 5
swj 6
ctj 7
s0z 8
s4k 9
sqjt 0
sv6t 1
cact 2
srk 3
sj4t 4
sq4t 5
so4t 6
cl4t 7
sa9t 8
sant 9
sg3 0
ski 1
slet 2
soat 3
sypt 4
szu 5
sc1t 6
sm1t 7
sa1t 8
sf1t 9
si1t 0
se1t 1
s71t 2
sr1t 3
ck1t 4
sfe 5
s1n 6
st9 7
sx9 8
sj9 9
sq9 0
sl9 1
s69 2
c29 3
s7j 4
caa 5
sig 6
sur 7
s7z 8
srz 9
sbz 0
cvz 1
s1i 2
s49 3
sc4 4
sin 5
syg 6
sikt 7
sekt 8
srkt 9
skkt 0
cbkt 1
s4pt 2
snpt 3
sgpt 4
szpt 5
sspt 6
sdpt 7
s3pt 8
s1pt 9
cw8t 0
s3nt 1
s4mt 2
s56t 3
s8d 4
sog 5
sret 6
sfpx 7
sipx 8
sepx 9
s7px 0
srpx 1
skpx 2
sbpx 3
cupx 4
s1gx 5
s21j 6
s9gt 7
sqzt 8
sttq 9
sxtq 0
sjtq 1
sqtq 2
sotq 3
sltq 4
s6tq 5
s2tq 6
chtq 7
s7jt 8
sgu 9
shf 0
shm 1
stc 2
sx7t 3
sj7t 4
sq7t 5
so7t 6
sl7t 7
s67t 8
s27t 9
sh7t 0
sc7t 1
cm7t 2
sdrx 3
sgnj 4
shmx 5
sint 6
sm4x 7
sqdx 8
sxaj 9
szuj 0
svdj 1
s0dj 2
c5dj 3
s4rt 4
s7wt 5
sa4j 6
seht 7
sf7 8
sjb 9
sp4 0
sjeq 1
sqeq 2
soeq 3
sleq 4
s6eq 5
s2eq 6
sheq 7
sceq 8
smeq 9
caeq 0
sxu 1
sgg 2
czg 3
s08 4
s3s 5
s86t 6
sitt 7
sys 8
sxrt 9
sjrt 0
sqrt 1
sort 2
slrt 3
s6rt 4
s2rt 5
ccrt 6
suc 7
svc 8
s5c 9
spc 0
s8c 1
c4c 2
smjx 3
so9t 4
spy 5
sxy 6
szi 7
s1mx 8
swax 9
stax 0
sxax 1
sjax 2
sqax 3
soax 4
slax 5
s2ax 6
chax 7
sj2t 8
sd5j 9
s35j 0
s15j 1
swpj 2
stpj 3
sxpj 4
sjpj 5
sqpj 6
copj 7
safj 8
sbnt 9
sdwt 0
si6j 1
sir 2
sq7x 3
stej 4
sumt 5
sz2t 6
s5zj 7
spzj 8
s8zj 9
s4zj 0
snzj 1
s9zj 2
sgzj 3
szzj 4
cszj 5
s4ux 6
sf9t 7
slqq 8
s6qq 9
s2qq 0
shqq 1
ccqq 2
s4nx 3
s62x 4
s73t 5
scuj 6
scwt 7
szst 8
snaq 9
s9aq 0
sgaq 1
szaq 2
ssaq 3
syaq 4
sdaq 5
s3aq 6
s1aq 7
swfq 8
ctfq 9
ccm 0
s9st 1
scxx 2
smxx 3
saxx 4
sfxx 5
sixx 6
sexx 7
s7xx 8
crxx 9
s1v 0
s5v 1
sb3 2
squ 3
svut 4
sxn 5
sz3 6
skfx 7
sbfx 8
sufx 9
svfx 0
s0fx 1
s5fx 2
spfx 3
s8fx 4
c4fx 5
scqt 6
sewt 7
slot 8
s6ot 9
s2ot 0
shot 1
ccot 2
s3a 3
scjt 4
sfat 5
sg0t 6
sgut 7
shtt 8
ss7t 9
sj8t 0
sq8t 1
so8t 2
sl8t 3
s28t 4
sh8t 5
sc8t 6
cm8t 7
sgf 8
szf 9
syf 0
c3f 1
sge 2
sze 3
cse 4
sek 5
c7k 6
s31 7
svot 8
scit 9
smit 0
sait 1
sfit 2
siit 3
seit 4
c7it 5
ckj 6
spa 7
c8a 8
sqq 9
spq 0
c8q 1
sof 2
slf 3
s6f 4
ccf 5
sae 6
slc 7
stm 8
snk 9
szk 0
ssk 1
syk 2
c3k 3
cmq 4
su9 5
shat 6
scat 7
smat 8
caat 9
skjt 0
s0ut 1
s5ut 2
sput 3
s8ut 4
c4ut 5
so6 6
cl6 7
sok 8
sp5t 9
su4t 0
s04t 1
sp4t 2
s84t 3
s44t 4
sn4t 5
c94t 6
scu 7
soq 8
sp5 9
st7 0
s6z 1
shz 2
scz 3
smz 4
saz 5
sfz 6
ciz 7
sd4 8
sdm 9
sm7 0
sub 1
sa1 2
sf1 3
si1 4
se1 5
s71 6
sk1 7
sb1 8
cu1 9
s3c 0
s8i 1
skc 2
sje 3
soe 4
sle 5
s6e 6
c2e 7
slr 8
s2r 9
scr 0
sar 1
sfr 2
ser 3
c7r 4
skk 5
sbk 6
suk 7
svk 8
s5k 9
spk 0
c8k 1
snd 2
sss 3
st3 4
sx3 5
sj3 6
sq3 7
so3 8
s23 9
sh3 0
sc3 1
cm3 2
szft 3
csft 4
s17j 5
sqgt 6
s4kj 7
snkj 8
s9kj 9
sgkj 0
czkj 1
sdbt 2
sjqx 3
s3uj 4
s1uj 5
swvj 6
ctvj 7
s5xx 8
s9it 9
sdb 0
siot 1
snjq 2
swqj 3
sovq 4
slvq 5
s6vq 6
s2vq 7
shvq 8
scvq 9
smvq 0
savq 1
cfvq 2
sagt 3
sr5 4
c4gx 5
s0qx 6
s22j 7
sgp 8
sohx 9
sx4 0
sqwq 1
cowq 2
sl5j 3
so1x 4
spjx 5
su6q 6
sjbq 7
sqbq 8
sobq 9
slbq 0
s6bq 1
s2bq 2
shbq 3
scbq 4
smbq 5
sabq 6
cfbq 7
sjwt 8
ssa 9
s1at 0
swft 1
stft 2
sxft 3
sjft 4
sqft 5
soft 6
slft 7
s6ft 8
c2ft 9
s22x 0
sfzt 1
supt 2
sws 3
sx9x 4
sj9x 5
sq9x 6
so9x 7
sl9x 8
s69x 9
s29x 0
sh9x 1
sc9x 2
sm9x 3
ca9x 4
srf 5
sc7 6
ca7 7
smzt 8
sazt 9
sizt 0
sezt 1
s7zt 2
cbzt 3
s3et 4
s5ht 5
sgit 6
suzt 7
svzt 8
s0zt 9
s5zt 0
spzt 1
s8zt 2
s4zt 3
snzt 4
s9zt 5
sgzt 6
czzt 7
scg 8
shwt 9
skp 0
sny 1
sxht 2
sjht 3
soht 4
slht 5
s2ht 6
shht 7
scht 8
cmht 9
su5 0
syqx 1
sdqx 2
s3qx 3
s1qx 4
swox 5
stox 6
cxox 7
s7hx 8
sc6j 9
sdmt 0
sg6x 1
spu 2
ssmt 3
sw6t 4
s5mj 5
spmj 6
s8mj 7
s4mj 8
snmj 9
s9mj 0
sgmj 1
szmj 2
ssmj 3
cymj 4
sn3 5
sqm 6
cs3 7
sc8 8
sj5 9
ss1 0
sgkt 1
szkt 2
sskt 3
sykt 4
sdkt 5
s1kt 6
cwbt 7
sgct 8
sgxt 9
skxt 0
ssr 1
s1vt 2
sw0t 3
st0t 4
sx0t 5
sj0t 6
sq0t 7
so0t 8
sl0t 9
c60t 0
sif 1
s1p 2
sw8 3
st8 4
sx8 5
sq8 6
so8 7
sl8 8
c28 9
sr4t 0
svjx 1
s0jx 2
s5jx 3
s8jx 4
s4jx 5
snjx 6
s9jx 7
cgjx 8
s7ot 9
sdhx 0
shdt 1
sljt 2
s6kx 3
s2kx 4
shkx 5
sckx 6
smkx 7
sakx 8
sfkx 9
sikx 0
sekx 1
s7kx 2
crkx 3
sgi 4
ssi 5
syi 6
sdi 7
cwe 8
slb 9
syu 0
cdu 1
sytt 2
sn6x 3
s96x 4
sz6x 5
ss6x 6
sy6x 7
c36x 8
simx 9
spb 0
suft 1
snkx 2
s9kx 3
sgkx 4
szkx 5
sskx 6
sykx 7
sdkx 8
s3kx 9
c1kx 0
s42 1
sg2 2
sz2 3
ss2 4
cy2 5
s59 6
sa4t 7
sgvt 8
sa3t 9
sf3t 0
si3t 1
se3t 2
sr3t 3
sk3t 4
cb3t 5
smc 6
sya 7
s1a 8
swf 9
sxf 0
cjf 1
sup 2
s9p 3
szp 4
cyp 5
swn 6
shn 7
smn 8
can 9
s51 0
s81 1
sn1 2
s91 3
sg1 4
cz1 5
sh9t 6
sj4x 7
svex 8
swgt 9
sf4j 0
si4j 1
se4j 2
s74j 3
sr4j 4
sk4j 5
sb4j 6
su4j 7
sv4j 8
c04j 9
s9lt 0
snwt 1
s1mt 2
swat 3
stat 4
sxat 5
sjat 6
sqat 7
slat 8
c2at 9
srxt 0
sbxt 1
suxt 2
svxt 3
s0xt 4
s5xt 5
spxt 6
c8xt 7
s01t 8
s51t 9
sp1t 0
s81t 1
s41t 2
sn1t 3
s91t 4
cg1t 5
sis 6
snnt 7
su6t 8
slwx 9
s6wx 0
s2wx 1
shwx 2
scwx 3
smwx 4
sawx 5
cfwx 6
s85j 7
swdj 8
stdj 9
sxdj 0
sjdj 1
sqdj 2
codj 3
s4vj 4
soz 5
srdj 6
sbbq 7
cubq 8
scoj 9
smfj 0
smgt 1
svf 2
sg5q 3
sz5q 4
ss5q 5
sy5q 6
sd5q 7
s35q 8
s15q 9
swpq 0
ctpq 1
cct 2
s3r 3
s7i 4
s7v 5
smh 6
smv 7
sbp 8
svp 9
s0p 0
s5p 1
cpp 2
s06t 3
s0tt 4
s6xt 5
slh 6
s6ct 7
s2ct 8
chct 9
s4y 0
s5tt 1
seot 2
she 3
s4vt 4
snvt 5
s9vt 6
szvt 7
ssvt 8
syvt 9
sdvt 0
c3vt 1
sxm 2
subx 3
svbx 4
s0bx 5
c5bx 6
sms 7
sas 8
sfs 9
ses 0
c7s 1
sbbj 2
sixj 3
sjtt 4
sb5j 5
su5j 6
sv5j 7
s05j 8
s55j 9
sp5j 0
c45j 1
spn 2
s8n 3
s4n 4
s9n 5
sgn 6
szn 7
ssn 8
c3n 9
s15t 0
sq5t 1
s8tx 2
s4tx 3
sntx 4
s9tx 5
sgtx 6
sztx 7
sstx 8
sytx 9
sdtx 0
c3tx 1
seex 2
s7ex 3
srex 4
skex 5
sbex 6
s0ex 7
s5ex 8
cpex 9
s33 0
szz 1
swbx 2
stbx 3
sxbx 4
sjbx 5
sqbx 6
sobx 7
slbx 8
s6bx 9
s2bx 0
shbx 1
ccbx 2
s1bj 3
s6hj 4
sm8 5
snfj 6
sufj 7
sxvj 8
sjvj 9
sqvj 0
sovj 1
slvj 2
s6vj 3
s2vj 4
shvj 5
ccvj 6
cd2 7
sie 8
sep 9
c7p 0
s8p 1
s4p 2
cnp 3
sg4 4
slg 5
szlt 6
syft 7
sdft 8
s3ft 9
swit 0
stit 1
sxit 2
sjit 3
sqit 4
soit 5
clit 6
srb 7
skb 8
sbb 9
svb 0
s0b 1
s8b 2
cnb 3
s30 4
sx2t 5
sa7t 6
sf7t 7
si7t 8
ce7t 9
s8y 0
sg9 1
sqz 2
svn 3
s13 4
sw1 5
ct1 6
sby 7
si4 8
svwt 9
stkt 0
sxkt 1
cjkt 2
s2lx 3
s57t 4
s85t 5
spxx 6
snlx 7
s9lx 8
sglx 9
szlx 0
sslx 1
sylx 2
sdlx 3
c3lx 4
s6bt 5
s6xj 6
sb4x 7
smb 8
szd 9
cujq 0
sa3 1
swoq 2
swrq 3
strq 4
sxrq 5
sjrq 6
sqrq 7
sorq 8
slrq 9
s6rq 0
s2rq 1
shrq 2
ccrq 3
s18 4
sgb 5
sa4 6
sf4 7
se4 8
s74 9
sr4 0
sk4 1
sb4 2
su4 3
cv4 4
s1qt 5
s29t 6
sbvt 7
szjj 8
ssjj 9
syjj 0
sdjj 1
s3jj 2
s1jj 3
ctqj 4
sz5x 5
squq 6
souq 7
sluq 8
s6uq 9
s2uq 0
shuq 1
scuq 2
smuq 3
sauq 4
cfuq 5
sdr 6
sqk 7
slk 8
s6k 9
s2k 0
sak 1
sfk 2
cik 3
sklt 4
sy8 5
srix 6
skix 7
sbix 8
suix 9
svix 0
c0ix 1
sfh 2
ceh 3
s14 4
sxnx 5
sqej 6
soej 7
slej 8
s6ej 9
s2ej 0
shej 1
scej 2
smej 3
saej 4
sfej 5
ciej 6
sn9 7
s99 8
sz9 9
ss9 0
sd9 1
c39 2
sc0 3
sxg 4
sjg 5
s6g 6
s2g 7
chg 8
smi 9
sai 0
sii 1
sei 2
sri 3
sbi 4
cvi 5
sk2 6
sz7 7
cs7 8
s5u 9
s8u 0
s4u 1
csu 2
s2qt 3
sjm 4
cmqt 5
sw2t 6
ct2t 7
s6c 8
s9d 9
selt 0
spwt 1
srht 2
srwt 3
cbct 4
s3z 5
sprt 6
sa0t 7
sf0t 8
si0t 9
se0t 0
s70t 1
sr0t 2
sk0t 3
sb0t 4
cu0t 5
s2a 6
sq5 7
s99t 8
sg9t 9
sz9t 0
ss9t 1
sy9t 2
sd9t 3
s39t 4
s19t 5
stgt 6
cxgt 7
sfa 8
cea 9
sxc 0
cjc 1
cyl 2
sn5 3
sqa 4
su7t 5
sv7t 6
c07t 7
sn2t 8
sfut 9
ciut 0
sgyt 1
sh3t 2
sl5 3
sw0 4
su3t 5
sv3t 6
s03t 7
c53t 8
s9z 9
sa2x 0
s9ex 1
sgex 2
szex 3
ssex 4
syex 5
sdex 6
s3ex 7
s1ex 8
sw7x 9
ct7x 0
sclx 1
sgix 2
sjij 3
sngj 4
s9gj 5
sggj 6
szgj 7
ssgj 8
sygj 9
sdgj 0
c3gj 1
sqc 2
shc 3
cfc 4
sz4t 5
sbqx 6
cuqx 7
sqxq 8
sr3x 9
stjj 0
sfzq 1
sizq 2
sezq 3
s7zq 4
srzq 5
skzq 6
sbzq 7
suzq 8
svzq 9
c0zq 0
cmu 1
s65 2
s25 3
sh5 4
sc5 5
sm5 6
sa5 7
sf5 8
ci5 9
scv 0
sav 1
sfv 2
sev 3
crv 4
s66t 5
s26t 6
sh6t 7
sm6t 8
sa6t 9
sf6t 0
ce6t 1
sdot 2
seqt 3
s0rt 4
s5rt 5
s8rt 6
snrt 7
s9rt 8
cgrt 9
sgz 0
snmt 1
s9mt 2
sgmt 3
szmt 4
symt 5
c3mt 6
s53 7
sgat 8
sutt 9
swqt 0
swut 1
stut 2
sxut 3
sjut 4
cqut 5
s4at 6
smet 7
saet 8
sfet 9
siet 0
seet 1
s7et 2
sket 3
sbet 4
suet 5
cvet 6
sazx 7
sf5x 8
sipt 9
sqb 0
s01x 1
s51x 2
sp1x 3
s81x 4
s41x 5
sn1x 6
s91x 7
sg1x 8
cz1x 9
swk 0
ssqt 1
cyqt 2
s3dt 3
suvt 4
sklx 5
sblx 6
sulx 7
svlx 8
s0lx 9
s5lx 0
splx 1
s8lx 2
c4lx 3
ssg 4
sdg 5
s3g 6
s1g 7
swz 8
stz 9
sxz 0
cjz 1
s66x 2
s8it 3
sv8 4
s5ix 5
spix 6
s8ix 7
s4ix 8
snix 9
s9ix 0
szix 1
csix 2
s6zt 3
sd8t 4
sky 5
sj3t 6
sq3t 7
so3t 8
sl3t 9
s63t 0
c23t 1
sirx 2
sokt 3
scxj 4
smxj 5
saxj 6
sfxj 7
sexj 8
s7xj 9
srxj 0
skxj 1
sbxj 2
cuxj 3
s0ft 4
s9dx 5
sgdx 6
szdx 7
ssdx 8
sydx 9
sddx 0
c3dx 1
s2ox 2
shox 3
scox 4
smox 5
saox 6
sfox 7
siox 8
seox 9
s7ox 0
crox 1
s38 2
smoj 3
saoj 4
sfoj 5
sioj 6
seoj 7
s7oj 8
sroj 9
skoj 0
cboj 1
s1fj 2
s75x 3
sgij 4
si2t 5
sigt 6
soh 7
sd8j 8
s38j 9
s18j 0
sw4j 1
st4j 2
sx4j 3
sj4j 4
sq4j 5
so4j 6
cl4j 7
sg7x 8
slux 9
sqnt 0
ssux 1
syux 2
sdux 3
s3ux 4
s1ux 5
cwvx 6
s5kt 7
s8kt 8
sj4 9
sz8t 0
ss8t 1
sy8t 2
s38t 3
sw4t 4
st4t 5
cx4t 6
s9wx 7
scfx 8
ss1x 9
sy1x 0
sd1x 1
s31x 2
s11x 3
swwj 4
stwj 5
cxwj 6
sm3x 7
soyx 8
sv0x 9
sypj 0
sdpj 1
s3pj 2
s1pj 3
sw8j 4
st8j 5
sx8j 6
sj8j 7
sq8j 8
so8j 9
cl8j 0
s6it 1
s2it 2
chit 3
s1kj 4
s4bt 5
s4cx 6
s4d 7
s8z 8
sctq 9
smtq 0
satq 1
sftq 2
sitq 3
setq 4
s7tq 5
crtq 6
spmt 7
sw5 8
s8gt 9
s4gt 0
sngt 1
cggt 2
sejt 3
sjxx 4
slxx 5
s2xx 6
chxx 7
s34 8
s4z 9
sla 0
sr9 1
su8 2
s5ot 3
spot 4
s8ot 5
s4ot 6
snot 7
s9ot 8
sgot 9
czot 0
sy4 1
sjn 2
sqn 3
con 4
s7pt 5
s8et 6
swnt 7
sc6x 8
sm6x 9
sa6x 0
sf6x 1
si6x 2
se6x 3
s76x 4
sr6x 5
sk6x 6
cb6x 7
s34t 8
sbst 9
std 0
s1st 1
swyt 2
styt 3
sxyt 4
sjyt 5
cqyt 6
sjgx 7
snax 8
suvj 9
s0vj 0
s5vj 1
spvj 2
s8vj 3
snvj 4
c9vj 5
snc 6
s9c 7
sgc 8
szc 9
cwm 0
s1gt 1
sp0 2
s7mx 3
srmx 4
skmx 5
sbmx 6
sumx 7
svmx 8
s0mx 9
c5mx 0
se5 1
sgbt 2
szbt 3
ssbt 4
sybt 5
s3bt 6
c1bt 7
cfyt 8
sfjt 9
cijt 0
s7vx 1
srvx 2
skvx 3
suvx 4
svvx 5
s0vx 6
s5vx 7
spvx 8
s8vx 9
c4vx 0
s98 1
salx 2
sd7q 3
s5dq 4
spdq 5
s8dq 6
s4dq 7
sndq 8
s9dq 9
sgdq 0
szdq 1
ssdq 2
sydq 3
cddq 4
sce 5
see 6
c7e 7
sbg 8
sbn 9
skqt 0
cbqt 1
s0pt 2
s49t 3
shhx 4
c8cx 5
s0oj 6
s20t 7
spkx 8
stxt 9
syrj 0
sdrj 1
s3rj 2
s1rj 3
swkj 4
stkj 5
sxkj 6
cjkj 7
s54 8
swrj 9
strj 0
cxrj 1
s8nt 2
se6j 3
so6x 4
spux 5
su6x 6
syot 7
sarj 8
sfrj 9
sirj 0
serj 1
s7rj 2
srrj 3
skrj 4
cbrj 5
s2aj 6
snjj 7
sowt 8
sw3t 9
sveq 0
s0eq 1
s5eq 2
speq 3
s8eq 4
s4eq 5
sneq 6
c9eq 7
s16x 8
s64t 9
sbv 0
so2t 1
sp7q 2
sw6q 3
sqkq 4
sokq 5
slkq 6
s6kq 7
s2kq 8
shkq 9
sckq 0
smkq 1
sakq 2
cfkq 3
s4xx 4
slhx 5
s6hx 6
c2hx 7
sddt 8
siqj 9
sy5t 0
sfij 1
siij 2
seij 3
s7ij 4
srij 5
skij 6
cbij 7
s8at 8
cnat 9
s6mx 0
s80q 1
s40q 2
sn0q 3
s90q 4
sg0q 5
sz0q 6
ss0q 7
sy0q 8
cd0q 9
s0jt 0
s49j 1
sp1j 2
svox 3
szxt 4
stnq 5
sxnq 6
sjnq 7
sqnq 8
sonq 9
slnq 0
s6nq 1
c2nq 2
cah 3
s5jt 4
spjt 5
s8jt 6
s4jt 7
snjt 8
s9jt 9
cgjt 0
sfiq 1
skxx 2
sq3x 3
smrq 4
sarq 5
sfrq 6
sirq 7
serq 8
s7rq 9
srrq 0
skrq 1
cbrq 2
s0i 3
s5i 4
c4i 5
s1hx 6
sq1j 7
szaj 8
sjmq 9
sqmq 0
somq 1
slmq 2
s6mq 3
s2mq 4
shmq 5
scmq 6
smmq 7
samq 8
cfmq 9
sr0x 0
srtj 1
sqjj 2
sojj 3
sljj 4
s6jj 5
c2jj 6
sr2 7
svux 8
sxst 9
szfj 0
ssfj 1
syfj 2
sdfj 3
s3fj 4
swij 5
stij 6
cxij 7
s02 8
sk8 9
szb 0
s4s 1
sns 2
s9s 3
sgs 4
szs 5
c1s 6
s2sx 7
s0fj 8
s5fj 9
spfj 0
s8fj 1
s4fj 2
s9fj 3
cgfj 4
sk9 5
sv9 6
s09 7
cp9 8
s88 9
sdz 0
s1z 1
sts 2
cjs 3
s4bx 4
smtt 5
snht 6
srat 7
strx 8
svkt 9
s1dx 0
sw3x 1
st3x 2
sx3x 3
sj3x 4
so3x 5
cl3x 6
s0j 7
snj 8
c9j 9
s7lt 0
srlt 1
sblt 2
sult 3
svlt 4
c0lt 5
sl1t 6
swwt 7
smcx 8
cacx 9
sthx 0
s8xj 1
s4xj 2
snxj 3
s9xj 4
sgxj 5
szxj 6
ssxj 7
syxj 8
cdxj 9
sf6q 0
sgmq 1
sscj 2
ssvj 3
sn7q 4
s97q 5
sg7q 6
sz7q 7
ss7q 8
sy7q 9
s37q 0
c17q 1
s84 2
s44 3
sn4 4
s94 5
sz4 6
cs4 7
ssb 8
syb 9
s3b 0
c1b 1
ssfx 2
sfqj 3
seqj 4
s7qj 5
crqj 6
sauj 7
s1tq 8
swxq 9
stxq 0
sxxq 1
soxq 2
slxq 3
s6xq 4
s2xq 5
chxq 6
sbr 7
ssz 8
sk7x 9
cb7x 0
s0cx 1
suhj 2
slgj 3
s6gj 4
s2gj 5
shgj 6
scgj 7
smgj 8
sagj 9
cfgj 0
sdp 1
sfn 2
sen 3
s7n 4
srn 5
skn 6
sun 7
c5n 8
sftt 9
sett 0
s7tt 1
srtt 2
sktt 3
cbtt 4
s8qx 5
sx0 6
sz5t 7
sf2x 8
si2x 9
se2x 0
c72x 1
s0ox 2
sycx 3
s9tj 4
sgtj 5
sztj 6
sstj 7
sytj 8
sdtj 9
s3tj 0
s1tj 1
swxj 2
ctxj 3
s2wt 4
cmwt 5
saux 6
sknt 7
sr8t 8
secj 9
s7cj 0
srcj 1
skcj 2
sbcj 3
sucj 4
cvcj 5
swy 6
sjy 7
sqy 8
coy 9
s1u 0
sgnx 1
sy3x 2
sd3x 3
s33x 4
s13x 5
sw1x 6
st1x 7
sx1x 8
cj1x 9
s7tx 0
ss2x 1
sa3x 2
sf3x 3
si3x 4
se3x 5
s73x 6
sk3x 7
su3x 8
cv3x 9
chh 0
skbx 1
sqlt 2
sygt 3
s0tj 4
s5tj 5
sptj 6
s8tj 7
s4tj 8
cntj 9
s1jx 0
swqx 1
stqx 2
sxqx 3
sqqx 4
coqx 5
spdt 6
srut 7
simj 8
semj 9
s7mj 0
srmj 1
skmj 2
sbmj 3
sumj 4
svmj 5
c0mj 6
s9o 7
cbc 8
s75 9
sk5 0
sb5 1
sv5 2
s05 3
s55 4
c85 5
sq5x 6
sngx 7
s9gx 8
sggx 9
szgx 0
ssgx 1
sygx 2
sdgx 3
c3gx 4
sl5t 5
sigx 6
segx 7
s7gx 8
srgx 9
skgx 0
cbgx 1
s00x 2
s50x 3
cp0x 4
svct 5
swlx 6
swzt 7
sywx 8
shnx 9
scnx 0
smnx 1
sanx 2
cfnx 3
s48x 4
sght 5
shfx 6
sjgt 7
sp8t 8
sxxt 9
sf9x 0
si9x 1
se9x 2
sr9x 3
ck9x 4
sb5x 5
sidt 6
sttt 7
s3ij 8
s1ij 9
swej 0
sxej 1
cjej 2
s58t 3
sukt 4
s98x 5
sg8x 6
sz8x 7
ss8x 8
sy8x 9
sd8x 0
s38x 1
s18x 2
cw4x 3
s2st 4
s9dt 5
sq8x 6
so8x 7
sl8x 8
s68x 9
s28x 0
sh8x 1
sc8x 2
sm8x 3
ca8x 4
s6dt 5
s6nx 6
shbj 7
scbj 8
smbj 9
sabj 0
sfbj 1
sibj 2
sebj 3
s7bj 4
srbj 5
ckbj 6
s73 7
sr3 8
sk3 9
sv3 0
c03 1
sf7x 2
sd0x 3
s30x 4
s10x 5
sw5x 6
st5x 7
sx5x 8
sj5x 9
co5x 0
szr 1
s1r 2
sxk 3
cjk 4
smot 5
s5ux 6
s8ux 7
snux 8
s9ux 9
sgux 0
czux 1
s0xx 2
ssnj 3
synj 4
sdnj 5
s3nj 6
s1nj 7
sw9j 8
st9j 9
sx9j 0
cj9j 1
s8wt 2
s4wt 3
s9wt 4
sgwt 5
szwt 6
sswt 7
cywt 8
s9ht 9
czht 0
scdx 1
s3xj 2
s1xj 3
swjj 4
sxjj 5
cjjj 6
sb8 7
sszt 8
sv8t 9
siax 0
seax 1
s7ax 2
srax 3
skax 4
sbax 5
suax 6
svax 7
c0ax 8
sp3 9
s2xt 0
shxt 1
scxt 2
smxt 3
saxt 4
sfxt 5
sixt 6
sext 7
c7xt 8
syhx 9
s3hx 0
swcx 1
stcx 2
sxcx 3
sjcx 4
cqcx 5
s56x 6
sgy 7
spbx 8
s8bx 9
cnbx 0
s2nt 1
sk6j 2
s93j 3
sg3j 4
ss3j 5
sy3j 6
sd3j 7
s33j 8
s13j 9
sw1j 0
ct1j 1
sz1t 2
ss1t 3
sy1t 4
sd1t 5
c31t 6
sfvt 7
ssnt 8
siqx 9
seqx 0
s7qx 1
srqx 2
ckqx 3
sa0x 4
spbj 5
s8bj 6
s4bj 7
snbj 8
s9bj 9
sgbj 0
czbj 1
s10j 2
sjkx 3
sx5t 4
slwq 5
s6wq 6
s2wq 7
shwq 8
scwq 9
cmwq 0
s3jt 1
sy0 2
sdet 3
s1et 4
sw7t 5
ct7t 6
soox 7
slox 8
c6ox 9
sb1t 0
sfjq 1
sijq 2
sejq 3
s7jq 4
srjq 5
skjq 6
cbjq 7
c2lt 8
s88t 9
s48t 0
sn8t 1
s98t 2
cg8t 3
srjt 4
swot 5
s1dt 6
st3t 7
cx3t 8
s3wt 9
sy3 0
sm2t 1
sa2t 2
sf2t 3
se2t 4
s72t 5
sr2t 6
ck2t 7
ssot 8
svat 9
syzt 0
sdzt 1
s3zt 2
s1zt 3
swst 4
stst 5
sjst 6
cqst 7
so5t 8
sqij 9
svkx 0
sxjq 1
s7oq 2
sroq 3
skoq 4
sboq 5
suoq 6
svoq 7
c0oq 8
s80t 9
slvt 0
sogt 1
slgt 2
s6gt 3
s2gt 4
chgt 5
s1bx 6
siwj 7
smlj 8
syaj 9
sylq 0
sdlq 1
s3lq 2
s1lq 3
ct6q 4
cm0 5
suv 6
sn8 7
sg8 8
sz8 9
cs8 0
s4ft 1
sict 2
spit 3
s4it 4
snit 5
czit 6
s2kt 7
sqbt 8
sobt 9
c2bt 0
s6px 1
s9rx 2
swhj 3
spgj 4
s8gj 5
c4gj 6
si2j 7
se2j 8
s72j 9
sr2j 0
ck2j 1
seix 2
s26q 3
sh6q 4
sc6q 5
sm6q 6
sa6q 7
ci6q 8
s7dt 9
srdt 0
skdt 1
sbdt 2
sudt 3
cvdt 4
sr4x 5
sk4x 6
cu4x 7
s6u 8
sjoj 9
skut 0
sl2q 1
s62q 2
s22q 3
sh2q 4
sc2q 5
sm2q 6
sa2q 7
sf2q 8
si2q 9
ce2q 0
clz 1
shvt 2
s9nt 3
sgnt 4
sznt 5
synt 6
sdnt 7
c1nt 8
su2 9
c52 0
sjzx 1
sou 2
si3j 3
se3j 4
s73j 5
sr3j 6
sk3j 7
sb3j 8
su3j 9
sv3j 0
c03j 1
c8m 2
svht 3
s0ht 4
spht 5
s8ht 6
c4ht 7
s8bt 8
spvt 9
c8vt 0
st8t 1
cx8t 2
sxfq 3
sjfq 4
sqfq 5
sofq 6
slfq 7
s6fq 8
s2fq 9
shfq 0
ccfq 1
sdpx 2
sikq 3
sekq 4
s7kq 5
srkq 6
skkq 7
sbkq 8
sukq 9
cvkq 0
s2mx 1
s4yj 2
smtx 3
sg4q 4
sz4q 5
ss4q 6
sy4q 7
sd4q 8
s34q 9
s14q 0
cwnq 1
sjdt 2
s92x 3
sg2x 4
cz2x 5
su8x 6
sp9q 7
s89q 8
s49q 9
sn9q 0
s99q 1
sg9q 2
sz9q 3
ss9q 4
sy9q 5
sd9q 6
c39q 7
susx 8
cvsx 9
smg 0
sfg 1
seg 2
s7g 3
crg 4
siwt 5
skwt 6
suwt 7
c5wt 8
svv 9
sw7 0
sdv 1
s3v 2
sj0 3
sq0 4
so0 5
cl0 6
sz6j 7
ss6j 8
sy6j 9
sd6j 0
s36j 1
s16j 2
sw2j 3
st2j 4
cx2j 5
s66j 6
se7j 7
stgj 8
sxgj 9
sjgj 0
sqgj 1
cogj 2
sob 3
snz 4
cyz 5
sj6t 6
sxtx 7
srnx 8
sknx 9
sbnx 0
sunx 1
svnx 2
s0nx 3
s5nx 4
spnx 5
s8nx 6
cnnx 7
s0g 8
scyx 9
sghx 0
skqj 1
sbqj 2
suqj 3
svqj 4
s0qj 5
s5qj 6
cpqj 7
svy 8
s0y 9
czy 0
slex 1
sukx 2
s0kx 3
s5kx 4
s8kx 5
c4kx 6
sm4t 7
su0j 8
snyj 9
s9yj 0
sgyj 1
szyj 2
ssyj 3
syyj 4
sdyj 5
s3yj 6
c1yj 7
s6a 8
sqot 9
ss2t 0
sdat 1
c3at 2
sg2t 3
shst 4
spmx 5
s8mx 6
s4mx 7
snmx 8
c9mx 9
sp7t 0
c87t 1
s24 2
sh4 3
cm4 4
shcx 5
so2x 6
s1dj 7
sw3j 8
st3j 9
sx3j 0
sj3j 1
sq3j 2
so3j 3
cl3j 4
szjt 5
ssjt 6
sdjt 7
s1jt 8
stqt 9
sxqt 0
cjqt 1
skox 2
stzt 3
sxmx 4
sjmx 5
sqmx 6
somx 7
clmx 8
s9cx 9
sgcx 0
sscx 1
sdcx 2
s3cx 3
s1cx 4
swmx 5
ctmx 6
s0yx 7
s5yx 8
spyx 9
s8yx 0
s4yx 1
snyx 2
s9yx 3
sgyx 4
szyx 5
ssyx 6
cyyx 7
saex 8
sr8x 9
sk8x 0
sv8x 1
s08x 2
s58x 3
sp8x 4
s88x 5
cn8x 6
sl2t 7
sorx 8
sutx 9
s0sx 0
s5sx 1
spsx 2
s8sx 3
s4sx 4
snsx 5
c9sx 6
cydt 7
s8ft 8
sift 9
sopt 0
szjx 1
ssjx 2
sdjx 3
c3jx 4
s5ft 5
s7nt 6
sbrt 7
svd 8
sxqj 9
sjqj 0
sqqj 1
soqj 2
slqj 3
c6qj 4
sqyx 5
sunt 6
svoj 7
sswq 8
sywq 9
sdwq 0
s3wq 1
s1wq 2
cwtq 3
s2rx 4
szpx 5
sspx 6
sypx 7
c3px 8
sk7t 9
swtx 0
sttx 1
sjtx 2
sqtx 3
cotx 4
c0v 5
s5d 6
s36t 7
c16t 8
svjq 9
s0jq 0
s5jq 1
spjq 2
s8jq 3
s4jq 4
s9jq 5
sgjq 6
szjq 7
csjq 8
smqq 9
saqq 0
sfqq 1
siqq 2
seqq 3
s7qq 4
srqq 5
skqq 6
cbqq 7
sxq 8
ssm 9
sym 0
c3m 1
sbd 2
sdbx 3
sxjt 4
s2oq 5
shoq 6
scoq 7
smoq 8
saoq 9
sfoq 0
sioq 1
ceoq 2
sid 3
sed 4
s7d 5
srd 6
skd 7
sud 8
c0d 9
sd1 0
c11 1
snzx 2
s9zx 3
sgzx 4
szzx 5
sszx 6
syzx 7
sdzx 8
s3zx 9
s1zx 0
swsx 1
ctsx 2
s0tx 3
s6qx 4
sxsx 5
sjsx 6
sqsx 7
cosx 8
s0zx 9
sa2j 0
sdwx 1
s0cj 2
s5cj 3
spcj 4
s8cj 5
s4cj 6
sncj 7
s9cj 8
sgcj 9
czcj 0
s9v 1
smpt 2
sdvx 3
s3vx 4
s1vx 5
sw0x 6
st0x 7
cx0x 8
sg4j 9
ss4j 0
ss8j 1
sujt 2
swu 3
syoq 4
sdoq 5
s3oq 6
s1oq 7
swlq 8
ctlq 9
scpt 0
sfpt 1
cept 2
slqx 3
c2qx 4
sr7 5
sk6t 6
sb6t 7
cp6t 8
svhj 9
s0hj 0
s5hj 1
cphj 2
sbux 3
slpt 4
suuj 5
svuj 6
s0uj 7
s5uj 8
cpuj 9
scvt 0
s00j 1
s50j 2
sp0j 3
s80j 4
s40j 5
sn0j 6
s90j 7
sg0j 8
sz0j 9
ss0j 0
cy0j 1
s40t 2
so4x 3
sczx 4
smzx 5
sfzx 6
cizx 7
s8v 8
s2tt 9
sctt 0
catt 1
cuut 2
s1xt 3
sxnt 4
sont 5
slnt 6
s6nt 7
chnt 8
s1yx 9
swdx 0
stdx 1
sxdx 2
sjdx 3
sldx 4
s6dx 5
c2dx 6
sovt 7
s6vt 8
s2vt 9
smvt 0
savt 1
civt 2
sg5 3
s2qj 4
shqj 5
scqj 6
smqj 7
caqj 8
skat 9
s5ox 0
spox 1
s8ox 2
c4ox 3
sjox 4
cqox 5
s9bx 6
swvt 7
s3bx 8
swux 9
ctux 0
slpj 1
snmq 2
s9mq 3
szmq 4
ssmq 5
symq 6
sdmq 7
s3mq 8
s1mq 9
swaq 0
ctaq 1
sw4 2
st4 3
cq4 4
sjpt 5
spft 6
s74t 7
sk4t 8
cb4t 9
smaj 0
slnj 1
s6nj 2
s2nj 3
shnj 4
scnj 5
smnj 6
canj 7
sv0 8
s50 9
s80 0
c40 1
s65t 2
s25t 3
sh5t 4
sc5t 5
sm5t 6
ca5t 7
sa1x 8
satx 9
ss0 0
shjj 1
scjj 2
cmjj 3
syy 4
sdy 5
s3y 6
s1y 7
sxd 8
cjd 9
syd 0
sflx 1
silx 2
s7lx 3
crlx 4
sq9j 5
sl9j 6
s69j 7
s29j 8
sh9j 9
sc9j 0
cm9j 1
skeq 2
sklj 3
snfx 4
szqj 5
svrq 6
s0rq 7
s5rq 8
sprq 9
c8rq 0
s31j 1
s89x 2
sq2q 3
shyq 4
scyq 5
smyq 6
sayq 7
sfyq 8
ciyq 9
s5z 0
swtt 1
sxtt 2
sqtt 3
cott 4
s2mt 5
spct 6
srct 7
ssrt 8
syrt 9
sdrt 0
s3rt 1
s1rt 2
cwkt 3
syut 4
sdut 5
s3ut 6
s1ut 7
stvt 8
cqvt 9
svmt 0
s5mt 1
c8mt 2
s62t 3
s22t 4
sh2t 5
cc2t 6
sfct 7
s0kt 8
spkt 9
s4kt 0
c9kt 1
s0sj 2
s5mq 3
snkq 4
s9kq 5
sgkq 6
szkq 7
sskq 8
sykq 9
sdkq 0
c3kq 1
s0rx 2
sprx 3
s8rx 4
s4rx 5
snrx 6
sgrx 7
szrx 8
ssrx 9
cyrx 0
sdst 1
sjot 2
sphx 3
su7x 4
sv7x 5
s07x 6
s57x 7
sp7x 8
c87x 9
smux 0
s1hj 1
swcj 2
stcj 3
sxcj 4
sjcj 5
sqcj 6
slcj 7
c6cj 8
si7x 9
s3sq 0
s1sq 1
swyq 2
styq 3
sxyq 4
sjyq 5
sqyq 6
soyq 7
slyq 8
s6yq 9
c2yq 0
srs 1
cks 2
s5ax 3
spax 4
s8ax 5
s4ax 6
s9ax 7
sgax 8
szax 9
csax 0
sab 1
snct 2
s6lx 3
chlx 4
s9xt 5
sb9x 6
su9x 7
sv9x 8
s09x 9
s59x 0
sp9x 1
sn9x 2
s99x 3
cg9x 4
se7 5
s77 6
sb7 7
su7 8
cv7 9
sztt 0
su2x 1
s52x 2
sp2x 3
s82x 4
s42x 5
cn2x 6
sist 7
sh2x 8
sc2x 9
cm2x 0
si0q 1
se0q 2
s70q 3
sr0q 4
sk0q 5
sb0q 6
su0q 7
sv0q 8
s00q 9
s50q 0
cp0q 1
s5ct 2
sfqt 3
sjux 4
suux 5
cj7j 6
s0rj 7
s5rj 8
sprj 9
s8rj 0
snrj 1
s9rj 2
sgrj 3
czrj 4
sd0j 5
s30j 6
sw5j 7
ct5j 8
s0jj 9
svtx 0
sa6j 1
sf6j 2
s76j 3
cr6j 4
sl9t 5
s69t 6
sc9t 7
sm9t 8
ci9t 9
skbt 0
sgxx 1
szxx 2
syxx 3
sdxx 4
s1xx 5
cwjx 6
sbxx 7
suxx 8
svxx 9
s8xx 0
snxx 1
c9xx 2
sd7t 3
snut 4
c9ut 5
sf8t 6
sk0j 7
sloq 8
swrx 9
sqiq 0
soiq 1
sliq 2
c6iq 3
sn5t 4
sw9t 5
s1lj 6
sw6j 7
st6j 8
sx6j 9
sj6j 0
sq6j 1
so6j 2
cl6j 3
sr8 4
s58 5
sp8 6
c48 7
svtt 8
s5lt 9
splt 0
s8lt 1
s4lt 2
snlt 3
sglt 4
sslt 5
sylt 6
cdlt 7
sj0x 8
svpx 9
s0px 0
s5px 1
sppx 2
s8px 3
s4px 4
cnpx 5
sjnx 6
sedj 7
s7dj 8
skdj 9
sbdj 0
cudj 1
s93t 2
sn3t 3
svtq 4
s9oq 5
szoq 6
csoq 7
s9ct 8
s85x 9
s45x 0
sn5x 1
c95x 2
sect 3
s7ct 4
ckct 5
szwx 6
sswx 7
s3wx 8
c1wx 9
sstt 0
sqdt 1
sodt 2
sldt 3
s2dt 4
ccdt 5
sejx 6
sfmx 7
cemx 8
s0bj 9
sdit 0
syzj 1
sdzj 2
s3zj 3
s1zj 4
cwsj 5
s0qt 6
skg 7
ccft 8
syjq 9
sdjq 0
s3jq 1
s1jq 2
swqq 3
stqq 4
cxqq 5
ss4x 6
s5bq 7
spbq 8
s8bq 9
s4bq 0
snbq 1
c9bq 2
spv 3
cgv 4
smdt 5
sadt 6
sfdt 7
cedt 8
s6ut 9
szyt 0
ssyt 1
syyt 2
sdyt 3
s3yt 4
swdt 5
stdt 6
cxdt 7
com 8
shfj 9
slkj 0
s6kj 1
s2kj 2
shkj 3
sckj 4
smkj 5
sakj 6
sfkj 7
sikj 8
sekj 9
c7kj 0
szgt 1
ssgt 2
sdgt 3
s3gt 4
sxzt 5
cjzt 6
sjyj 7
s1qq 8
stoq 9
sxoq 0
sjoq 1
sqoq 2
sooq 3
c6oq 4
s4ij 5
squx 6
sigj 7
segj 8
s7gj 9
crgj 0
s11t 1
spdx 2
sgwj 3
szwj 4
sswj 5
sywj 6
sdwj 7
s3wj 8
s1wj 9
swtj 0
sttj 1
cxtj 2
s6et 3
sgbx 4
szbx 5
ssbx 6
cybx 7
s43 8
shlt 9
sclt 0
smlt 1
calt 2
s6wj 3
s2wj 4
shwj 5
scwj 6
smwj 7
cawj 8
s0xj 9
sq1x 0
sqbj 1
sp4q 2
s84q 3
s44q 4
sn4q 5
c94q 6
sykj 7
se9q 8
s79q 9
sr9q 0
sk9q 1
sb9q 2
su9q 3
sv9q 4
s09q 5
c59q 6
sojt 7
swpt 8
stpt 9
sxpt 0
sqpt 1
s6pt 2
c2pt 3
clmt 4
saqt 5
slqt 6
ckht 7
si3 8
smft 9
saft 0
sfft 1
seft 2
s7ft 3
crft 4
sgsx 5
szsx 6
sssx 7
sysx 8
sdsx 9
s3sx 0
s1sx 1
swyx 2
ctyx 3
sjrx 4
s0ej 5
s5ej 6
spej 7
s8ej 8
s4ej 9
cnej 0
sy7x 1
sd7x 2
s17x 3
sxrx 4
cqrx 5
sv0t 6
s00t 7
s50t 8
sp0t 9
sn0t 0
cz0t 1
sry 2
stwt 3
sxwt 4
sqwt 5
clwt 6
sx9t 7
s67x 8
s27x 9
sh7x 0
sc7x 1
cm7x 2
c0et 3
s95 4
svvt 5
s0vt 6
c5vt 7
sjlt 8
sn6t 9
smex 0
sfex 1
ciex 2
ccjx 3
sjjt 4
s6jt 5
s2jt 6
shjt 7
smjt 8
cajt 9
cyiq 0
s24q 1
s46j 2
smcq 3
s3dq 4
s1dq 5
sw3q 6
ct3q 7
siht 8
snbt 9
c9bt 0
sudx 1
suwj 2
slcq 3
s6cq 4
s2cq 5
shcq 6
sccq 7
cacq 8
sdtt 9
sd4j 0
s34j 1
s14j 2
swnj 3
stnj 4
sxnj 5
sjnj 6
sqnj 7
conj 8
s6kt 9
shkt 0
cckt 1
s37t 2
so5j 3
s57q 4
s87q 5
c47q 6
sbcx 7
sujj 8
s7hq 9
srhq 0
skhq 1
cbhq 2
savx 3
sfvx 4
sivx 5
cevx 6
s1qj 7
sjlx 8
s42q 9
sn2q 0
s92q 1
sg2q 2
sz2q 3
ss2q 4
cy2q 5
scmx 6
smmx 7
camx 8
sqxj 9
slxj 0
s2xj 1
chxj 2
sahj 3
s72q 4
sr2q 5
sk2q 6
sb2q 7
su2q 8
sv2q 9
s02q 0
s52q 1
sp2q 2
c82q 3
s9ox 4
sgox 5
szox 6
ssox 7
syox 8
s3ox 9
s1ox 0
stlx 1
cxlx 2
s4zx 3
s3sj 4
s1sj 5
swyj 6
styj 7
sxyj 8
sqyj 9
soyj 0
clyj 1
srkj 2
skkj 3
sbkj 4
sukj 5
svkj 6
s0kj 7
s5kj 8
spkj 9
c8kj 0
sf4t 1
sksj 2
sbsj 3
susj 4
svsj 5
s5sj 6
spsj 7
c8sj 8
s5cq 9
spcq 0
s8cq 1
s4cq 2
sncq 3
s9cq 4
sgcq 5
szcq 6
sscq 7
sycq 8
cdcq 9
sglj 0
st6x 1
sldj 2
s6dj 3
s2dj 4
shdj 5
ccdj 6
s4dt 7
sefx 8
sent 9
sxyx 0
sjyx 1
slyx 2
s6yx 3
c2yx 4
s47t 5
sn7t 6
s97t 7
sz7t 8
sy7t 9
s17t 0
cwrt 1
sfcq 2
sicq 3
secq 4
s7cq 5
srcq 6
skcq 7
sbcq 8
sucq 9
svcq 0
c0cq 1
sctj 2
s3bj 3
swuj 4
stuj 5
sxuj 6
sjuj 7
squj 8
souj 9
sluj 0
s6uj 1
c2uj 2
sh4j 3
skgj 4
sbgj 5
sugj 6
svgj 7
s0gj 8
c5gj 9
s03x 0
s53x 1
sp3x 2
s83x 3
s43x 4
sn3x 5
c93x 6
smsx 7
snst 8
sbvq 9
suvq 0
svvq 1
c0vq 2
safx 3
s2ix 4
shix 5
scix 6
cmix 7
s68j 8
setj 9
sg3t 0
sozx 1
sryq 2
skyq 3
sbyq 4
cuyq 5
sf5j 6
s7sq 7
srsq 8
cksq 9
ssit 0
sabt 1
sfbt 2
sibt 3
sebt 4
s7bt 5
srbt 6
sbbt 7
cubt 8
ss5x 9
s94x 0
sg4x 1
sz4x 2
sy4x 3
c34x 4
seut 5
s7ut 6
cbut 7
sk0x 8
sfwj 9
sewj 0
s7wj 1
srwj 2
skwj 3
sbwj 4
svwj 5
c0wj 6
s4qx 7
sz8j 8
spnj 9
s8nj 0
s4nj 1
snnj 2
s9nj 3
cznj 4
sv4x 5
s54x 6
sp4x 7
s84x 8
s44x 9
cn4x 0
svcx 1
s5wj 2
spwj 3
s8wj 4
s4wj 5
snwj 6
c9wj 7
s78j 8
s7fx 9
siat 0
sv1x 1
sy2x 2
ssqq 3
syqq 4
sdqq 5
c3qq 6
sqhj 7
s3gq 8
s1gq 9
swzq 0
stzq 1
sxzq 2
sjzq 3
sqzq 4
sozq 5
slzq 6
s6zq 7
c2zq 8
s8oq 9
s8gq 0
s4gq 1
sngq 2
s9gq 3
sggq 4
szgq 5
ssgq 6
sygq 7
cdgq 8
s45t 9
ss5t 0
sd5t 1
c35t 2
sptt 3
s8tt 4
s4tt 5
cntt 6
sx1j 7
sj1j 8
so1j 9
sl1j 0
c61j 1
c3p 2
s19q 3
swgq 4
stgq 5
sxgq 6
sjgq 7
sqgq 8
sogq 9
slgq 0
c6gq 1
s9et 2
siyt 3
sn7x 4
sl0x 5
s60x 6
s20x 7
ch0x 8
cch 9
s75j 0
sr5j 1
ck5j 2
su1j 3
sv1j 4
s01j 5
s51j 6
s81j 7
s41j 8
sn1j 9
c91j 0
s14t 1
ctnt 2
ssst 3
syqj 4
sdqj 5
s3qj 6
swoj 7
ctoj 8
s28j 9
suxq 0
sj2q 1
co2q 2
sh3x 3
skpt 4
sg1j 5
sz1j 6
ss1j 7
sy1j 8
sd1j 9
s11j 0
swwq 1
stwq 2
sxwq 3
cjwq 4
sdqt 5
stot 6
sxot 7
coot 8
s7wq 9
srwq 0
skwq 1
sbwq 2
suwq 3
svwq 4
s0wq 5
s5wq 6
cpwq 7
smbx 8
sabx 9
sfbx 0
sibx 1
sebx 2
s7bx 3
srbx 4
cbbx 5
sozt 6
slzt 7
s2zt 8
chzt 9
s92t 0
sy2t 1
sd2t 2
s32t 3
cwht 4
so6t 5
smst 6
sast 7
sfst 8
s7st 9
srst 0
ckst 1
svst 2
s0st 3
s5st 4
cpst 5
saix 6
s3rx 7
s1rx 8
swkx 9
stkx 0
sqkx 1
sokx 2
clkx 3
s7rx 4
srrx 5
skrx 6
sbrx 7
surx 8
cvrx 9
slrx 0
s6rx 1
shrx 2
scrx 3
smrx 4
sarx 5
sfrx 6
cerx 7
shzx 8
smvj 9
savj 0
sfvj 1
sivj 2
sevj 3
s7vj 4
srvj 5
ckvj 6
stu 7
sju 8
slu 9
s2u 0
chu 1
sh8 2
sf8 3
si8 4
se8 5
c78 6
sr8q 7
sk8q 8
sb8q 9
su8q 0
sv8q 1
s08q 2
s58q 3
sp8q 4
s88q 5
s48q 6
cn8q 7
solq 8
su5x 9
s1kq 0
swbq 1
stbq 2
cxbq 3
sq6t 4
cl6t 5
sq2x 6
cl2x 7
sd2x 8
s32x 9
s12x 0
swhx 1
sxhx 2
sjhx 3
cqhx 4
secx 5
sa7x 6
ce7x 7
sj9t 8
s26j 9
ch6j 0
s8ex 1
s4ex 2
cnex 3
cnwq 4
c24t 5
sb6j 6
cu6j 7
s6sj 8
sktq 9
sbtq 0
cutq 1
s0tq 2
s5tq 3
sptq 4
c8tq 5
s4tq 6
sntq 7
s9tq 8
sgtq 9
sztq 0
sstq 1
cytq 2
siwx 3
sewx 4
s7wx 5
crwx 6
s96j 7
sl4x 8
sbpq 9
supq 0
svpq 1
s0pq 2
s5pq 3
cppq 4
sv6j 5
s06j 6
s56j 7
sp6j 8
s86j 9
sn6j 0
cg6j 1
sitx 2
setx 3
srtx 4
sktx 5
sbtx 6
s5tx 7
cptx 8
sxex 9
sjex 0
sqex 1
soex 2
s6ex 3
s2ex 4
shex 5
ccex 6
s2ut 7
so7j 8
sl7j 9
s27j 0
sh7j 1
sc7j 2
sm7j 3
ca7j 4
suhx 5
cvhx 6
s2tj 7
spij 8
s8ij 9
snij 0
s9ij 1
szij 2
ssij 3
syij 4
cdij 5
sk5x 6
sohj 7
slhj 8
s2hj 9
shhj 0
schj 1
cmhj 2
s25q 3
sh5q 4
sc5q 5
sm5q 6
sa5q 7
sf5q 8
si5q 9
se5q 0
s75q 1
sr5q 2
ck5q 3
si5x 4
se5x 5
sr5x 6
sv5x 7
s05x 8
c55x 9
sehj 0
s7hj 1
srhj 2
ckhj 3
s6gx 4
sulq 5
svlq 6
s0lq 7
s5lq 8
splq 9
s8lq 0
s4lq 1
cnlq 2
sqqt 3
soqt 4
s6qt 5
chqt 6
csct 7
sbox 8
cuox 9
s1lx 0
seyj 1
s7yj 2
sryj 3
skyj 4
cbyj 5
sp3t 6
s83t 7
c43t 8
sw6x 9
sx6x 0
sj6x 1
sq6x 2
sl6x 3
s26x 4
ch6x 5
s0hx 6
s5hx 7
s8hx 8
s4hx 9
snhx 0
s9hx 1
szhx 2
cshx 3
sbyt 4
sv6x 5
s06x 6
sp6x 7
s86x 8
c46x 9
cn9t 0
s32j 1
sa4x 2
s6aj 3
shaj 4
scaj 5
caaj 6
saht 7
sfht 8
c7ht 9
snaj 0
s9aj 1
sgaj 2
ssaj 3
sdaj 4
c3aj 5
sljq 6
ssnx 7
sh0q 8
sc0q 9
sm0q 0
sa0q 1
cf0q 2
sno 3
sycj 4
sdcj 5
s3cj 6
s1cj 7
swmj 8
ctmj 9
sxlq 0
sjlq 1
sqlq 2
sllq 3
c6lq 4
s1gj 5
s2lq 6
srlq 7
sklq 8
cblq 9
siy 0
s83 1
c93 2
sgd 3
ssht 4
syht 5
cdht 6
s53j 7
sg8j 8
s30q 9
s10q 0
cw5q 1
s4oq 2
sj5q 3
sq5q 4
co5q 5
siuq 6
seuq 7
s7uq 8
sruq 9
skuq 0
sbuq 1
suuq 2
svuq 3
c0uq 4
sfot 5
crot 6
s9tt 7
sgtt 8
s3tt 9
c1tt 0
seyt 1
s7yt 2
sryt 3
skyt 4
cvyt 5
seat 6
sybq 7
sdbq 8
c3bq 9
s4xt 0
cyxt 1
shdx 2
sb2j 3
su2j 4
sv2j 5
s02j 6
c52j 7
s45 8
sajx 9
sfjx 0
sijx 1
srjx 2
skjx 3
sbjx 4
cujx 5
sj2j 6
sq2j 7
so2j 8
sl2j 9
s62j 0
sh2j 1
sc2j 2
cf2j 3
sibq 4
sebq 5
s7bq 6
srbq 7
ckbq 8
s1ot 9
swlt 0
stlt 1
solt 2
sllt 3
c6lt 4
cu0x 5
sl8q 6
s68q 7
s28q 8
sh8q 9
sc8q 0
sm8q 1
sa8q 2
sf8q 3
si8q 4
se8q 5
c78q 6
cj7x 7
s46t 8
s96t 9
sg6t 0
ss6t 1
sy6t 2
cd6t 3
sc3t 4
cm3t 5
si7j 6
sz8q 7
ss8q 8
sy8q 9
cd8q 0
syit 1
c3it 2
s3lt 3
s1lt 4
st6t 5
cx6t 6
slyt 7
s6yt 8
s2yt 9
chyt 0
c01 1
s9wq 2
sgwq 3
czwq 4
smut 5
s1tx 6
cwxx 7
sf4q 8
s9nq 9
cgnq 0
sgo 1
czo 2
cfb 3
s6ux 4
s2ux 5
shux 6
scux 7
sfux 8
siux 9
seux 0
c7ux 1
skjj 2
sbjj 3
svjj 4
s5jj 5
spjj 6
c8jj 7
s2hq 8
shhq 9
schq 0
smhq 1
sahq 2
sfhq 3
sihq 4
cehq 5
skiq 6
sbiq 7
suiq 8
sviq 9
s0iq 0
s5iq 1
spiq 2
c8iq 3
swxt 4
cjxt 5
sk7j 6
sb7j 7
su7j 8
sv7j 9
s07j 0
c57j 1
slzx 2
sw4q 3
s2gq 4
shgq 5
scgq 6
smgq 7
cagq 8
st5 9
sc8j 0
sm8j 1
sa8j 2
sf8j 3
si8j 4
se8j 5
sr8j 6
sk8j 7
cb8j 8
sitj 9
c7tj 0
socx 1
slcx 2
s6cx 3
s2cx 4
cccx 5
s8hq 6
s4hq 7
snhq 8
s9hq 9
sghq 0
szhq 1
sshq 2
syhq 3
cdhq 4
soa 5
sha 6
cma 7
sidx 8
svnj 9
s0nj 0
c5nj 1
sltj 2
s6tj 3
shtj 4
smtj 5
catj 6
cj7 7
s0dt 8
s5dt 9
s8dt 0
sndt 1
sgdt 2
szdt 3
csdt 4
sjwj 5
sqwj 6
sowj 7
clwj 8
svbt 9
s0bt 0
s5bt 1
cpbt 2
s14x 3
swnx 4
stnx 5
sqnx 6
sonx 7
slnx 8
c2nx 9
sl5x 0
s65x 1
sh5x 2
sc5x 3
sm5x 4
ca5x 5
sbsq 6
susq 7
cvsq 8
s0sq 9
s5sq 0
spsq 1
s8sq 2
s4sq 3
snsq 4
s9sq 5
sgsq 6
szsq 7
sssq 8
cysq 9
s63j 0
s23j 1
sh3j 2
sc3j 3
sm3j 4
sa3j 5
cf3j 6
sh4t 7
s63x 8
s23x 9
cc3x 0
skft 1
sbft 2
cvft 3
sezx 4
s7zx 5
srzx 6
skzx 7
sbzx 8
suzx 9
svzx 0
s5zx 1
spzx 2
c8zx 3
slsx 4
s6sx 5
shsx 6
scsx 7
sasx 8
sfsx 9
sisx 0
sesx 1
c7sx 2
sezj 3
s7zj 4
srzj 5
skzj 6
sbzj 7
suzj 8
svzj 9
c0zj 0
s5et 1
spet 2
s4et 3
snet 4
sget 5
szet 6
sset 7
cyet 8
swjt 9
ctjt 0
s5at 1
s9lq 2
sglq 3
szlq 4
cslq 5
s82j 6
s42j 7
sn2j 8
s92j 9
sg2j 0
sz2j 1
ss2j 2
sy2j 3
cd2j 4
ss9j 5
sd9j 6
s39j 7
s19j 8
cwgj 9
snft 0
s9ft 1
cgft 2
scpq 3
smpq 4
sapq 5
sfpq 6
sipq 7
sepq 8
s7pq 9
srpq 0
ckpq 1
s9fx 2
cgfx 3
sh0t 4
sc0t 5
cm0t 6
snuj 7
sh5j 8
sc5j 9
sm5j 0
ca5j 1
stsj 2
sxsj 3
sjsj 4
sqsj 5
sosj 6
slsj 7
s2sj 8
chsj 9
s7at 0
sbat 1
cuat 2
sfxq 3
sixq 4
sexq 5
s7xq 6
srxq 7
skxq 8
sbxq 9
svxq 0
c0xq 1
cuy 2
c3ot 3
swjq 4
stjq 5
sjjq 6
sqjq 7
sojq 8
s6jq 9
c2jq 0
s3vj 1
s1vj 2
sw0j 3
st0j 4
sx0j 5
sj0j 6
cq0j 7
su8j 8
sv8j 9
s08j 0
s58j 1
sp8j 2
s88j 3
s48j 4
cn8j 5
szfx 6
syfx 7
cdfx 8
cdix 9
sflj 0
silj 1
selj 2
s7lj 3
srlj 4
sblj 5
culj 6
sltt 7
c6tt 8
chpt 9
s0nq 0
s5nq 1
spnq 2
s8nq 3
s4nq 4
cnnq 5
snpj 6
s9pj 7
sgpj 8
szpj 9
cspj 0
s4oj 1
snoj 2
s9oj 3
sgoj 4
czoj 5
sg4t 6
ss4t 7
sy4t 8
cd4t 9
c07q 0
s8st 1
sbht 2
cnox 3
siyx 4
sh7q 5
sc7q 6
sm7q 7
ca7q 8
sqxt 9
coxt 0
s2oj 1
choj 2
sp3j 3
s83j 4
cn3j 5
spoj 6
s6pj 7
s2pj 8
shpj 9
ccpj 0
srnj 1
s32q 2
s12q 3
swhq 4
sthq 5
cxhq 6
sdnx 7
skfj 8
sbfj 9
cvfj 0
sehx 1
sa4q 2
si4q 3
se4q 4
s74q 5
sr4q 6
sk4q 7
sb4q 8
cu4q 9
s2et 0
shet 1
ccet 2
si8t 3
se8t 4
s78t 5
sk8t 6
sb8t 7
c08t 8
s21t 9
sw2x 0
st2x 1
sx2x 2
cj2x 3
cuqt 4
smfq 5
safq 6
sffq 7
sifq 8
sefq 9
s7fq 0
srfq 1
ckfq 2
spd 3
csd 4
s5vq 5
spvq 6
s8vq 7
s4vq 8
snvq 9
s9vq 0
sgvq 1
szvq 2
csvq 3
schx 4
smhx 5
sahx 6
sfhx 7
sihx 8
srhx 9
skhx 0
cbhx 1
scpx 2
sl1x 3
s61x 4
s21x 5
sh1x 6
sc1x 7
sm1x 8
cf1x 9
sivq 0
sevq 1
c7vq 2
sicx 3
s7cx 4
crcx 5
s2cj 6
shcj 7
sccj 8
smcj 9
sacj 0
sfcj 1
cicj 2
sq0x 3
s3hq 4
s1hq 5
swcq 6
stcq 7
sxcq 8
sjcq 9
sqcq 0
cocq 1
s9nx 2
sznx 3
synx 4
s3nx 5
s1nx 6
sw9x 7
ct9x 8
co5 9
sucx 0
s5cx 1
cpcx 2
svg 3
s5g 4
cpg 5
szut 6
csut 7
smnt 8
cfnt 9
skdx 0
sbdx 1
svdx 2
s0dx 3
s5dx 4
c8dx 5
sr2x 6
sk2x 7
cb2x 8
sn5j 9
s95j 0
sg5j 1
cz5j 2
cpz 3
c3ax 4
srsx 5
sksx 6
cbsx 7
srmq 8
skmq 9
sbmq 0
sumq 1
svmq 2
s0mq 3
spmq 4
s8mq 5
c4mq 6
smdx 7
sadx 8
sfdx 9
sedx 0
s7dx 1
crdx 2
si1j 3
se1j 4
s71j 5
sr1j 6
sk1j 7
cb1j 8
cvr 9
stbj 0
sxbj 1
sjbj 2
sobj 3
slbj 4
s6bj 5
c2bj 6
c4a 7
s7f 8
ckf 9
sc0x 0
sm0x 1
sf0x 2
si0x 3
se0x 4
s70x 5
cb0x 6
s3cq 7
s1cq 8
swmq 9
ctmq 0
s6yj 1
s2yj 2
shyj 3
scyj 4
smyj 5
sayj 6
sfyj 7
ciyj 8
swzx 9
sxzx 0
sqzx 1
s6zx 2
c2zx 3
s4dx 4
cndx 5
se6q 6
s76q 7
sr6q 8
sk6q 9
sb6q 0
cv6q 1
sakt 2
skdq 3
sbdq 4
sudq 5
svdq 6
c0dq 7
c8f 8
sqgx 9
sogx 0
slgx 1
s2gx 2
chgx 3
s24x 4
si1x 5
se1x 6
s71x 7
sr1x 8
sk1x 9
sb1x 0
cu1x 1
sfy 2
sey 3
c7y 4
s61t 5
sinx 6
senx 7
c7nx 8
cke 9
c0aq 0
sc1j 1
c4aq 2
s4iq 3
spyq 4
c8yq 5
sgfq 6
szfq 7
ssfq 8
syfq 9
sdfq 0
c3fq 1
s5qx 2
sk9j 3
sb9j 4
cu9j 5
sz5 6
sohq 7
slhq 8
c6hq 9
sqsq 0
sosq 1
slsq 2
s6sq 3
s2sq 4
shsq 5
scsq 6
smsq 7
casq 8
s54j 9
sp4j 0
s84j 1
s44j 2
sn4j 3
s94j 4
sz4j 5
cy4j 6
sjhq 7
cqhq 8
czct 9
sd9x 0
cd2q 1
srpt 2
sbpt 3
svpt 4
c5pt 5
s5hq 6
sf7q 7
si7q 8
se7q 9
s77q 0
sr7q 1
sk7q 2
sb7q 3
su7q 4
cv7q 5
c6wt 6
sjlj 7
cqlj 8
solj 9
sllj 0
s6lj 1
s2lj 2
chlj 3
s1rq 4
swkq 5
stkq 6
sxkq 7
cjkq 8
skyx 9
ce5j 0
sznq 1
ssnq 2
synq 3
sdnq 4
s3nq 5
s1nq 6
sw9q 7
ct9q 8
c12j 9
clq 0
s4st 1
sgst 2
syst 3
c3st 4
cbjt 5
s8uj 6
s9uj 7
sguj 8
ssuj 9
syuj 0
cduj 1
sl4q 2
s64q 3
sh4q 4
sc4q 5
cm4q 6
ch1t 7
sx8q 8
sj8q 9
sq8q 0
co8q 1
sqmj 2
somj 3
slmj 4
c2mj 5
cilt 6
cs5 7
cewq 8
srvq 9
ckvq 0
sdmj 1
s3mj 2
s1mj 3
swaj 4
staj 5
sjaj 6
sqaj 7
soaj 8
claj 9
s5oq 0
spoq 1
cnoq 2
sxpq 3
sjpq 4
sqpq 5
sopq 6
slpq 7
s6pq 8
s2pq 9
chpq 0
s6b 1
c2b 2
sf7j 3
s77j 4
cr7j 5
shyx 6
smyx 7
sfyx 8
seyx 9
s7yx 0
cryx 1
sifx 2
suij 3
sbej 4
suej 5
cvej 6
sb5q 7
su5q 8
sv5q 9
s05q 0
s55q 1
sp5q 2
s85q 3
c45q 4
ssoj 5
syoj 6
sdoj 7
s3oj 8
s1oj 9
swlj 0
stlj 1
cxlj 2
s30t 3
s10t 4
sw5t 5
st5t 6
cj5t 7
svqx 8
cpqx 9
s4yt 0
smjq 1
cajq 2
cq7j 3
sqlx 4
solx 5
cllx 6
shtx 7
cmlx 8
szxq 9
ssxq 0
syxq 1
sdxq 2
s3xq 3
c1xq 4
sjrj 5
sqrj 6
sorj 7
slrj 8
s6rj 9
s2rj 0
shrj 1
scrj 2
cmrj 3
s3vq 4
s1vq 5
sw0q 6
st0q 7
sx0q 8
sj0q 9
sq0q 0
so0q 1
cl0q 2
syvq 3
cdvq 4
s2px 5
caxq 6
shmj 7
scmj 8
smmj 9
samj 0
cfmj 1
sxmj 2
cjmj 3
cskj 4
szpq 5
sspq 6
sypq 7
sdpq 8
s3pq 9
s1pq 0
sw8q 1
ct8q 2
subj 3
svbj 4
c5bj 5
sz3t 6
cs3t 7
ssuq 8
syuq 9
sduq 0
s3uq 1
s1uq 2
swvq 3
stvq 4
cxvq 5
s47x 6
s5xj 7
sdhj 8
c3hj 9
ss9x 0
c8hj 1
cncx 2
su1t 3
cv1t 4
s4hj 5
snhj 6
s9hj 7
sghj 8
szhj 9
sshj 0
cyhj 1
sanq 2
sfnq 3
cinq 4
senq 5
s7nq 6
srnq 7
sknq 8
sbnq 9
sunq 0
cvnq 1
szmx 2
ssmx 3
symx 4
sdmx 5
c3mx 6
cuht 7
smfx 8
sffx 9
crfx 0
s3ix 1
s1ix 2
swex 3
ctex 4
scgt 5
sfgt 6
cegt 7
so7x 8
cl7x 9
c6mt 0
c4nt 1
sx9q 2
sj9q 3
sq9q 4
so9q 5
sl9q 6
c69q 7
sh1j 8
sm1j 9
sa1j 0
cf1j 1
srux 2
skux 3
c0ux 4
sout 5
slut 6
shut 7
scut 8
caut 9
cd3 0
ca8t 1
sfgq 2
sigq 3
segq 4
s7gq 5
srgq 6
ckgq 7
s4qj 8
snqj 9
s9qj 0
sgqj 1
csqj 2
ch8j 3
sq4x 4
s4jj 5
c9jj 6
sajj 7
sfjj 8
cejj 9
sfeq 0
sieq 1
seeq 2
s7eq 3
sreq 4
cbeq 5
co0x 6
svxj 7
cpxj 8
s80x 9
sn0x 0
s90x 1
sg0x 2
sz0x 3
ss0x 4
cy0x 5
sf3 6
ce3 7
sjtj 8
sqtj 9
cotj 0
st4x 1
sx4x 2
s64x 3
ch4x 4
sc4x 5
sf4x 6
si4x 7
se4x 8
c74x 9
s4yq 0
snyq 1
c9yq 2
sz9x 3
sy9x 4
s39x 5
s19x 6
swgx 7
stgx 8
cxgx 9
syax 0
cdax 1
s3u 2
sg3x 3
sz3x 4
cs3x 5
cvrt 6
sgyq 7
szyq 8
ssyq 9
syyq 0
sdyq 1
c3yq 2
s60q 3
sqdq 4
sodq 5
sldq 6
s6dq 7
s2dq 8
chdq 9
scdq 0
smdq 1
sadq 2
sfdq 3
sidq 4
sedq 5
s7dq 6
crdq 7
sagx 8
cfgx 9
suyj 0
svyj 1
s0yj 2
s5yj 3
spyj 4
c8yj 5
sfaq 6
siaq 7
seaq 8
s7aq 9
sraq 0
skaq 1
cbaq 2
sbot 3
sloj 4
c6oj 5
scij 6
cmij 7
sqkt 8
sfhj 9
cihj 0
shuj 1
smuj 2
sfuj 3
ciuj 4
suct 5
cfkt 6
sugx 7
svgx 8
s0gx 9
s5gx 0
spgx 1
c8gx 2
sziq 3
csiq 4
sniq 5
s9iq 6
cgiq 7
s29q 8
ch9q 9
s5uq 0
spuq 1
s8uq 2
s4uq 3
snuq 4
s9uq 5
cguq 6
scfj 7
sffj 8
sifj 9
cefj 0
svqt 1
s5qt 2
s8qt 3
s4qt 4
snqt 5
c9qt 6
swwx 7
stwx 8
sxwx 9
sjwx 0
sqwx 1
cowx 2
svnt 3
s5nt 4
cpnt 5
sost 6
s64j 7
s24j 8
sc4j 9
cm4j 0
semq 1
s4rq 2
snrq 3
s9rq 4
sgrq 5
szrq 6
csrq 7
sbfq 8
sufq 9
svfq 0
s0fq 1
s5fq 2
spfq 3
s8fq 4
c4fq 5
sfnj 6
sinj 7
senj 8
s7nj 9
sknj 0
sbnj 1
cunj 2
szv 3
ssv 4
cyv 5
shqx 6
scqx 7
smqx 8
saqx 9
cfqx 0
s77t 1
sr7t 2
cb7t 3
se9j 4
s79j 5
cr9j 6
sd6q 7
s36q 8
s16q 9
sw2q 0
st2q 1
cx2q 2
sp9j 3
s89j 4
sn9j 5
s99j 6
sg9j 7
cz9j 8
s9lj 9
szlj 0
sslj 1
sylj 2
sdlj 3
c3lj 4
s5zq 5
spzq 6
s8zq 7
s4zq 8
snzq 9
c9zq 0
svlj 1
s0lj 2
s5lj 3
splj 4
s8lj 5
s4lj 6
cnlj 7
sf8x 8
si8x 9
se8x 0
c78x 1
cm6j 2
s5xq 3
spxq 4
s8xq 5
s4xq 6
snxq 7
s9xq 8
cgxq 9
svbq 0
c0bq 1
sltx 2
s6tx 3
s2tx 4
sctx 5
cftx 6
sfix 7
siix 8
c7ix 9
scsj 0
smsj 1
sasj 2
sfsj 3
sisj 4
sesj 5
s7sj 6
crsj 7
sc4t 8
si4t 9
ce4t 0
stxx 1
cxxx 2
soij 3
slij 4
s6ij 5
s2ij 6
chij 7
sozj 8
slzj 9
s6zj 0
s2zj 1
shzj 2
cczj 3
smdj 4
sadj 5
sfdj 6
cidj 7
svyq 8
s0yq 9
c5yq 0
sa9j 1
sf9j 2
ci9j 3
cpat 4
sx5j 5
sj5j 6
sq5j 7
s65j 8
c25j 9
cd0 0
svgq 1
s0gq 2
s5gq 3
cpgq 4
c0ct 5
slst 6
s6st 7
ccst 8
sqkj 9
cokj 0
sq4q 1
co4q 2
s38q 3
s18q 4
st4q 5
sx4q 6
cj4q 7
skot 8
suot 9
c0ot 0
stdq 1
sxdq 2
cjdq 3
s7fj 4
crfj 5
ssbj 6
sybj 7
cdbj 8
sclj 9
st5q 0
cx5q 1
suoj 2
s5oj 3
c8oj 4
sawq 5
swuq 6
stuq 7
sxuq 8
cjuq 9
scax 0
smax 1
saax 2
cfax 3
suhq 4
svhq 5
s0hq 6
cphq 7
s97x 8
cz7x 9
s7jj 0
crjj 1
slaq 2
s6aq 3
s2aq 4
chaq 5
cueq 6
s1iq 7
sweq 8
steq 9
cxeq 0
s2iq 1
shiq 2
cciq 3
s9px 4
cgpx 5
shpx 6
cmpx 7
cvjt 8
sl5q 9
c65q 0
st9t 1
cq9t 2
s3kj 3
cwbj 4
shlq 5
sclq 6
smlq 7
salq 8
cflq 9
cbhj 0
sgqt 1
czqt 2
cdtq 3
sx6q 4
cj6q 5
srej 6
s98j 7
cy8j 8
sr0j 9
sb0j 0
cv0j 1
siqt 2
c7qt 3
s0yt 4
spyt 5
s8yt 6
cnyt 7
cwv 8
ckcx 9
so4 0
sl4 1
c64 2
sbgq 3
cugq 4
s77x 5
cr7x 6
s0kq 7
s5kq 8
spkq 9
s8kq 0
c4kq 1
si0j 2
se0j 3
c70j 4
sppt 5
c8pt 6
simq 7
c7mq 8
sqaq 9
coaq 0
sn5q 1
c95q 2
smaq 3
caaq 4
s9at 5
szat 6
cyat 7
suaq 8
cvaq 9
sgvj 0
szvj 1
syvj 2
cdvj 3
s1px 4
sw8x 5
st8x 6
cx8x 7
sxzj 8
cjzj 9
sg5x 0
sy5x 1
cd5x 2
ctzj 3
svij 4
s0ij 5
c5ij 6
s3d 7
s1d 8
cw3 9
smiq 0
caiq 1
siiq 2
seiq 3
s7iq 4
criq 5
clkt 6
cmkt 7
cy5j 8
shbt 9
scbt 0
cmbt 1
sgeq 2
szeq 3
sseq 4
syeq 5
cdeq 6
sxux 7
coux 8
seuj 9
s7uj 0
sruj 1
cbuj 2
curq 3
c9yt 4
cxmq 5
cgwx 6
caij 7
cftj 8
sktj 9
sbtj 0
sutj 1
cvtj 2
sfaj 3
siaj 4
ceaj 5
sxoj 6
sqoj 7
cooj 8
sq6q 9
so6q 0
sl6q 1
c66q 2
calj 3
s1yq 4
cwdq 5
crqt 6
c20q 7
sthj 8
sxhj 9
cjhj 0
silq 1
selq 2
c7lq 3
smzj 4
sazj 5
sfzj 6
cizj 7
cnqx 8
sjqq 9
sqqq 0
coqq 1
swiq 2
stiq 3
sxiq 4
cjiq 5
crnt 6
cdyx 7
sbyx 8
suyx 9
cvyx 0
sv9j 1
s09j 2
c59j 3
cs7x 4
seej 5
s7ej 6
ckej 7
sdiq 8
c3iq 9
cdsq 0
shjq 1
ccjq 2
s5aq 3
spaq 4
c8aq 5
sfsq 6
sisq 7
cesq 8
ctx 9
ci5j 0
shzq 1
sczq 2
smzq 3
cazq 4
scxq 5
cmxq 6
sfwq 7
ciwq 8
ccnt 9
sc9q 0
cm9q 1
sgsj 2
szsj 3
cssj 4
ci9q 5
cbvj 6
cust 7
surj 8
cvrj 9
shnq 0
scnq 1
cmnq 2
cxaq 3
csy 4
cs5j 5
ckv 6
s98q 7
cg8q 8
syrq 9
sdrq 0
c3rq 1
cgpq 2
snpq 3
c9pq 4
sgbq 5
szbq 6
csbq 7
cp2j 8
s4sj 9
snsj 0
c9sj 1
cp5x 2
ckkx 3
sv4q 4
c04q 5
chmt 6
snfq 7
c9fq 8
sxxj 9
cjxj 0
c1bq 1
s8pq 2
c4pq 3
cgmx 4
sawt 5
cfwt 6
czuq 7
ca9q 8
seyq 9
c7yq 0
cf9q 1
cwzj 2
cfcx 3
cj8x 4
c1fq 5
s8wq 6
c4wq 7
sysj 8
cdsj 9
syix 0
sgjj 1
s8qj 2
ssrj 3
sqzj 4
s3tq 5
sjaq 6
s04 7
s54q 8
